调度器启动，按 Ctrl+C 退出...
2025-05-19 18:50:16.437435
HCTI
https://cn.tradingview.com/chart/Iauyrdyx/?symbol=NASDAQ%3AHCTI
https://finance.yahoo.com/quote/HCTI/
HKPD
https://cn.tradingview.com/chart/Iauyrdyx/?symbol=NASDAQ%3AHKPD
https://finance.yahoo.com/quote/HKPD/
SXTC
https://cn.tradingview.com/chart/Iauyrdyx/?symbol=NASDAQ%3ASXTC
https://finance.yahoo.com/quote/SXTC/
PLRZ
https://cn.tradingview.com/chart/Iauyrdyx/?symbol=NASDAQ%3APLRZ
https://finance.yahoo.com/quote/PLRZ/
MOVE
https://cn.tradingview.com/chart/Iauyrdyx/?symbol=NASDAQ%3AMOVE
https://finance.yahoo.com/quote/MOVE/
ABP
https://cn.tradingview.com/chart/Iauyrdyx/?symbol=NASDAQ%3AABP
https://finance.yahoo.com/quote/ABP/
NVAX
https://cn.tradingview.com/chart/Iauyrdyx/?symbol=NASDAQ%3ANVAX
https://finance.yahoo.com/quote/NVAX/
TRNR
https://cn.tradingview.com/chart/Iauyrdyx/?symbol=NASDAQ%3ATRNR
https://finance.yahoo.com/quote/TRNR/
XAIR
https://cn.tradingview.com/chart/Iauyrdyx/?symbol=NASDAQ%3AXAIR
https://finance.yahoo.com/quote/XAIR/
2025-05-19 18:51:15.983440
2025-05-19 18:52:15.939983
2025-05-19 18:53:16.374467
CGBS
https://cn.tradingview.com/chart/Iauyrdyx/?symbol=NASDAQ%3ACGBS
https://finance.yahoo.com/quote/CGBS/
2025-05-19 18:54:15.929914
2025-05-19 18:55:15.976239
2025-05-19 18:56:16.299805
2025-05-19 18:57:15.926390
2025-05-19 18:58:15.910329
调度器已关闭
调度器启动，按 Ctrl+C 退出...
2025-05-19 18:59:49.784616
HKPD
https://cn.tradingview.com/chart/Iauyrdyx/?symbol=NASDAQ%3AHKPD
https://finance.yahoo.com/quote/HKPD/
HCTI
https://cn.tradingview.com/chart/Iauyrdyx/?symbol=NASDAQ%3AHCTI
https://finance.yahoo.com/quote/HCTI/
SXTC
https://cn.tradingview.com/chart/Iauyrdyx/?symbol=NASDAQ%3ASXTC
https://finance.yahoo.com/quote/SXTC/
PLRZ
https://cn.tradingview.com/chart/Iauyrdyx/?symbol=NASDAQ%3APLRZ
https://finance.yahoo.com/quote/PLRZ/
MOVE
https://cn.tradingview.com/chart/Iauyrdyx/?symbol=NASDAQ%3AMOVE
https://finance.yahoo.com/quote/MOVE/
SOC
https://cn.tradingview.com/chart/Iauyrdyx/?symbol=NASDAQ%3ASOC
https://finance.yahoo.com/quote/SOC/
NVAX
https://cn.tradingview.com/chart/Iauyrdyx/?symbol=NASDAQ%3ANVAX
https://finance.yahoo.com/quote/NVAX/
GNLN
https://cn.tradingview.com/chart/Iauyrdyx/?symbol=NASDAQ%3AGNLN
https://finance.yahoo.com/quote/GNLN/
2025-05-19 19:00:49.459861
2025-05-19 19:01:49.459961
2025-05-19 19:02:49.264428
BCLI
https://cn.tradingview.com/chart/Iauyrdyx/?symbol=NASDAQ%3ABCLI
https://finance.yahoo.com/quote/BCLI/
2025-05-19 19:03:49.306437
2025-05-19 19:04:49.431254
SONM
https://cn.tradingview.com/chart/Iauyrdyx/?symbol=NASDAQ%3ASONM
https://finance.yahoo.com/quote/SONM/
2025-05-19 19:05:49.306446
2025-05-19 19:06:49.346030
ABP
https://cn.tradingview.com/chart/Iauyrdyx/?symbol=NASDAQ%3AABP
https://finance.yahoo.com/quote/ABP/
2025-05-19 19:07:49.333478
2025-05-19 19:08:49.284937
2025-05-19 19:09:49.336579
2025-05-19 19:10:49.422598
2025-05-19 19:11:49.396265
2025-05-19 19:12:49.351196
2025-05-19 19:13:49.259879
2025-05-19 19:14:49.444100
GUTS
https://cn.tradingview.com/chart/Iauyrdyx/?symbol=NASDAQ%3AGUTS
https://finance.yahoo.com/quote/GUTS/
2025-05-19 19:15:49.275754
2025-05-19 19:16:49.508592
2025-05-19 19:17:49.462657
2025-05-19 19:18:49.307923
2025-05-19 19:19:49.310454
2025-05-19 19:20:49.331159
2025-05-19 19:21:49.613694
2025-05-19 19:22:49.266512
2025-05-19 19:23:49.432499
2025-05-19 19:24:50.417161
NAOV
https://cn.tradingview.com/chart/Iauyrdyx/?symbol=NASDAQ%3ANAOV
https://finance.yahoo.com/quote/NAOV/
2025-05-19 19:25:49.619238
2025-05-19 19:26:49.714645
2025-05-19 19:27:49.365396
SYTA
https://cn.tradingview.com/chart/Iauyrdyx/?symbol=NASDAQ%3ASYTA
https://finance.yahoo.com/quote/SYTA/
2025-05-19 19:28:49.412265
2025-05-19 19:29:49.365446
2025-05-19 19:30:49.366127
2025-05-19 19:31:49.503738
2025-05-19 19:32:49.631266
调度器已关闭
调度器启动，按 Ctrl+C 退出...
2025-05-19 19:34:28.730970
HCTI
https://cn.tradingview.com/chart/zbv9c92p/?symbol=NASDAQ%3AHCTI
https://finance.yahoo.com/quote/HCTI/
BCLI
https://cn.tradingview.com/chart/zbv9c92p/?symbol=NASDAQ%3ABCLI
https://finance.yahoo.com/quote/BCLI/
HKPD
https://cn.tradingview.com/chart/zbv9c92p/?symbol=NASDAQ%3AHKPD
https://finance.yahoo.com/quote/HKPD/
PLRZ
https://cn.tradingview.com/chart/zbv9c92p/?symbol=NASDAQ%3APLRZ
https://finance.yahoo.com/quote/PLRZ/
SXTC
https://cn.tradingview.com/chart/zbv9c92p/?symbol=NASDAQ%3ASXTC
https://finance.yahoo.com/quote/SXTC/
MOVE
https://cn.tradingview.com/chart/zbv9c92p/?symbol=NASDAQ%3AMOVE
https://finance.yahoo.com/quote/MOVE/
GUTS
https://cn.tradingview.com/chart/zbv9c92p/?symbol=NASDAQ%3AGUTS
https://finance.yahoo.com/quote/GUTS/
SOC
https://cn.tradingview.com/chart/zbv9c92p/?symbol=NASDAQ%3ASOC
https://finance.yahoo.com/quote/SOC/
ABP
https://cn.tradingview.com/chart/zbv9c92p/?symbol=NASDAQ%3AABP
https://finance.yahoo.com/quote/ABP/
2025-05-19 19:35:28.704778
2025-05-19 19:36:28.530175
NAOV
https://cn.tradingview.com/chart/zbv9c92p/?symbol=NASDAQ%3ANAOV
https://finance.yahoo.com/quote/NAOV/
2025-05-19 19:37:28.663951
2025-05-19 19:38:28.508034
2025-05-19 19:39:28.864841
2025-05-19 19:40:28.564172
2025-05-19 19:41:28.659580
2025-05-19 19:42:28.646558
2025-05-19 19:43:28.664899
2025-05-19 19:44:28.674407
2025-05-19 19:45:28.622675
2025-05-19 19:46:28.989423
PTIX
https://cn.tradingview.com/chart/zbv9c92p/?symbol=NASDAQ%3APTIX
https://finance.yahoo.com/quote/PTIX/
NVAX
https://cn.tradingview.com/chart/zbv9c92p/?symbol=NASDAQ%3ANVAX
https://finance.yahoo.com/quote/NVAX/
2025-05-19 19:47:28.705945
2025-05-19 19:48:28.485461
2025-05-19 19:49:28.689486
2025-05-19 19:50:28.649542
2025-05-19 19:51:28.834762
2025-05-19 19:52:28.651108
2025-05-19 19:53:28.674295
2025-05-19 19:54:28.677774
2025-05-19 19:55:28.736949
2025-05-19 19:56:28.630544
2025-05-19 19:57:28.572498
2025-05-19 19:58:28.569392
SONM
https://cn.tradingview.com/chart/zbv9c92p/?symbol=NASDAQ%3ASONM
https://finance.yahoo.com/quote/SONM/
2025-05-19 19:59:28.642352
2025-05-19 20:00:28.883646
2025-05-19 20:01:28.824208
2025-05-19 20:02:28.758983
FAAS
https://cn.tradingview.com/chart/zbv9c92p/?symbol=NASDAQ%3AFAAS
https://finance.yahoo.com/quote/FAAS/
BKYI
https://cn.tradingview.com/chart/zbv9c92p/?symbol=NASDAQ%3ABKYI
https://finance.yahoo.com/quote/BKYI/
2025-05-19 20:03:28.547384
2025-05-19 20:04:28.679588
ARMP
https://cn.tradingview.com/chart/zbv9c92p/?symbol=NASDAQ%3AARMP
https://finance.yahoo.com/quote/ARMP/
2025-05-19 20:05:28.692945
2025-05-19 20:06:28.584068
VSTE
https://cn.tradingview.com/chart/zbv9c92p/?symbol=NASDAQ%3AVSTE
https://finance.yahoo.com/quote/VSTE/
2025-05-19 20:07:28.598041
2025-05-19 20:08:28.828228
2025-05-19 20:09:28.724144
2025-05-19 20:10:28.544584
2025-05-19 20:11:28.551038
2025-05-19 20:12:28.584069
2025-05-19 20:13:28.720466
2025-05-19 20:14:28.556964
2025-05-19 20:15:28.541033
2025-05-19 20:16:28.989567
OMH
https://cn.tradingview.com/chart/zbv9c92p/?symbol=NASDAQ%3AOMH
https://finance.yahoo.com/quote/OMH/
2025-05-19 20:17:29.056077
2025-05-19 20:18:28.545232
2025-05-19 20:19:28.590595
2025-05-19 20:20:29.482331
2025-05-19 20:21:28.656581
2025-05-19 20:22:28.579351
2025-05-19 20:23:29.282828
2025-05-19 20:24:28.595282
2025-05-19 20:25:28.557312
2025-05-19 20:26:28.727007
2025-05-19 20:27:28.759285
2025-05-19 20:28:28.643535
2025-05-19 20:29:28.597874
2025-05-19 20:30:28.716211
2025-05-19 20:31:28.603536
2025-05-19 20:32:28.843926
PRME
https://cn.tradingview.com/chart/zbv9c92p/?symbol=NASDAQ%3APRME
https://finance.yahoo.com/quote/PRME/
DTSS
https://cn.tradingview.com/chart/zbv9c92p/?symbol=NASDAQ%3ADTSS
https://finance.yahoo.com/quote/DTSS/
2025-05-19 20:33:28.690798
2025-05-19 20:34:28.714333
2025-05-19 20:35:28.813533
2025-05-19 20:36:29.001204
2025-05-19 20:37:28.883475
2025-05-19 20:38:28.838829
2025-05-19 20:39:28.743747
2025-05-19 20:40:28.554258
2025-05-19 20:41:28.719565
2025-05-19 20:42:28.986017
2025-05-19 20:43:28.704410
2025-05-19 20:44:28.709086
2025-05-19 20:45:28.915612
2025-05-19 20:46:29.187062
2025-05-19 20:47:28.784604
2025-05-19 20:48:28.762399
2025-05-19 20:49:28.641486
2025-05-19 20:50:29.161755
2025-05-19 20:51:28.604254
2025-05-19 20:52:28.875554
2025-05-19 20:53:29.104070
2025-05-19 20:54:29.372395
2025-05-19 20:55:28.819969
2025-05-19 20:56:28.763375
2025-05-19 20:57:28.622472
2025-05-19 20:58:28.798621
2025-05-19 20:59:28.948601
2025-05-19 21:00:29.127781
2025-05-19 21:01:28.589953
2025-05-19 21:02:28.732472
2025-05-19 21:03:29.243251
2025-05-19 21:04:28.531054
2025-05-19 21:05:29.391766
2025-05-19 21:06:28.796804
2025-05-19 21:07:28.659726
2025-05-19 21:08:29.040094
2025-05-19 21:09:28.578897
2025-05-19 21:10:30.390378
2025-05-19 21:11:28.969012
2025-05-19 21:12:28.643310
2025-05-19 21:13:28.769582
2025-05-19 21:14:29.337349
2025-05-19 21:15:29.524529
2025-05-19 21:16:28.887381
2025-05-19 21:17:28.644654
2025-05-19 21:18:28.875604
2025-05-19 21:19:28.786694
2025-05-19 21:20:29.088477
2025-05-19 21:21:29.369696
2025-05-19 21:22:28.917008
2025-05-19 21:23:28.947451
2025-05-19 21:24:28.823550
2025-05-19 21:25:29.140488
2025-05-19 21:26:28.824853
2025-05-19 21:27:28.951641
2025-05-19 21:28:29.074158
2025-05-19 21:29:28.899391
2025-05-19 21:30:29.124960
INZY
https://cn.tradingview.com/chart/zbv9c92p/?symbol=NASDAQ%3AINZY
https://finance.yahoo.com/quote/INZY/
SYTA
https://cn.tradingview.com/chart/zbv9c92p/?symbol=NASDAQ%3ASYTA
https://finance.yahoo.com/quote/SYTA/
TSSI
https://cn.tradingview.com/chart/zbv9c92p/?symbol=NASDAQ%3ATSSI
https://finance.yahoo.com/quote/TSSI/
AMST
https://cn.tradingview.com/chart/zbv9c92p/?symbol=NASDAQ%3AAMST
https://finance.yahoo.com/quote/AMST/
CAPS
https://cn.tradingview.com/chart/zbv9c92p/?symbol=NASDAQ%3ACAPS
https://finance.yahoo.com/quote/CAPS/
SPCE
https://cn.tradingview.com/chart/zbv9c92p/?symbol=NASDAQ%3ASPCE
https://finance.yahoo.com/quote/SPCE/
QUBT
https://cn.tradingview.com/chart/zbv9c92p/?symbol=NASDAQ%3AQUBT
https://finance.yahoo.com/quote/QUBT/
ATPC
https://cn.tradingview.com/chart/zbv9c92p/?symbol=NASDAQ%3AATPC
https://finance.yahoo.com/quote/ATPC/
KIDZ
https://cn.tradingview.com/chart/zbv9c92p/?symbol=NASDAQ%3AKIDZ
https://finance.yahoo.com/quote/KIDZ/
EVLV
https://cn.tradingview.com/chart/zbv9c92p/?symbol=NASDAQ%3AEVLV
https://finance.yahoo.com/quote/EVLV/
RYET
https://cn.tradingview.com/chart/zbv9c92p/?symbol=NASDAQ%3ARYET
https://finance.yahoo.com/quote/RYET/
BTM
https://cn.tradingview.com/chart/zbv9c92p/?symbol=NASDAQ%3ABTM
https://finance.yahoo.com/quote/BTM/
ACOG
https://cn.tradingview.com/chart/zbv9c92p/?symbol=NASDAQ%3AACOG
https://finance.yahoo.com/quote/ACOG/
CETX
https://cn.tradingview.com/chart/zbv9c92p/?symbol=NASDAQ%3ACETX
https://finance.yahoo.com/quote/CETX/
ACAD
https://cn.tradingview.com/chart/zbv9c92p/?symbol=NASDAQ%3AACAD
https://finance.yahoo.com/quote/ACAD/
TGEN
https://cn.tradingview.com/chart/zbv9c92p/?symbol=NASDAQ%3ATGEN
https://finance.yahoo.com/quote/TGEN/
ELPW
https://cn.tradingview.com/chart/zbv9c92p/?symbol=NASDAQ%3AELPW
https://finance.yahoo.com/quote/ELPW/
BTCS
https://cn.tradingview.com/chart/zbv9c92p/?symbol=NASDAQ%3ABTCS
https://finance.yahoo.com/quote/BTCS/
APLD
https://cn.tradingview.com/chart/zbv9c92p/?symbol=NASDAQ%3AAPLD
https://finance.yahoo.com/quote/APLD/
ARQQ
https://cn.tradingview.com/chart/zbv9c92p/?symbol=NASDAQ%3AARQQ
https://finance.yahoo.com/quote/ARQQ/
LICN
https://cn.tradingview.com/chart/zbv9c92p/?symbol=NASDAQ%3ALICN
https://finance.yahoo.com/quote/LICN/
CIFR
https://cn.tradingview.com/chart/zbv9c92p/?symbol=NASDAQ%3ACIFR
https://finance.yahoo.com/quote/CIFR/
AP
https://cn.tradingview.com/chart/zbv9c92p/?symbol=NASDAQ%3AAP
https://finance.yahoo.com/quote/AP/
TNXP
https://cn.tradingview.com/chart/zbv9c92p/?symbol=NASDAQ%3ATNXP
https://finance.yahoo.com/quote/TNXP/
CDTX
https://cn.tradingview.com/chart/zbv9c92p/?symbol=NASDAQ%3ACDTX
https://finance.yahoo.com/quote/CDTX/
EBS
https://cn.tradingview.com/chart/zbv9c92p/?symbol=NASDAQ%3AEBS
https://finance.yahoo.com/quote/EBS/
SPRU
https://cn.tradingview.com/chart/zbv9c92p/?symbol=NASDAQ%3ASPRU
https://finance.yahoo.com/quote/SPRU/
VEEA
https://cn.tradingview.com/chart/zbv9c92p/?symbol=NASDAQ%3AVEEA
https://finance.yahoo.com/quote/VEEA/
LXEO
https://cn.tradingview.com/chart/zbv9c92p/?symbol=NASDAQ%3ALXEO
https://finance.yahoo.com/quote/LXEO/
ESGL
https://cn.tradingview.com/chart/zbv9c92p/?symbol=NASDAQ%3AESGL
https://finance.yahoo.com/quote/ESGL/
LAZR
https://cn.tradingview.com/chart/zbv9c92p/?symbol=NASDAQ%3ALAZR
https://finance.yahoo.com/quote/LAZR/
PDYN
https://cn.tradingview.com/chart/zbv9c92p/?symbol=NASDAQ%3APDYN
https://finance.yahoo.com/quote/PDYN/
HUMA
https://cn.tradingview.com/chart/zbv9c92p/?symbol=NASDAQ%3AHUMA
https://finance.yahoo.com/quote/HUMA/
ABTS
https://cn.tradingview.com/chart/zbv9c92p/?symbol=NASDAQ%3AABTS
https://finance.yahoo.com/quote/ABTS/
RR
https://cn.tradingview.com/chart/zbv9c92p/?symbol=NASDAQ%3ARR
https://finance.yahoo.com/quote/RR/
PBM
https://cn.tradingview.com/chart/zbv9c92p/?symbol=NASDAQ%3APBM
https://finance.yahoo.com/quote/PBM/
PHAT
https://cn.tradingview.com/chart/zbv9c92p/?symbol=NASDAQ%3APHAT
https://finance.yahoo.com/quote/PHAT/
AREN
https://cn.tradingview.com/chart/zbv9c92p/?symbol=NASDAQ%3AAREN
https://finance.yahoo.com/quote/AREN/
MCTR
https://cn.tradingview.com/chart/zbv9c92p/?symbol=NASDAQ%3AMCTR
https://finance.yahoo.com/quote/MCTR/
LGCY
https://cn.tradingview.com/chart/zbv9c92p/?symbol=NASDAQ%3ALGCY
https://finance.yahoo.com/quote/LGCY/
FATN
https://cn.tradingview.com/chart/zbv9c92p/?symbol=NASDAQ%3AFATN
https://finance.yahoo.com/quote/FATN/
INV
https://cn.tradingview.com/chart/zbv9c92p/?symbol=NASDAQ%3AINV
https://finance.yahoo.com/quote/INV/
BTBT
https://cn.tradingview.com/chart/zbv9c92p/?symbol=NASDAQ%3ABTBT
https://finance.yahoo.com/quote/BTBT/
ARQ
https://cn.tradingview.com/chart/zbv9c92p/?symbol=NASDAQ%3AARQ
https://finance.yahoo.com/quote/ARQ/
TGL
https://cn.tradingview.com/chart/zbv9c92p/?symbol=NASDAQ%3ATGL
https://finance.yahoo.com/quote/TGL/
SERV
https://cn.tradingview.com/chart/zbv9c92p/?symbol=NASDAQ%3ASERV
https://finance.yahoo.com/quote/SERV/
MTSR
https://cn.tradingview.com/chart/zbv9c92p/?symbol=NASDAQ%3AMTSR
https://finance.yahoo.com/quote/MTSR/
RCON
https://cn.tradingview.com/chart/zbv9c92p/?symbol=NASDAQ%3ARCON
https://finance.yahoo.com/quote/RCON/
2025-05-19 21:31:29.217352
2025-05-19 21:32:28.750453
GTBP
https://cn.tradingview.com/chart/zbv9c92p/?symbol=NASDAQ%3AGTBP
https://finance.yahoo.com/quote/GTBP/
2025-05-19 21:33:28.835724
NWTN
https://cn.tradingview.com/chart/zbv9c92p/?symbol=NASDAQ%3ANWTN
https://finance.yahoo.com/quote/NWTN/
AISP
https://cn.tradingview.com/chart/zbv9c92p/?symbol=NASDAQ%3AAISP
https://finance.yahoo.com/quote/AISP/
2025-05-19 21:34:28.647950
SIEB
https://cn.tradingview.com/chart/zbv9c92p/?symbol=NASDAQ%3ASIEB
https://finance.yahoo.com/quote/SIEB/
2025-05-19 21:35:28.782014
2025-05-19 21:36:29.122163
2025-05-19 21:37:29.101917
2025-05-19 21:38:28.725747
NFE
https://cn.tradingview.com/chart/zbv9c92p/?symbol=NASDAQ%3ANFE
https://finance.yahoo.com/quote/NFE/
CMCL
https://cn.tradingview.com/chart/zbv9c92p/?symbol=NASDAQ%3ACMCL
https://finance.yahoo.com/quote/CMCL/
2025-05-19 21:39:28.747884
2025-05-19 21:41:29.374892
ASST
https://cn.tradingview.com/chart/zbv9c92p/?symbol=NASDAQ%3AASST
https://finance.yahoo.com/quote/ASST/
2025-05-19 21:58:28.968255
TMC
https://cn.tradingview.com/chart/zbv9c92p/?symbol=NASDAQ%3ATMC
https://finance.yahoo.com/quote/TMC/
KDLY
https://cn.tradingview.com/chart/zbv9c92p/?symbol=NASDAQ%3AKDLY
https://finance.yahoo.com/quote/KDLY/
MDCX
https://cn.tradingview.com/chart/zbv9c92p/?symbol=NASDAQ%3AMDCX
https://finance.yahoo.com/quote/MDCX/
2025-05-19 22:16:28.759945
2025-05-19 22:50:28.631968
ZKIN
https://cn.tradingview.com/chart/zbv9c92p/?symbol=NASDAQ%3AZKIN
https://finance.yahoo.com/quote/ZKIN/
2025-05-19 23:09:28.800082
QMCO
https://cn.tradingview.com/chart/zbv9c92p/?symbol=NASDAQ%3AQMCO
https://finance.yahoo.com/quote/QMCO/
2025-05-19 23:10:28.703731
TIL
https://cn.tradingview.com/chart/zbv9c92p/?symbol=NASDAQ%3ATIL
https://finance.yahoo.com/quote/TIL/
2025-05-19 23:27:28.540352
TOPW
https://cn.tradingview.com/chart/zbv9c92p/?symbol=NASDAQ%3ATOPW
https://finance.yahoo.com/quote/TOPW/
SDM
https://cn.tradingview.com/chart/zbv9c92p/?symbol=NASDAQ%3ASDM
https://finance.yahoo.com/quote/SDM/
