调度器启动，按 Ctrl+C 退出...
2025-07-03 18:36:52.537348
---------GITS 203.68%
https://cn.tradingview.com/chart/VVrpBNv8/?symbol=NASDAQ%3AGITS
no recent news
---------MINM 29.21%
https://cn.tradingview.com/chart/VVrpBNv8/?symbol=NASDAQ%3AMINM
14 hours ago
FiEE, Inc. Acquires Advanced Tech Suite Expected to Supercharge IoT-AI Content & Audience Targeting Platform
FiEE, Inc.收购预计将增强IoT-AI内容和受众定位平台的先进技术套件
---------AEBI 22.09%
https://cn.tradingview.com/chart/VVrpBNv8/?symbol=NASDAQ%3AAEBI
发生错误: Message: 
Stacktrace:
0   chromedriver                        0x0000000104bbdd14 cxxbridge1$str$ptr + 2735276
1   chromedriver                        0x0000000104bb5f88 cxxbridge1$str$ptr + 2703136
2   chromedriver                        0x00000001047066f0 cxxbridge1$string$len + 90424
3   chromedriver                        0x000000010474d9e0 cxxbridge1$string$len + 381992
4   chromedriver                        0x000000010478f0c8 cxxbridge1$string$len + 650000
5   chromedriver                        0x0000000104741be8 cxxbridge1$string$len + 333360
6   chromedriver                        0x0000000104b81598 cxxbridge1$str$ptr + 2487600
7   chromedriver                        0x0000000104b84830 cxxbridge1$str$ptr + 2500552
8   chromedriver                        0x0000000104b61c14 cxxbridge1$str$ptr + 2358188
9   chromedriver                        0x0000000104b850b8 cxxbridge1$str$ptr + 2502736
10  chromedriver                        0x0000000104b52dec cxxbridge1$str$ptr + 2297220
11  chromedriver                        0x0000000104ba5420 cxxbridge1$str$ptr + 2634680
12  chromedriver                        0x0000000104ba55ac cxxbridge1$str$ptr + 2635076
13  chromedriver                        0x0000000104bb5bd4 cxxbridge1$str$ptr + 2702188
14  libsystem_pthread.dylib             0x00000001906f6f94 _pthread_start + 136
15  libsystem_pthread.dylib             0x00000001906f1d34 thread_start + 8

no recent news
---------XPOF 21.72%
https://cn.tradingview.com/chart/VVrpBNv8/?symbol=NASDAQ%3AXPOF
调度器启动，按 Ctrl+C 退出...
调度器启动，按 Ctrl+C 退出...
2025-07-03 18:38:55.585129
---------GITS 203.68%
https://cn.tradingview.com/chart/VVrpBNv8/?symbol=NASDAQ%3AGITS
no recent news
---------MINM 29.21%
https://cn.tradingview.com/chart/VVrpBNv8/?symbol=NASDAQ%3AMINM
14 hours ago
FiEE, Inc. Acquires Advanced Tech Suite Expected to Supercharge IoT-AI Content & Audience Targeting Platform
FiEE, Inc.收购预计将增强IoT-AI内容和受众定位平台的先进技术套件
---------AEBI 22.09%
https://cn.tradingview.com/chart/VVrpBNv8/?symbol=NASDAQ%3AAEBI
发生错误: Message: 
Stacktrace:
0   chromedriver                        0x0000000100e75d14 cxxbridge1$str$ptr + 2735276
1   chromedriver                        0x0000000100e6df88 cxxbridge1$str$ptr + 2703136
2   chromedriver                        0x00000001009be6f0 cxxbridge1$string$len + 90424
3   chromedriver                        0x0000000100a059e0 cxxbridge1$string$len + 381992
4   chromedriver                        0x0000000100a470c8 cxxbridge1$string$len + 650000
5   chromedriver                        0x00000001009f9be8 cxxbridge1$string$len + 333360
6   chromedriver                        0x0000000100e39598 cxxbridge1$str$ptr + 2487600
7   chromedriver                        0x0000000100e3c830 cxxbridge1$str$ptr + 2500552
8   chromedriver                        0x0000000100e19c14 cxxbridge1$str$ptr + 2358188
9   chromedriver                        0x0000000100e3d0b8 cxxbridge1$str$ptr + 2502736
10  chromedriver                        0x0000000100e0adec cxxbridge1$str$ptr + 2297220
11  chromedriver                        0x0000000100e5d420 cxxbridge1$str$ptr + 2634680
12  chromedriver                        0x0000000100e5d5ac cxxbridge1$str$ptr + 2635076
13  chromedriver                        0x0000000100e6dbd4 cxxbridge1$str$ptr + 2702188
14  libsystem_pthread.dylib             0x00000001906f6f94 _pthread_start + 136
15  libsystem_pthread.dylib             0x00000001906f1d34 thread_start + 8

15 minutes ago
Stock market today: Dow, S&P 500, Nasdaq futures drift as Wall Street braces for June jobs report
今日股市：道琼斯指数、标准普尔500指数、纳斯达克期货下跌，因华尔街支持6月就业报告
---------XPOF 21.72%
https://cn.tradingview.com/chart/VVrpBNv8/?symbol=NASDAQ%3AXPOF
no recent news
---------MIRA 20.97%
https://cn.tradingview.com/chart/VVrpBNv8/?symbol=NASDAQ%3AMIRA
no recent news
---------AIRE 15.75%
https://cn.tradingview.com/chart/VVrpBNv8/?symbol=NASDAQ%3AAIRE
12 hours ago
reAlpha Enhances Mortgage Operations with AI-Powered Loan Officer Assistant
reAlpha借助人工智能驱动的贷款官助理增强抵押贷款运营
2025-07-03 18:40:55.593386
2025-07-03 18:41:55.473352
2025-07-03 18:42:55.554291
2025-07-03 18:43:55.565878
2025-07-03 18:44:55.652198
2025-07-03 18:45:55.486192
2025-07-03 18:46:55.730053
2025-07-03 18:47:55.508151
2025-07-03 18:48:55.975820
2025-07-03 18:49:55.482821
---------BCDA 19.0%
https://cn.tradingview.com/chart/VVrpBNv8/?symbol=NASDAQ%3ABCDA
no recent news
2025-07-03 18:50:55.538017
2025-07-03 18:51:55.597032
2025-07-03 18:52:55.625513
2025-07-03 18:53:55.514889
2025-07-03 18:54:55.609182
2025-07-03 18:55:55.642822
2025-07-03 18:56:55.635260
2025-07-03 18:57:55.588646
2025-07-03 18:58:55.595237
2025-07-03 18:59:55.859058
2025-07-03 19:00:55.736184
2025-07-03 19:01:55.447850
2025-07-03 19:02:55.709957
2025-07-03 19:03:55.684248
2025-07-03 19:04:55.536365
2025-07-03 19:05:55.465465
2025-07-03 19:06:56.014638
2025-07-03 19:07:55.655703
2025-07-03 19:08:55.534998
2025-07-03 19:09:55.482670
2025-07-03 19:10:55.613070
2025-07-03 19:11:55.551423
2025-07-03 19:12:55.583366
2025-07-03 19:13:55.618499
---------EMPG 136.78%
https://cn.tradingview.com/chart/VVrpBNv8/?symbol=NASDAQ%3AEMPG
21 hours ago
Empro Group Inc. Announces Pricing of Its Initial Public Offering
Empro Group Inc.宣布首次公开募股定价
2025-07-03 19:14:55.487627
2025-07-03 19:15:55.512634
---------CV 16.57%
https://cn.tradingview.com/chart/VVrpBNv8/?symbol=NASDAQ%3ACV
no recent news
2025-07-03 19:16:55.584367
2025-07-03 19:17:55.943195
---------WINT 18.35%
https://cn.tradingview.com/chart/VVrpBNv8/?symbol=NASDAQ%3AWINT
22 hours ago
Windtree Announces Issuance of Istaroxime Patent for the United States for Acute Heart Failure
Windtree宣布授予美国Istaroxime急性心力衰竭专利
2025-07-03 19:18:55.615167
2025-07-03 19:19:55.508660
2025-07-03 19:20:56.401131
2025-07-03 19:21:55.840645
2025-07-03 19:22:55.527109
2025-07-03 19:23:55.703081
---------JLHL 19.76%
https://cn.tradingview.com/chart/VVrpBNv8/?symbol=NASDAQ%3AJLHL
15 hours ago
Julong Holding Limited Announces Full Exercise of Over-Allotment Option
巨龙控股有限公司宣布全面行使超额配股权
2025-07-03 19:24:55.500926
2025-07-03 19:25:55.429237
2025-07-03 19:26:55.657957
2025-07-03 19:27:55.693485
2025-07-03 19:28:55.508047
2025-07-03 19:29:55.566202
2025-07-03 19:30:56.087142
2025-07-03 19:31:55.540621
2025-07-03 19:32:55.600189
2025-07-03 19:33:55.586560
2025-07-03 19:34:55.589418
2025-07-03 19:35:55.551280
---------MLGO 15.69%
https://cn.tradingview.com/chart/VVrpBNv8/?symbol=NASDAQ%3AMLGO
no recent news
2025-07-03 19:36:55.512662
2025-07-03 19:37:55.511767
2025-07-03 19:38:55.691824
调度器已关闭
