调度器启动，按 Ctrl+C 退出...
2025-05-16 18:44:52.215989
IXHL
https://cn.tradingview.com/chart/Iauyrdyx/?symbol=NASDAQ%3AIXHL
https://finance.yahoo.com/quote/IXHL/
TSSI
https://cn.tradingview.com/chart/Iauyrdyx/?symbol=NASDAQ%3ATSSI
https://finance.yahoo.com/quote/TSSI/
TGL
https://cn.tradingview.com/chart/Iauyrdyx/?symbol=NASDAQ%3ATGL
https://finance.yahoo.com/quote/TGL/
CABA
https://cn.tradingview.com/chart/Iauyrdyx/?symbol=NASDAQ%3ACABA
https://finance.yahoo.com/quote/CABA/
SPCE
https://cn.tradingview.com/chart/Iauyrdyx/?symbol=NASDAQ%3ASPCE
https://finance.yahoo.com/quote/SPCE/
AGMH
https://cn.tradingview.com/chart/Iauyrdyx/?symbol=NASDAQ%3AAGMH
https://finance.yahoo.com/quote/AGMH/
2025-05-16 18:45:51.738006
2025-05-16 18:46:53.350253
2025-05-16 18:47:51.884452
2025-05-16 18:48:51.742296
2025-05-16 18:49:52.218404
2025-05-16 18:50:51.740539
2025-05-16 18:51:52.289849
AMST
https://cn.tradingview.com/chart/Iauyrdyx/?symbol=NASDAQ%3AAMST
https://finance.yahoo.com/quote/AMST/
2025-05-16 18:52:51.737144
2025-05-16 18:53:52.220054
2025-05-16 18:54:51.758019
2025-05-16 18:55:52.187134
2025-05-16 18:56:51.769605
2025-05-16 18:57:52.130891
2025-05-16 18:58:51.745313
2025-05-16 18:59:52.120476
LWLG
https://cn.tradingview.com/chart/Iauyrdyx/?symbol=NASDAQ%3ALWLG
https://finance.yahoo.com/quote/LWLG/
2025-05-16 19:00:51.769080
2025-05-16 19:01:52.359924
2025-05-16 19:02:51.805442
2025-05-16 19:03:52.302305
2025-05-16 19:04:51.782096
2025-05-16 19:05:52.372236
2025-05-16 19:06:51.771219
2025-05-16 19:07:52.753095
KWM
https://cn.tradingview.com/chart/Iauyrdyx/?symbol=NASDAQ%3AKWM
https://finance.yahoo.com/quote/KWM/
2025-05-16 19:08:51.799190
2025-05-16 19:09:52.182979
2025-05-16 19:10:51.763791
2025-05-16 19:11:52.321717
2025-05-16 19:12:51.799895
2025-05-16 19:13:52.339987
2025-05-16 19:14:51.768123
2025-05-16 19:15:52.218896
ONCO
https://cn.tradingview.com/chart/Iauyrdyx/?symbol=NASDAQ%3AONCO
https://finance.yahoo.com/quote/ONCO/
2025-05-16 19:16:51.796344
2025-05-16 19:17:52.128398
2025-05-16 19:18:51.762699
2025-05-16 19:19:52.305168
2025-05-16 19:20:51.769931
2025-05-16 19:21:52.216934
2025-05-16 19:22:51.792086
2025-05-16 19:23:52.397543
EVLV
https://cn.tradingview.com/chart/Iauyrdyx/?symbol=NASDAQ%3AEVLV
https://finance.yahoo.com/quote/EVLV/
2025-05-16 19:24:51.851636
2025-05-16 19:25:52.123056
2025-05-16 19:26:51.761833
2025-05-16 19:27:52.151721
2025-05-16 19:28:51.849643
2025-05-16 19:29:52.378487
2025-05-16 19:30:51.949344
2025-05-16 19:31:52.263352
2025-05-16 19:32:52.062677
2025-05-16 19:33:52.329220
AIRE
https://cn.tradingview.com/chart/Iauyrdyx/?symbol=NASDAQ%3AAIRE
https://finance.yahoo.com/quote/AIRE/
GRYP
https://cn.tradingview.com/chart/Iauyrdyx/?symbol=NASDAQ%3AGRYP
https://finance.yahoo.com/quote/GRYP/
2025-05-16 19:34:51.912931
2025-05-16 19:35:52.353326
2025-05-16 19:36:51.830366
2025-05-16 19:37:52.345164
2025-05-16 19:38:51.807114
2025-05-16 19:39:52.934303
2025-05-16 19:40:51.759254
2025-05-16 19:41:51.904177
2025-05-16 19:42:52.253030
2025-05-16 19:43:51.765857
2025-05-16 19:44:52.559949
2025-05-16 19:45:51.847432
2025-05-16 19:46:52.239944
2025-05-16 19:47:51.890792
2025-05-16 19:49:52.420707
2025-05-16 19:50:52.587634
2025-05-16 19:51:52.272402
2025-05-16 19:52:51.865369
2025-05-16 19:53:52.819174
KLTO
https://cn.tradingview.com/chart/Iauyrdyx/?symbol=NASDAQ%3AKLTO
https://finance.yahoo.com/quote/KLTO/
2025-05-16 19:54:51.917106
2025-05-16 19:55:51.836951
2025-05-16 19:56:52.917142
2025-05-16 19:57:51.884166
2025-05-16 19:58:51.894176
2025-05-16 19:59:52.341383
2025-05-16 20:00:51.916899
2025-05-16 20:01:52.250200
2025-05-16 20:02:51.792519
2025-05-16 20:03:52.680894
2025-05-16 20:04:52.367696
2025-05-16 20:05:52.771591
SLNH
https://cn.tradingview.com/chart/Iauyrdyx/?symbol=NASDAQ%3ASLNH
https://finance.yahoo.com/quote/SLNH/
2025-05-16 20:06:51.829211
2025-05-16 20:07:52.789409
2025-05-16 20:08:51.830432
2025-05-16 20:09:52.231067
TOPW
https://cn.tradingview.com/chart/Iauyrdyx/?symbol=NASDAQ%3ATOPW
https://finance.yahoo.com/quote/TOPW/
2025-05-16 20:10:51.799940
2025-05-16 20:11:52.302348
2025-05-16 20:12:51.848977
2025-05-16 20:13:52.287615
2025-05-16 20:14:51.814336
2025-05-16 20:15:52.262366
2025-05-16 20:16:51.941869
2025-05-16 20:17:52.598645
2025-05-16 20:18:51.841926
2025-05-16 20:19:52.767388
INZY
https://cn.tradingview.com/chart/Iauyrdyx/?symbol=NASDAQ%3AINZY
https://finance.yahoo.com/quote/INZY/
2025-05-16 20:20:51.921791
2025-05-16 20:21:52.580021
2025-05-16 20:22:51.837907
2025-05-16 20:23:53.170239
CAPS
https://cn.tradingview.com/chart/Iauyrdyx/?symbol=NASDAQ%3ACAPS
https://finance.yahoo.com/quote/CAPS/
2025-05-16 20:24:51.955124
2025-05-16 20:25:52.121766
2025-05-16 20:26:52.448518
2025-05-16 20:27:52.488930
2025-05-16 20:28:53.197670
TZUP
https://cn.tradingview.com/chart/Iauyrdyx/?symbol=NASDAQ%3ATZUP
https://finance.yahoo.com/quote/TZUP/
2025-05-16 20:29:52.052278
2025-05-16 20:30:52.647780
2025-05-16 20:31:51.908132
2025-05-16 20:32:52.644964
UPC
https://cn.tradingview.com/chart/Iauyrdyx/?symbol=NASDAQ%3AUPC
https://finance.yahoo.com/quote/UPC/
2025-05-16 20:33:53.477746
2025-05-16 20:34:52.722883
2025-05-16 20:35:51.879907
2025-05-16 20:36:51.880580
2025-05-16 20:37:52.319416
2025-05-16 20:38:51.870933
2025-05-16 20:39:52.384597
2025-05-16 20:40:52.282844
2025-05-16 20:41:52.269076
2025-05-16 20:42:52.336041
2025-05-16 20:43:52.366062
2025-05-16 20:44:51.836711
2025-05-16 20:46:53.190414
2025-05-16 20:47:51.937818
2025-05-16 20:48:52.546091
2025-05-16 20:49:52.370723
2025-05-16 20:50:51.913180
2025-05-16 20:51:52.290627
2025-05-16 20:52:51.883811
2025-05-16 20:53:52.868780
2025-05-16 20:54:52.142067
2025-05-16 20:55:52.013658
2025-05-16 20:56:52.390798
2025-05-16 20:57:51.905829
2025-05-16 20:58:52.454205
AFMD
https://cn.tradingview.com/chart/Iauyrdyx/?symbol=NASDAQ%3AAFMD
https://finance.yahoo.com/quote/AFMD/
2025-05-16 20:59:52.162155
2025-05-16 21:00:52.331601
2025-05-16 21:01:51.950103
2025-05-16 21:02:52.332232
2025-05-16 21:03:51.925137
2025-05-16 21:04:52.239318
VSTE
https://cn.tradingview.com/chart/Iauyrdyx/?symbol=NASDAQ%3AVSTE
https://finance.yahoo.com/quote/VSTE/
2025-05-16 21:05:51.880743
2025-05-16 21:06:52.728150
2025-05-16 21:07:52.227584
2025-05-16 21:08:51.838214
2025-05-16 21:09:52.234645
2025-05-16 21:10:52.177371
2025-05-16 21:11:52.378313
2025-05-16 21:12:51.852130
2025-05-16 21:13:52.953889
2025-05-16 21:14:51.953174
2025-05-16 21:15:52.015250
2025-05-16 21:17:52.648280
CHSN
https://cn.tradingview.com/chart/Iauyrdyx/?symbol=NASDAQ%3ACHSN
https://finance.yahoo.com/quote/CHSN/
2025-05-16 21:18:51.888817
2025-05-16 21:19:52.330108
BON
https://cn.tradingview.com/chart/Iauyrdyx/?symbol=NASDAQ%3ABON
https://finance.yahoo.com/quote/BON/
2025-05-16 21:20:51.886889
2025-05-16 21:21:52.209227
2025-05-16 21:22:52.361249
2025-05-16 21:23:52.308245
2025-05-16 21:24:51.824881
2025-05-16 21:25:52.273760
2025-05-16 21:26:52.193879
2025-05-16 21:27:52.314543
2025-05-16 21:28:51.926790
2025-05-16 21:29:52.346670
2025-05-16 21:30:52.398618
AYTU
https://cn.tradingview.com/chart/Iauyrdyx/?symbol=NASDAQ%3AAYTU
https://finance.yahoo.com/quote/AYTU/
FL
https://cn.tradingview.com/chart/Iauyrdyx/?symbol=NASDAQ%3AFL
https://finance.yahoo.com/quote/FL/
KDLY
https://cn.tradingview.com/chart/Iauyrdyx/?symbol=NASDAQ%3AKDLY
https://finance.yahoo.com/quote/KDLY/
ASST
https://cn.tradingview.com/chart/Iauyrdyx/?symbol=NASDAQ%3AASST
https://finance.yahoo.com/quote/ASST/
BMGL
https://cn.tradingview.com/chart/Iauyrdyx/?symbol=NASDAQ%3ABMGL
https://finance.yahoo.com/quote/BMGL/
NXTT
https://cn.tradingview.com/chart/Iauyrdyx/?symbol=NASDAQ%3ANXTT
https://finance.yahoo.com/quote/NXTT/
ISSC
https://cn.tradingview.com/chart/Iauyrdyx/?symbol=NASDAQ%3AISSC
https://finance.yahoo.com/quote/ISSC/
WGRX
https://cn.tradingview.com/chart/Iauyrdyx/?symbol=NASDAQ%3AWGRX
https://finance.yahoo.com/quote/WGRX/
SCPH
https://cn.tradingview.com/chart/Iauyrdyx/?symbol=NASDAQ%3ASCPH
https://finance.yahoo.com/quote/SCPH/
TOI
https://cn.tradingview.com/chart/Iauyrdyx/?symbol=NASDAQ%3ATOI
https://finance.yahoo.com/quote/TOI/
NGNE
https://cn.tradingview.com/chart/Iauyrdyx/?symbol=NASDAQ%3ANGNE
https://finance.yahoo.com/quote/NGNE/
CAPR
https://cn.tradingview.com/chart/Iauyrdyx/?symbol=NASDAQ%3ACAPR
https://finance.yahoo.com/quote/CAPR/
BTM
https://cn.tradingview.com/chart/Iauyrdyx/?symbol=NASDAQ%3ABTM
https://finance.yahoo.com/quote/BTM/
CBUS
https://cn.tradingview.com/chart/Iauyrdyx/?symbol=NASDAQ%3ACBUS
https://finance.yahoo.com/quote/CBUS/
LEDS
https://cn.tradingview.com/chart/Iauyrdyx/?symbol=NASDAQ%3ALEDS
https://finance.yahoo.com/quote/LEDS/
AMBC
https://cn.tradingview.com/chart/Iauyrdyx/?symbol=NASDAQ%3AAMBC
https://finance.yahoo.com/quote/AMBC/
DERM
https://cn.tradingview.com/chart/Iauyrdyx/?symbol=NASDAQ%3ADERM
https://finance.yahoo.com/quote/DERM/
ALMS
https://cn.tradingview.com/chart/Iauyrdyx/?symbol=NASDAQ%3AALMS
https://finance.yahoo.com/quote/ALMS/
GRAL
https://cn.tradingview.com/chart/Iauyrdyx/?symbol=NASDAQ%3AGRAL
https://finance.yahoo.com/quote/GRAL/
LPCN
https://cn.tradingview.com/chart/Iauyrdyx/?symbol=NASDAQ%3ALPCN
https://finance.yahoo.com/quote/LPCN/
AEVA
https://cn.tradingview.com/chart/Iauyrdyx/?symbol=NASDAQ%3AAEVA
https://finance.yahoo.com/quote/AEVA/
NVEE
https://cn.tradingview.com/chart/Iauyrdyx/?symbol=NASDAQ%3ANVEE
https://finance.yahoo.com/quote/NVEE/
ARTV
https://cn.tradingview.com/chart/Iauyrdyx/?symbol=NASDAQ%3AARTV
https://finance.yahoo.com/quote/ARTV/
RENT
https://cn.tradingview.com/chart/Iauyrdyx/?symbol=NASDAQ%3ARENT
https://finance.yahoo.com/quote/RENT/
FULC
https://cn.tradingview.com/chart/Iauyrdyx/?symbol=NASDAQ%3AFULC
https://finance.yahoo.com/quote/FULC/
CVRX
https://cn.tradingview.com/chart/Iauyrdyx/?symbol=NASDAQ%3ACVRX
https://finance.yahoo.com/quote/CVRX/
CTGO
https://cn.tradingview.com/chart/Iauyrdyx/?symbol=NASDAQ%3ACTGO
https://finance.yahoo.com/quote/CTGO/
SEDG
https://cn.tradingview.com/chart/Iauyrdyx/?symbol=NASDAQ%3ASEDG
https://finance.yahoo.com/quote/SEDG/
CTRN
https://cn.tradingview.com/chart/Iauyrdyx/?symbol=NASDAQ%3ACTRN
https://finance.yahoo.com/quote/CTRN/
PAYS
https://cn.tradingview.com/chart/Iauyrdyx/?symbol=NASDAQ%3APAYS
https://finance.yahoo.com/quote/PAYS/
ATRA
https://cn.tradingview.com/chart/Iauyrdyx/?symbol=NASDAQ%3AATRA
https://finance.yahoo.com/quote/ATRA/
ETON
https://cn.tradingview.com/chart/Iauyrdyx/?symbol=NASDAQ%3AETON
https://finance.yahoo.com/quote/ETON/
2025-05-16 21:31:51.840339
2025-05-16 21:32:52.248092
2025-05-16 21:33:51.851752
2025-05-16 21:34:52.654606
2025-05-16 21:35:52.288415
2025-05-16 21:36:52.442720
2025-05-16 21:37:51.849339
2025-05-16 21:38:52.649327
2025-05-16 21:39:51.907840
2025-05-16 21:40:52.352184
2025-05-16 21:41:51.948890
2025-05-16 21:42:52.326259
2025-05-16 21:43:51.873908
2025-05-16 21:44:52.327608
2025-05-16 21:45:51.893571
2025-05-16 21:46:52.495712
2025-05-16 21:47:51.843717
2025-05-16 21:48:52.534552
2025-05-16 21:49:52.016630
2025-05-16 21:50:52.346849
QUBT
https://cn.tradingview.com/chart/Iauyrdyx/?symbol=NASDAQ%3AQUBT
https://finance.yahoo.com/quote/QUBT/
ACOG
https://cn.tradingview.com/chart/Iauyrdyx/?symbol=NASDAQ%3AACOG
https://finance.yahoo.com/quote/ACOG/
2025-05-16 21:51:51.768313
2025-05-16 21:52:52.362080
EBS
https://cn.tradingview.com/chart/Iauyrdyx/?symbol=NASDAQ%3AEBS
https://finance.yahoo.com/quote/EBS/
DDC
https://cn.tradingview.com/chart/Iauyrdyx/?symbol=NASDAQ%3ADDC
https://finance.yahoo.com/quote/DDC/
2025-05-16 21:53:51.933967
2025-05-16 21:54:52.902669
ARDX
https://cn.tradingview.com/chart/Iauyrdyx/?symbol=NASDAQ%3AARDX
https://finance.yahoo.com/quote/ARDX/
2025-05-16 21:55:51.867932
2025-05-16 21:56:51.998125
2025-05-16 21:57:52.208945
2025-05-16 21:58:51.829972
2025-05-16 21:59:52.266274
ACAD
https://cn.tradingview.com/chart/Iauyrdyx/?symbol=NASDAQ%3AACAD
https://finance.yahoo.com/quote/ACAD/
LGCY
https://cn.tradingview.com/chart/Iauyrdyx/?symbol=NASDAQ%3ALGCY
https://finance.yahoo.com/quote/LGCY/
2025-05-16 22:00:51.833670
2025-05-16 22:01:52.672221
2025-05-16 22:02:51.832451
2025-05-16 22:03:52.144976
2025-05-16 22:04:52.021233
2025-05-16 22:05:52.482406
2025-05-16 22:06:51.844677
2025-05-16 22:07:52.346466
2025-05-16 22:08:51.854177
2025-05-16 22:09:52.102572
2025-05-16 22:10:51.831953
2025-05-16 22:11:52.244200
2025-05-16 22:12:51.832782
2025-05-16 22:13:52.998916
TNXP
https://cn.tradingview.com/chart/Iauyrdyx/?symbol=NASDAQ%3ATNXP
https://finance.yahoo.com/quote/TNXP/
ZENA
https://cn.tradingview.com/chart/Iauyrdyx/?symbol=NASDAQ%3AZENA
https://finance.yahoo.com/quote/ZENA/
2025-05-16 22:14:51.751718
2025-05-16 22:15:51.849212
2025-05-16 22:16:52.302713
APLD
https://cn.tradingview.com/chart/Iauyrdyx/?symbol=NASDAQ%3AAPLD
https://finance.yahoo.com/quote/APLD/
2025-05-16 22:17:51.939058
2025-05-16 22:18:52.650263
2025-05-16 22:19:51.865752
2025-05-16 22:20:52.287911
2025-05-16 22:21:51.777511
2025-05-16 22:22:52.257393
2025-05-16 22:23:51.815834
2025-05-16 22:24:52.234513
RYET
https://cn.tradingview.com/chart/Iauyrdyx/?symbol=NASDAQ%3ARYET
https://finance.yahoo.com/quote/RYET/
PHAT
https://cn.tradingview.com/chart/Iauyrdyx/?symbol=NASDAQ%3APHAT
https://finance.yahoo.com/quote/PHAT/
2025-05-16 22:25:51.850978
2025-05-16 22:26:52.256743
LICN
https://cn.tradingview.com/chart/Iauyrdyx/?symbol=NASDAQ%3ALICN
https://finance.yahoo.com/quote/LICN/
HCWB
https://cn.tradingview.com/chart/Iauyrdyx/?symbol=NASDAQ%3AHCWB
https://finance.yahoo.com/quote/HCWB/
SIEB
https://cn.tradingview.com/chart/Iauyrdyx/?symbol=NASDAQ%3ASIEB
https://finance.yahoo.com/quote/SIEB/
BRIA
https://cn.tradingview.com/chart/Iauyrdyx/?symbol=NASDAQ%3ABRIA
https://finance.yahoo.com/quote/BRIA/
FATN
https://cn.tradingview.com/chart/Iauyrdyx/?symbol=NASDAQ%3AFATN
https://finance.yahoo.com/quote/FATN/
2025-05-16 22:27:52.389963
2025-05-16 22:28:52.505339
2025-05-16 22:29:51.775304
2025-05-16 22:30:52.228214
LXEO
https://cn.tradingview.com/chart/Iauyrdyx/?symbol=NASDAQ%3ALXEO
https://finance.yahoo.com/quote/LXEO/
MDCX
https://cn.tradingview.com/chart/Iauyrdyx/?symbol=NASDAQ%3AMDCX
https://finance.yahoo.com/quote/MDCX/
2025-05-16 22:31:51.802134
2025-05-16 22:32:52.489978
2025-05-16 22:33:51.830071
2025-05-16 22:34:52.156357
2025-05-16 22:35:51.783742
2025-05-16 22:36:52.492304
2025-05-16 22:37:51.799755
2025-05-16 22:38:52.164816
2025-05-16 22:39:51.856319
2025-05-16 22:40:52.515165
AENT
https://cn.tradingview.com/chart/Iauyrdyx/?symbol=NASDAQ%3AAENT
https://finance.yahoo.com/quote/AENT/
2025-05-16 22:41:51.869231
2025-05-16 22:42:52.451677
EXOZ
https://cn.tradingview.com/chart/Iauyrdyx/?symbol=NASDAQ%3AEXOZ
https://finance.yahoo.com/quote/EXOZ/
2025-05-16 22:43:51.753285
2025-05-16 22:44:52.343173
CETX
https://cn.tradingview.com/chart/Iauyrdyx/?symbol=NASDAQ%3ACETX
https://finance.yahoo.com/quote/CETX/
SMLR
https://cn.tradingview.com/chart/Iauyrdyx/?symbol=NASDAQ%3ASMLR
https://finance.yahoo.com/quote/SMLR/
DTSS
https://cn.tradingview.com/chart/Iauyrdyx/?symbol=NASDAQ%3ADTSS
https://finance.yahoo.com/quote/DTSS/
2025-05-16 22:45:51.789529
2025-05-16 22:46:52.270598
BTCS
https://cn.tradingview.com/chart/Iauyrdyx/?symbol=NASDAQ%3ABTCS
https://finance.yahoo.com/quote/BTCS/
2025-05-16 22:47:51.754639
2025-05-16 22:48:52.252090
2025-05-16 22:49:51.748617
2025-05-16 22:50:52.825163
2025-05-16 22:51:51.748657
2025-05-16 22:52:51.761818
2025-05-16 22:53:52.267002
2025-05-16 22:54:51.776115
2025-05-16 22:55:52.343865
PBM
https://cn.tradingview.com/chart/Iauyrdyx/?symbol=NASDAQ%3APBM
https://finance.yahoo.com/quote/PBM/
2025-05-16 22:56:51.758517
2025-05-16 22:57:52.146233
2025-05-16 22:58:51.781629
2025-05-16 22:59:52.149888
2025-05-16 23:00:51.758660
2025-05-16 23:01:52.805354
2025-05-16 23:02:51.767393
2025-05-16 23:03:51.770871
2025-05-16 23:04:52.239298
2025-05-16 23:05:52.079141
2025-05-16 23:06:52.272558
2025-05-16 23:07:51.742970
2025-05-16 23:08:52.172176
2025-05-16 23:09:51.851597
2025-05-16 23:10:52.309182
NOTV
https://cn.tradingview.com/chart/Iauyrdyx/?symbol=NASDAQ%3ANOTV
https://finance.yahoo.com/quote/NOTV/
2025-05-16 23:11:51.751136
2025-05-16 23:12:52.502129
2025-05-16 23:13:51.764380
2025-05-16 23:14:51.742716
2025-05-16 23:15:52.244902
2025-05-16 23:16:51.727390
2025-05-16 23:17:52.285279
2025-05-16 23:18:51.747513
2025-05-16 23:19:52.473937
2025-05-16 23:20:51.772649
2025-05-16 23:21:52.836364
REPL
https://cn.tradingview.com/chart/Iauyrdyx/?symbol=NASDAQ%3AREPL
https://finance.yahoo.com/quote/REPL/
2025-05-16 23:22:51.759519
调度器已关闭
