调度器启动，按 Ctrl+C 退出...
2025-06-27 19:00:00.894897
---------INMB 79.94%
https://cn.tradingview.com/chart/VVrpBNv8/?symbol=NASDAQ%3AINMB
15 hours ago
INmune Bio Inc. to Announce Top Line Results from MINDFuL Phase 2 Trial in Early Alzheimer’s on Monday, June 30th
INmune Bio Inc.将于6月30日（周一）公布早期阿尔茨海默氏症MINDFuL 2期临床试验的顶线结果
---------CYN 65.37%
https://cn.tradingview.com/chart/VVrpBNv8/?symbol=NASDAQ%3ACYN
19 hours ago
Cyngn Inc. Announces $15 Million Registered Direct Offering
Cyngn Inc.宣布进行1500万美元的注册直接发行
---------NAOV 35.77%
https://cn.tradingview.com/chart/VVrpBNv8/?symbol=NASDAQ%3ANAOV
23 hours ago
NanoVibronix Announces ENvue Drive – First Intelligent Robotic Platform in Development for Bedside Feeding Tube and Vascular Line Navigation
NanoVibronix宣布推出ENvue Drive--首个用于床边喂食管和血管导航的智能机器人平台
---------GCTK 27.39%
https://cn.tradingview.com/chart/VVrpBNv8/?symbol=NASDAQ%3AGCTK
no recent news
---------GVH 25.43%
https://cn.tradingview.com/chart/VVrpBNv8/?symbol=NASDAQ%3AGVH
21 hours ago
Globavend Holdings Limited Announces Pricing of $15 Million Public Offering
Globavend Holdings Limited宣布1500万美元公开发行股票
2025-06-27 19:01:59.943497
2025-06-27 19:02:59.673426
---------BBLG 92.79%
https://cn.tradingview.com/chart/VVrpBNv8/?symbol=NASDAQ%3ABBLG
3 minutes ago
Bone Biologics Files Patent Application for Bone Regeneration Technology
骨骼生物制剂申请骨骼再生技术专利
2025-06-27 19:03:59.899063
2025-06-27 19:05:00.149296
2025-06-27 19:05:59.660940
2025-06-27 19:07:00.324007
---------MMA 19.82%
https://cn.tradingview.com/chart/VVrpBNv8/?symbol=NASDAQ%3AMMA
15 hours ago
MMA.INC Announces Blockchain and Artificial Intelligence Crypto Rewards Platform through Strategic Web3 Alliance with Morphotech to Revolutionize Martial Arts Engagement and Monetization
MMA.INC宣布通过与Morphotech的战略Web3联盟推出区块链和人工智能加密奖励平台，以彻底改变武术参与和货币化
2025-06-27 19:07:59.699481
2025-06-27 19:09:00.055168
---------RCT 18.02%
https://cn.tradingview.com/chart/VVrpBNv8/?symbol=NASDAQ%3ARCT
23 hours ago
RedCloud Addresses Systemic Inefficiencies in FMCG Products Supply Chain with Launch of Bulk Trading Program
RedCloud通过推出批量交易计划来解决快速消费品供应链中的系统性低效问题
2025-06-27 19:09:59.843071
2025-06-27 19:11:00.113739
2025-06-27 19:11:59.629979
2025-06-27 19:13:00.343456
2025-06-27 19:13:59.742882
2025-06-27 19:14:59.783898
2025-06-27 19:16:01.318471
2025-06-27 19:16:59.843064
2025-06-27 19:17:59.750144
2025-06-27 19:18:59.781103
---------WGRX 17.12%
https://cn.tradingview.com/chart/VVrpBNv8/?symbol=NASDAQ%3AWGRX
no recent news
2025-06-27 19:20:00.160480
2025-06-27 19:20:59.719704
2025-06-27 19:22:01.622697
2025-06-27 19:22:59.983166
2025-06-27 19:23:59.920609
2025-06-27 19:25:00.586238
2025-06-27 19:26:03.824096
---------CIIT 15.92%
https://cn.tradingview.com/chart/VVrpBNv8/?symbol=NASDAQ%3ACIIT
no recent news
2025-06-27 19:27:00.172655
2025-06-27 19:27:59.639911
2025-06-27 19:28:59.831919
2025-06-27 19:29:59.791318
2025-06-27 19:30:59.920760
2025-06-27 19:31:59.829458
---------RILY 21.07%
https://cn.tradingview.com/chart/VVrpBNv8/?symbol=NASDAQ%3ARILY
2 minutes ago
B. Riley Financial Announces the $117.8 Million Sale of GlassRatner to TorQuest Partners
B. Riley Financial宣布以1.178亿美元向TorQuest Partners出售GlassRatner
2025-06-27 19:32:59.828565
2025-06-27 19:34:01.069842
2025-06-27 19:34:59.626897
2025-06-27 19:35:59.898585
2025-06-27 19:36:59.708889
调度器已关闭
