调度器启动，按 Ctrl+C 退出...
2025-05-15 23:52:31.577737
FL
https://cn.tradingview.com/chart/Iauyrdyx/?symbol=NASDAQ%3AFL
https://finance.yahoo.com/quote/FL/
AYTU
https://cn.tradingview.com/chart/Iauyrdyx/?symbol=NASDAQ%3AAYTU
https://finance.yahoo.com/quote/AYTU/
KDLY
https://cn.tradingview.com/chart/Iauyrdyx/?symbol=NASDAQ%3AKDLY
https://finance.yahoo.com/quote/KDLY/
WGRX
https://cn.tradingview.com/chart/Iauyrdyx/?symbol=NASDAQ%3AWGRX
https://finance.yahoo.com/quote/WGRX/
ASST
https://cn.tradingview.com/chart/Iauyrdyx/?symbol=NASDAQ%3AASST
https://finance.yahoo.com/quote/ASST/
ISSC
https://cn.tradingview.com/chart/Iauyrdyx/?symbol=NASDAQ%3AISSC
https://finance.yahoo.com/quote/ISSC/
TOI
https://cn.tradingview.com/chart/Iauyrdyx/?symbol=NASDAQ%3ATOI
https://finance.yahoo.com/quote/TOI/
BMGL
https://cn.tradingview.com/chart/Iauyrdyx/?symbol=NASDAQ%3ABMGL
https://finance.yahoo.com/quote/BMGL/
AEVA
https://cn.tradingview.com/chart/Iauyrdyx/?symbol=NASDAQ%3AAEVA
https://finance.yahoo.com/quote/AEVA/
DERM
https://cn.tradingview.com/chart/Iauyrdyx/?symbol=NASDAQ%3ADERM
https://finance.yahoo.com/quote/DERM/
SCPH
https://cn.tradingview.com/chart/Iauyrdyx/?symbol=NASDAQ%3ASCPH
https://finance.yahoo.com/quote/SCPH/
BTM
https://cn.tradingview.com/chart/Iauyrdyx/?symbol=NASDAQ%3ABTM
https://finance.yahoo.com/quote/BTM/
CTGO
https://cn.tradingview.com/chart/Iauyrdyx/?symbol=NASDAQ%3ACTGO
https://finance.yahoo.com/quote/CTGO/
LEDS
https://cn.tradingview.com/chart/Iauyrdyx/?symbol=NASDAQ%3ALEDS
https://finance.yahoo.com/quote/LEDS/
DWTX
https://cn.tradingview.com/chart/Iauyrdyx/?symbol=NASDAQ%3ADWTX
https://finance.yahoo.com/quote/DWTX/
NVEE
https://cn.tradingview.com/chart/Iauyrdyx/?symbol=NASDAQ%3ANVEE
https://finance.yahoo.com/quote/NVEE/
ATRA
https://cn.tradingview.com/chart/Iauyrdyx/?symbol=NASDAQ%3AATRA
https://finance.yahoo.com/quote/ATRA/
AMBC
https://cn.tradingview.com/chart/Iauyrdyx/?symbol=NASDAQ%3AAMBC
https://finance.yahoo.com/quote/AMBC/
2025-05-15 23:53:31.122695
调度器已关闭
