调度器启动，按 Ctrl+C 退出...
2025-06-02 17:17:47.318810
BNAI
https://cn.tradingview.com/chart/zbv9c92p/?symbol=NASDAQ%3ABNAI
https://finance.yahoo.com/quote/BNAI/news/
BMGL
https://cn.tradingview.com/chart/zbv9c92p/?symbol=NASDAQ%3ABMGL
https://finance.yahoo.com/quote/BMGL/news/
PSTV
https://cn.tradingview.com/chart/zbv9c92p/?symbol=NASDAQ%3APSTV
https://finance.yahoo.com/quote/PSTV/news/
FAAS
https://cn.tradingview.com/chart/zbv9c92p/?symbol=NASDAQ%3AFAAS
https://finance.yahoo.com/quote/FAAS/news/
INM
https://cn.tradingview.com/chart/zbv9c92p/?symbol=NASDAQ%3AINM
https://finance.yahoo.com/quote/INM/news/
RVYL
https://cn.tradingview.com/chart/zbv9c92p/?symbol=NASDAQ%3ARVYL
https://finance.yahoo.com/quote/RVYL/news/
CLF
https://cn.tradingview.com/chart/zbv9c92p/?symbol=NASDAQ%3ACLF
https://finance.yahoo.com/quote/CLF/news/
UMAC
https://cn.tradingview.com/chart/zbv9c92p/?symbol=NASDAQ%3AUMAC
https://finance.yahoo.com/quote/UMAC/news/
CAPT
https://cn.tradingview.com/chart/zbv9c92p/?symbol=NASDAQ%3ACAPT
https://finance.yahoo.com/quote/CAPT/news/
CISO
https://cn.tradingview.com/chart/zbv9c92p/?symbol=NASDAQ%3ACISO
https://finance.yahoo.com/quote/CISO/news/
INHD
https://cn.tradingview.com/chart/zbv9c92p/?symbol=NASDAQ%3AINHD
https://finance.yahoo.com/quote/INHD/news/
2025-06-02 17:18:47.065483
UAVS
https://cn.tradingview.com/chart/zbv9c92p/?symbol=NASDAQ%3AUAVS
https://finance.yahoo.com/quote/UAVS/news/
2025-06-02 17:19:46.992123
2025-06-02 17:20:46.811104
CERO
https://cn.tradingview.com/chart/zbv9c92p/?symbol=NASDAQ%3ACERO
https://finance.yahoo.com/quote/CERO/news/
2025-06-02 17:21:46.863403
2025-06-02 17:22:46.886330
2025-06-02 17:23:47.139587
2025-06-02 17:24:46.921937
2025-06-02 17:25:46.994049
2025-06-02 17:26:47.026420
2025-06-02 17:27:47.307061
2025-06-02 17:28:46.889167
NRGV
https://cn.tradingview.com/chart/zbv9c92p/?symbol=NASDAQ%3ANRGV
https://finance.yahoo.com/quote/NRGV/news/
NVVE
https://cn.tradingview.com/chart/zbv9c92p/?symbol=NASDAQ%3ANVVE
https://finance.yahoo.com/quote/NVVE/news/
2025-06-02 17:29:47.167482
2025-06-02 17:30:47.263319
2025-06-02 17:31:46.829224
2025-06-02 17:32:47.323680
CDT
https://cn.tradingview.com/chart/zbv9c92p/?symbol=NASDAQ%3ACDT
https://finance.yahoo.com/quote/CDT/news/
2025-06-02 17:33:46.943748
2025-06-02 17:34:46.972397
HKPD
https://cn.tradingview.com/chart/zbv9c92p/?symbol=NASDAQ%3AHKPD
https://finance.yahoo.com/quote/HKPD/news/
2025-06-02 17:35:46.856191
2025-06-02 17:36:47.355088
2025-06-02 17:37:47.131402
2025-06-02 17:38:46.895941
2025-06-02 17:39:47.089344
2025-06-02 17:40:46.776134
2025-06-02 17:41:46.770978
2025-06-02 17:42:46.856306
2025-06-02 17:43:46.958021
2025-06-02 17:44:47.038896
2025-06-02 17:45:47.017089
2025-06-02 17:46:46.930844
2025-06-02 17:47:46.990430
2025-06-02 17:48:46.993536
2025-06-02 17:49:46.950244
2025-06-02 17:50:46.979649
CENX
https://cn.tradingview.com/chart/zbv9c92p/?symbol=NASDAQ%3ACENX
https://finance.yahoo.com/quote/CENX/news/
2025-06-02 17:51:46.956512
2025-06-02 17:53:47.065318
2025-06-02 17:54:46.882524
2025-06-02 17:55:46.909097
2025-06-02 17:56:46.996553
2025-06-02 17:57:46.902495
2025-06-02 17:58:46.908233
2025-06-02 17:59:47.041392
2025-06-02 18:00:46.922982
2025-06-02 18:01:46.930060
2025-06-02 18:02:46.885975
2025-06-02 18:03:47.462587
2025-06-02 18:04:46.981288
2025-06-02 18:05:46.854989
2025-06-02 18:06:47.584800
2025-06-02 18:07:46.978870
2025-06-02 18:08:46.870479
2025-06-02 18:09:46.881998
2025-06-02 18:10:46.912046
TBPH
https://cn.tradingview.com/chart/zbv9c92p/?symbol=NASDAQ%3ATBPH
https://finance.yahoo.com/quote/TBPH/news/
2025-06-02 18:11:46.958219
2025-06-02 18:12:46.887378
2025-06-02 18:13:46.961943
2025-06-02 18:14:46.978170
NIVF
https://cn.tradingview.com/chart/zbv9c92p/?symbol=NASDAQ%3ANIVF
https://finance.yahoo.com/quote/NIVF/news/
2025-06-02 18:15:46.819521
2025-06-02 18:16:46.879090
2025-06-02 18:17:46.834705
2025-06-02 18:18:46.804115
2025-06-02 18:19:46.848985
2025-06-02 18:20:46.792355
2025-06-02 18:21:48.258499
2025-06-02 18:22:46.825556
2025-06-02 18:23:46.875290
2025-06-02 18:24:46.880460
2025-06-02 18:25:46.992679
2025-06-02 18:26:46.917522
2025-06-02 18:27:46.903431
2025-06-02 18:28:46.929613
ATAI
https://cn.tradingview.com/chart/zbv9c92p/?symbol=NASDAQ%3AATAI
https://finance.yahoo.com/quote/ATAI/news/
2025-06-02 18:29:46.833860
2025-06-02 18:30:46.832027
2025-06-02 18:31:46.829386
2025-06-02 18:33:46.943294
2025-06-02 18:34:46.787135
GPUS
https://cn.tradingview.com/chart/zbv9c92p/?symbol=NASDAQ%3AGPUS
https://finance.yahoo.com/quote/GPUS/news/
2025-06-02 18:35:46.798349
2025-06-02 20:03:47.633924
LYRA
https://cn.tradingview.com/chart/zbv9c92p/?symbol=NASDAQ%3ALYRA
https://finance.yahoo.com/quote/LYRA/news/
WETO
https://cn.tradingview.com/chart/zbv9c92p/?symbol=NASDAQ%3AWETO
https://finance.yahoo.com/quote/WETO/news/
VERA
https://cn.tradingview.com/chart/zbv9c92p/?symbol=NASDAQ%3AVERA
https://finance.yahoo.com/quote/VERA/news/
TIL
https://cn.tradingview.com/chart/zbv9c92p/?symbol=NASDAQ%3ATIL
https://finance.yahoo.com/quote/TIL/news/
KYMR
https://cn.tradingview.com/chart/zbv9c92p/?symbol=NASDAQ%3AKYMR
https://finance.yahoo.com/quote/KYMR/news/
ARAI
https://cn.tradingview.com/chart/zbv9c92p/?symbol=NASDAQ%3AARAI
https://finance.yahoo.com/quote/ARAI/news/
APLD
https://cn.tradingview.com/chart/zbv9c92p/?symbol=NASDAQ%3AAPLD
https://finance.yahoo.com/quote/APLD/news/
ATXG
https://cn.tradingview.com/chart/zbv9c92p/?symbol=NASDAQ%3AATXG
https://finance.yahoo.com/quote/ATXG/news/
AREC
https://cn.tradingview.com/chart/zbv9c92p/?symbol=NASDAQ%3AAREC
https://finance.yahoo.com/quote/AREC/news/
2025-06-02 20:04:46.924593
2025-06-02 20:05:46.780002
NTRB
https://cn.tradingview.com/chart/zbv9c92p/?symbol=NASDAQ%3ANTRB
https://finance.yahoo.com/quote/NTRB/news/
2025-06-02 20:06:47.263978
2025-06-02 20:07:47.149304
2025-06-02 20:08:46.816468
2025-06-02 20:09:46.988930
2025-06-02 20:10:46.835694
2025-06-02 20:11:48.081035
2025-06-02 20:12:46.779329
2025-06-02 20:13:46.763211
2025-06-02 20:14:46.978181
OGEN
https://cn.tradingview.com/chart/zbv9c92p/?symbol=NASDAQ%3AOGEN
https://finance.yahoo.com/quote/OGEN/news/
2025-06-02 20:15:47.121551
2025-06-02 20:16:46.844541
HYPR
https://cn.tradingview.com/chart/zbv9c92p/?symbol=NASDAQ%3AHYPR
https://finance.yahoo.com/quote/HYPR/news/
2025-06-02 20:17:46.977014
2025-06-02 20:18:46.853808
2025-06-02 20:19:46.963434
2025-06-02 20:20:46.936052
2025-06-02 20:21:47.219744
2025-06-02 20:22:46.928509
2025-06-02 20:23:46.926354
2025-06-02 20:24:46.845234
2025-06-02 20:25:47.079607
2025-06-02 20:26:46.763550
2025-06-02 20:27:46.845902
2025-06-02 20:28:46.801253
2025-06-02 20:29:46.953728
2025-06-02 20:30:46.785966
2025-06-02 20:31:47.269893
IRD
https://cn.tradingview.com/chart/zbv9c92p/?symbol=NASDAQ%3AIRD
https://finance.yahoo.com/quote/IRD/news/
SOAR
https://cn.tradingview.com/chart/zbv9c92p/?symbol=NASDAQ%3ASOAR
https://finance.yahoo.com/quote/SOAR/news/
KIDZ
https://cn.tradingview.com/chart/zbv9c92p/?symbol=NASDAQ%3AKIDZ
https://finance.yahoo.com/quote/KIDZ/news/
2025-06-02 20:32:46.945097
SONM
https://cn.tradingview.com/chart/zbv9c92p/?symbol=NASDAQ%3ASONM
https://finance.yahoo.com/quote/SONM/news/
2025-06-02 20:33:47.089584
2025-06-02 20:34:47.143932
2025-06-02 20:35:46.790495
2025-06-02 20:36:46.768719
CLDI
https://cn.tradingview.com/chart/zbv9c92p/?symbol=NASDAQ%3ACLDI
https://finance.yahoo.com/quote/CLDI/news/
2025-06-02 20:37:46.962312
2025-06-02 20:38:46.966108
2025-06-02 20:39:47.289823
2025-06-02 20:40:46.989408
TRUG
https://cn.tradingview.com/chart/zbv9c92p/?symbol=NASDAQ%3ATRUG
https://finance.yahoo.com/quote/TRUG/news/
2025-06-02 20:41:46.845773
2025-06-02 20:42:47.063002
2025-06-02 20:43:47.279717
2025-06-02 20:44:46.805112
2025-06-02 20:45:47.089277
2025-06-02 20:46:47.054340
2025-06-02 20:47:47.162158
2025-06-02 20:48:47.364850
2025-06-02 20:49:46.867743
2025-06-02 20:50:46.963855
2025-06-02 20:51:46.845521
2025-06-02 20:52:46.832009
2025-06-02 20:53:46.847583
2025-06-02 20:54:46.858543
2025-06-02 20:55:46.935306
2025-06-02 20:56:47.166604
2025-06-02 20:57:47.028314
2025-06-02 20:58:46.770905
2025-06-02 20:59:46.815574
2025-06-02 21:00:46.771998
2025-06-02 21:01:46.881123
IMNN
https://cn.tradingview.com/chart/zbv9c92p/?symbol=NASDAQ%3AIMNN
https://finance.yahoo.com/quote/IMNN/news/
MFI
https://cn.tradingview.com/chart/zbv9c92p/?symbol=NASDAQ%3AMFI
https://finance.yahoo.com/quote/MFI/news/
2025-06-02 21:02:46.949348
2025-06-02 21:03:46.859031
2025-06-02 21:04:47.215972
2025-06-02 21:05:47.045499
2025-06-02 21:06:46.877050
2025-06-02 21:07:46.832176
2025-06-02 21:08:46.870413
2025-06-02 21:09:46.917123
2025-06-02 21:10:47.166361
2025-06-02 21:11:47.469613
2025-06-02 21:12:46.951220
2025-06-02 21:13:46.867778
2025-06-02 21:14:47.431724
2025-06-02 21:15:46.746157
2025-06-02 21:16:46.867067
2025-06-02 21:17:47.043810
2025-06-02 21:18:46.915423
2025-06-02 21:19:46.792364
2025-06-02 21:20:46.858324
2025-06-02 21:21:46.932686
2025-06-02 21:22:46.791056
2025-06-02 21:23:46.882654
RITR
https://cn.tradingview.com/chart/zbv9c92p/?symbol=NASDAQ%3ARITR
https://finance.yahoo.com/quote/RITR/news/
2025-06-02 21:24:47.398640
2025-06-02 21:25:47.014671
2025-06-02 21:27:46.855531
VYGR
https://cn.tradingview.com/chart/zbv9c92p/?symbol=NASDAQ%3AVYGR
https://finance.yahoo.com/quote/VYGR/news/
2025-06-02 21:28:46.892779
2025-06-02 21:29:47.043875
2025-06-02 21:30:47.311252
GITS
https://cn.tradingview.com/chart/zbv9c92p/?symbol=NASDAQ%3AGITS
https://finance.yahoo.com/quote/GITS/news/
BSLK
https://cn.tradingview.com/chart/zbv9c92p/?symbol=NASDAQ%3ABSLK
https://finance.yahoo.com/quote/BSLK/news/
RRGB
https://cn.tradingview.com/chart/zbv9c92p/?symbol=NASDAQ%3ARRGB
https://finance.yahoo.com/quote/RRGB/news/
ROLR
https://cn.tradingview.com/chart/zbv9c92p/?symbol=NASDAQ%3AROLR
https://finance.yahoo.com/quote/ROLR/news/
LVWR
https://cn.tradingview.com/chart/zbv9c92p/?symbol=NASDAQ%3ALVWR
https://finance.yahoo.com/quote/LVWR/news/
NCPL
https://cn.tradingview.com/chart/zbv9c92p/?symbol=NASDAQ%3ANCPL
https://finance.yahoo.com/quote/NCPL/news/
SDM
https://cn.tradingview.com/chart/zbv9c92p/?symbol=NASDAQ%3ASDM
https://finance.yahoo.com/quote/SDM/news/
STRZ
https://cn.tradingview.com/chart/zbv9c92p/?symbol=NASDAQ%3ASTRZ
https://finance.yahoo.com/quote/STRZ/news/
VERB
https://cn.tradingview.com/chart/zbv9c92p/?symbol=NASDAQ%3AVERB
https://finance.yahoo.com/quote/VERB/news/
STRR
https://cn.tradingview.com/chart/zbv9c92p/?symbol=NASDAQ%3ASTRR
https://finance.yahoo.com/quote/STRR/news/
OXBR
https://cn.tradingview.com/chart/zbv9c92p/?symbol=NASDAQ%3AOXBR
https://finance.yahoo.com/quote/OXBR/news/
TSSI
https://cn.tradingview.com/chart/zbv9c92p/?symbol=NASDAQ%3ATSSI
https://finance.yahoo.com/quote/TSSI/news/
SPRO
https://cn.tradingview.com/chart/zbv9c92p/?symbol=NASDAQ%3ASPRO
https://finance.yahoo.com/quote/SPRO/news/
RYET
https://cn.tradingview.com/chart/zbv9c92p/?symbol=NASDAQ%3ARYET
https://finance.yahoo.com/quote/RYET/news/
IQST
https://cn.tradingview.com/chart/zbv9c92p/?symbol=NASDAQ%3AIQST
https://finance.yahoo.com/quote/IQST/news/
HSDT
https://cn.tradingview.com/chart/zbv9c92p/?symbol=NASDAQ%3AHSDT
https://finance.yahoo.com/quote/HSDT/news/
CLNN
https://cn.tradingview.com/chart/zbv9c92p/?symbol=NASDAQ%3ACLNN
https://finance.yahoo.com/quote/CLNN/news/
UHG
https://cn.tradingview.com/chart/zbv9c92p/?symbol=NASDAQ%3AUHG
https://finance.yahoo.com/quote/UHG/news/
DDC
https://cn.tradingview.com/chart/zbv9c92p/?symbol=NASDAQ%3ADDC
https://finance.yahoo.com/quote/DDC/news/
2025-06-02 21:31:47.332965
2025-06-02 21:32:46.886258
调度器已关闭
