调度器启动，按 Ctrl+C 退出...
2025-06-03 19:29:03.185894
LYRA
https://cn.tradingview.com/chart/zbv9c92p/?symbol=NASDAQ%3ALYRA
https://finance.yahoo.com/quote/LYRA/news/
OGEN
https://cn.tradingview.com/chart/zbv9c92p/?symbol=NASDAQ%3AOGEN
https://finance.yahoo.com/quote/OGEN/news/
INM
https://cn.tradingview.com/chart/zbv9c92p/?symbol=NASDAQ%3AINM
https://finance.yahoo.com/quote/INM/news/
IRD
https://cn.tradingview.com/chart/zbv9c92p/?symbol=NASDAQ%3AIRD
https://finance.yahoo.com/quote/IRD/news/
VERA
https://cn.tradingview.com/chart/zbv9c92p/?symbol=NASDAQ%3AVERA
https://finance.yahoo.com/quote/VERA/news/
BNAI
https://cn.tradingview.com/chart/zbv9c92p/?symbol=NASDAQ%3ABNAI
https://finance.yahoo.com/quote/BNAI/news/
PSTV
https://cn.tradingview.com/chart/zbv9c92p/?symbol=NASDAQ%3APSTV
https://finance.yahoo.com/quote/PSTV/news/
BMGL
https://cn.tradingview.com/chart/zbv9c92p/?symbol=NASDAQ%3ABMGL
https://finance.yahoo.com/quote/BMGL/news/
TIL
https://cn.tradingview.com/chart/zbv9c92p/?symbol=NASDAQ%3ATIL
https://finance.yahoo.com/quote/TIL/news/
NTRB
https://cn.tradingview.com/chart/zbv9c92p/?symbol=NASDAQ%3ANTRB
https://finance.yahoo.com/quote/NTRB/news/
MINM
https://cn.tradingview.com/chart/zbv9c92p/?symbol=NASDAQ%3AMINM
https://finance.yahoo.com/quote/MINM/news/
RITR
https://cn.tradingview.com/chart/zbv9c92p/?symbol=NASDAQ%3ARITR
https://finance.yahoo.com/quote/RITR/news/
CENX
https://cn.tradingview.com/chart/zbv9c92p/?symbol=NASDAQ%3ACENX
https://finance.yahoo.com/quote/CENX/news/
CLF
https://cn.tradingview.com/chart/zbv9c92p/?symbol=NASDAQ%3ACLF
https://finance.yahoo.com/quote/CLF/news/
APLD
https://cn.tradingview.com/chart/zbv9c92p/?symbol=NASDAQ%3AAPLD
https://finance.yahoo.com/quote/APLD/news/
CISO
https://cn.tradingview.com/chart/zbv9c92p/?symbol=NASDAQ%3ACISO
https://finance.yahoo.com/quote/CISO/news/
FAAS
https://cn.tradingview.com/chart/zbv9c92p/?symbol=NASDAQ%3AFAAS
https://finance.yahoo.com/quote/FAAS/news/
MFI
https://cn.tradingview.com/chart/zbv9c92p/?symbol=NASDAQ%3AMFI
https://finance.yahoo.com/quote/MFI/news/
ARAI
https://cn.tradingview.com/chart/zbv9c92p/?symbol=NASDAQ%3AARAI
https://finance.yahoo.com/quote/ARAI/news/
CLDI
https://cn.tradingview.com/chart/zbv9c92p/?symbol=NASDAQ%3ACLDI
https://finance.yahoo.com/quote/CLDI/news/
CDT
https://cn.tradingview.com/chart/zbv9c92p/?symbol=NASDAQ%3ACDT
https://finance.yahoo.com/quote/CDT/news/
VYGR
https://cn.tradingview.com/chart/zbv9c92p/?symbol=NASDAQ%3AVYGR
https://finance.yahoo.com/quote/VYGR/news/
NIVF
https://cn.tradingview.com/chart/zbv9c92p/?symbol=NASDAQ%3ANIVF
https://finance.yahoo.com/quote/NIVF/news/
RVYL
https://cn.tradingview.com/chart/zbv9c92p/?symbol=NASDAQ%3ARVYL
https://finance.yahoo.com/quote/RVYL/news/
2025-06-03 19:30:02.122487
KPRX
https://cn.tradingview.com/chart/zbv9c92p/?symbol=NASDAQ%3AKPRX
https://finance.yahoo.com/quote/KPRX/news/
TRAW
https://cn.tradingview.com/chart/zbv9c92p/?symbol=NASDAQ%3ATRAW
https://finance.yahoo.com/quote/TRAW/news/
GNLN
https://cn.tradingview.com/chart/zbv9c92p/?symbol=NASDAQ%3AGNLN
https://finance.yahoo.com/quote/GNLN/news/
REVB
https://cn.tradingview.com/chart/zbv9c92p/?symbol=NASDAQ%3AREVB
https://finance.yahoo.com/quote/REVB/news/
AGEN
https://cn.tradingview.com/chart/zbv9c92p/?symbol=NASDAQ%3AAGEN
https://finance.yahoo.com/quote/AGEN/news/
SISI
https://cn.tradingview.com/chart/zbv9c92p/?symbol=NASDAQ%3ASISI
https://finance.yahoo.com/quote/SISI/news/
SGD
https://cn.tradingview.com/chart/zbv9c92p/?symbol=NASDAQ%3ASGD
https://finance.yahoo.com/quote/SGD/news/
2025-06-03 19:31:01.440225
2025-06-03 19:32:01.819910
2025-06-03 19:33:01.243386
2025-06-03 19:34:01.255340
2025-06-03 19:35:02.780818
2025-06-03 19:36:01.326496
2025-06-03 19:37:01.187788
2025-06-03 19:38:01.390565
BON
https://cn.tradingview.com/chart/zbv9c92p/?symbol=NASDAQ%3ABON
https://finance.yahoo.com/quote/BON/news/
2025-06-03 19:39:01.400012
2025-06-03 19:40:01.737067
2025-06-03 19:41:01.349064
2025-06-03 19:42:01.762696
2025-06-03 19:43:01.243555
2025-06-03 19:44:01.875975
2025-06-03 19:45:01.475495
2025-06-03 19:46:01.204473
2025-06-03 19:47:02.009000
2025-06-03 19:48:01.295041
EONR
https://cn.tradingview.com/chart/zbv9c92p/?symbol=NASDAQ%3AEONR
https://finance.yahoo.com/quote/EONR/news/
SHOT
https://cn.tradingview.com/chart/zbv9c92p/?symbol=NASDAQ%3ASHOT
https://finance.yahoo.com/quote/SHOT/news/
2025-06-03 19:49:01.624080
2025-06-03 19:50:01.469105
REKR
https://cn.tradingview.com/chart/zbv9c92p/?symbol=NASDAQ%3AREKR
https://finance.yahoo.com/quote/REKR/news/
ALZN
https://cn.tradingview.com/chart/zbv9c92p/?symbol=NASDAQ%3AALZN
https://finance.yahoo.com/quote/ALZN/news/
2025-06-03 19:51:01.545501
2025-06-03 19:52:01.394553
2025-06-03 19:53:01.166586
2025-06-03 19:54:01.176664
2025-06-03 19:55:01.186953
2025-06-03 19:56:01.433900
2025-06-03 19:57:01.763321
2025-06-03 19:58:01.326850
2025-06-03 20:00:01.519496
2025-06-03 20:01:01.190773
2025-06-03 20:02:01.379454
2025-06-03 20:03:01.286983
ESLA
https://cn.tradingview.com/chart/zbv9c92p/?symbol=NASDAQ%3AESLA
https://finance.yahoo.com/quote/ESLA/news/
2025-06-03 20:04:01.271549
2025-06-03 20:05:01.405024
2025-06-03 20:06:01.318959
2025-06-03 20:07:01.437769
SOAR
https://cn.tradingview.com/chart/zbv9c92p/?symbol=NASDAQ%3ASOAR
https://finance.yahoo.com/quote/SOAR/news/
2025-06-03 20:08:01.418895
2025-06-03 20:09:02.274131
2025-06-03 20:10:01.980619
2025-06-03 20:11:02.142110
2025-06-03 20:12:01.422055
2025-06-03 20:13:01.502135
EYEN
https://cn.tradingview.com/chart/zbv9c92p/?symbol=NASDAQ%3AEYEN
https://finance.yahoo.com/quote/EYEN/news/
2025-06-03 20:14:01.243611
2025-06-03 20:15:01.438833
2025-06-03 20:16:01.354175
AIMD
https://cn.tradingview.com/chart/zbv9c92p/?symbol=NASDAQ%3AAIMD
https://finance.yahoo.com/quote/AIMD/news/
2025-06-03 20:17:01.453128
2025-06-03 20:18:01.462606
2025-06-03 20:19:01.764566
2025-06-03 20:20:01.780099
KAPA
https://cn.tradingview.com/chart/zbv9c92p/?symbol=NASDAQ%3AKAPA
https://finance.yahoo.com/quote/KAPA/news/
2025-06-03 20:21:01.385099
2025-06-03 20:22:01.228900
2025-06-03 20:23:01.305247
2025-06-03 20:24:01.324211
2025-06-03 20:25:01.760980
2025-06-03 20:26:01.360520
2025-06-03 20:27:01.557488
2025-06-03 20:28:01.398793
2025-06-03 20:29:01.238073
2025-06-03 20:30:01.288652
2025-06-03 20:31:01.791182
MCTR
https://cn.tradingview.com/chart/zbv9c92p/?symbol=NASDAQ%3AMCTR
https://finance.yahoo.com/quote/MCTR/news/
2025-06-03 20:32:01.344637
2025-06-03 20:33:01.821234
RSLS
https://cn.tradingview.com/chart/zbv9c92p/?symbol=NASDAQ%3ARSLS
https://finance.yahoo.com/quote/RSLS/news/
2025-06-03 20:34:01.186316
2025-06-03 20:35:02.105719
2025-06-03 20:36:01.276176
2025-06-03 20:37:01.803216
2025-06-03 20:38:01.371967
AREB
https://cn.tradingview.com/chart/zbv9c92p/?symbol=NASDAQ%3AAREB
https://finance.yahoo.com/quote/AREB/news/
2025-06-03 20:39:01.480852
2025-06-03 20:40:01.404732
2025-06-03 20:41:01.678951
2025-06-03 20:42:01.344248
2025-06-03 20:43:01.444530
2025-06-03 20:44:01.151761
2025-06-03 20:45:01.560596
2025-06-03 20:46:01.252072
2025-06-03 20:47:01.436189
2025-06-03 20:48:01.187524
2025-06-03 20:49:01.723012
TTNP
https://cn.tradingview.com/chart/zbv9c92p/?symbol=NASDAQ%3ATTNP
https://finance.yahoo.com/quote/TTNP/news/
2025-06-03 20:50:01.264340
2025-06-03 20:51:01.629271
2025-06-03 20:52:01.681122
2025-06-03 20:53:01.682697
2025-06-03 20:54:01.343155
2025-06-03 20:55:01.867078
2025-06-03 20:56:01.186670
2025-06-03 20:57:01.384653
2025-06-03 20:58:01.782005
AP
https://cn.tradingview.com/chart/zbv9c92p/?symbol=NASDAQ%3AAP
https://finance.yahoo.com/quote/AP/news/
2025-06-03 20:59:01.363818
2025-06-03 21:00:01.418790
2025-06-03 21:01:01.155404
CTRN
https://cn.tradingview.com/chart/zbv9c92p/?symbol=NASDAQ%3ACTRN
https://finance.yahoo.com/quote/CTRN/news/
2025-06-03 21:02:01.929836
2025-06-03 21:03:01.453708
2025-06-03 21:04:01.218793
2025-06-03 21:05:01.390240
2025-06-03 21:06:01.170337
2025-06-03 21:07:01.545514
2025-06-03 21:08:01.632632
2025-06-03 21:09:01.187148
2025-06-03 21:10:01.345583
2025-06-03 21:11:01.647069
2025-06-03 21:12:01.816223
2025-06-03 21:13:01.207210
2025-06-03 21:14:01.810790
2025-06-03 21:15:01.392654
2025-06-03 21:16:01.284040
2025-06-03 21:17:01.394623
调度器已关闭
