调度器启动，按 Ctrl+C 退出...
2025-06-06 19:04:37.194399
EYEN
https://cn.tradingview.com/chart/zbv9c92p/?symbol=NASDAQ%3AEYEN
https://finance.yahoo.com/quote/EYEN/news/
GLYC
https://cn.tradingview.com/chart/zbv9c92p/?symbol=NASDAQ%3AGLYC
https://finance.yahoo.com/quote/GLYC/news/
BJDX
https://cn.tradingview.com/chart/zbv9c92p/?symbol=NASDAQ%3ABJDX
https://finance.yahoo.com/quote/BJDX/news/
ECDA
https://cn.tradingview.com/chart/zbv9c92p/?symbol=NASDAQ%3AECDA
https://finance.yahoo.com/quote/ECDA/news/
HSDT
https://cn.tradingview.com/chart/zbv9c92p/?symbol=NASDAQ%3AHSDT
https://finance.yahoo.com/quote/HSDT/news/
TGE
https://cn.tradingview.com/chart/zbv9c92p/?symbol=NASDAQ%3ATGE
https://finance.yahoo.com/quote/TGE/news/
OFAL
https://cn.tradingview.com/chart/zbv9c92p/?symbol=NASDAQ%3AOFAL
https://finance.yahoo.com/quote/OFAL/news/
HKPD
https://cn.tradingview.com/chart/zbv9c92p/?symbol=NASDAQ%3AHKPD
https://finance.yahoo.com/quote/HKPD/news/
2025-06-06 19:05:37.301411
2025-06-06 19:06:37.144603
2025-06-06 19:07:37.701141
2025-06-06 19:08:37.388983
2025-06-06 19:09:37.208505
2025-06-06 19:10:37.673033
2025-06-06 19:11:37.564258
2025-06-06 19:12:37.624311
2025-06-06 19:13:38.235446
2025-06-06 19:14:37.581387
2025-06-06 19:15:37.277366
2025-06-06 19:16:37.272142
2025-06-06 19:17:37.644354
2025-06-06 19:18:37.594634
2025-06-06 19:19:37.107857
2025-06-06 19:20:37.216459
2025-06-06 19:21:37.304314
2025-06-06 19:22:37.238514
2025-06-06 19:23:37.234864
2025-06-06 19:24:37.311038
2025-06-06 19:25:37.293759
2025-06-06 19:26:37.150479
2025-06-06 19:27:37.451021
2025-06-06 19:28:37.262156
2025-06-06 19:29:37.271871
2025-06-06 19:30:37.204822
2025-06-06 19:31:38.198732
2025-06-06 19:32:37.151569
VERO
https://cn.tradingview.com/chart/zbv9c92p/?symbol=NASDAQ%3AVERO
https://finance.yahoo.com/quote/VERO/news/
2025-06-06 19:33:37.265065
2025-06-06 19:34:37.095727
2025-06-06 19:35:37.350213
2025-06-06 19:36:37.120802
RENT
https://cn.tradingview.com/chart/zbv9c92p/?symbol=NASDAQ%3ARENT
https://finance.yahoo.com/quote/RENT/news/
2025-06-06 19:37:37.414120
2025-06-06 19:38:37.599703
WBUY
https://cn.tradingview.com/chart/zbv9c92p/?symbol=NASDAQ%3AWBUY
https://finance.yahoo.com/quote/WBUY/news/
2025-06-06 19:39:37.761425
2025-06-06 19:40:37.628071
2025-06-06 19:41:37.435691
2025-06-06 19:42:37.343130
2025-06-06 19:43:37.434348
2025-06-06 19:44:37.319733
2025-06-06 19:45:37.681829
2025-06-06 19:46:37.274860
2025-06-06 19:47:37.430575
2025-06-06 19:48:37.411256
2025-06-06 19:49:37.203312
2025-06-06 19:50:37.544221
2025-06-06 19:51:37.307192
2025-06-06 19:52:37.267636
2025-06-06 19:53:37.630391
2025-06-06 19:54:37.164168
2025-06-06 19:55:37.357401
2025-06-06 19:56:37.626924
2025-06-06 19:57:37.391421
2025-06-06 19:58:37.797836
2025-06-06 19:59:38.060325
2025-06-06 20:00:37.247058
2025-06-06 20:01:37.871791
2025-06-06 20:02:37.111563
AYTU
https://cn.tradingview.com/chart/zbv9c92p/?symbol=NASDAQ%3AAYTU
https://finance.yahoo.com/quote/AYTU/news/
VEEE
https://cn.tradingview.com/chart/zbv9c92p/?symbol=NASDAQ%3AVEEE
https://finance.yahoo.com/quote/VEEE/news/
2025-06-06 20:03:37.392938
2025-06-06 20:04:38.342121
2025-06-06 20:05:37.491346
2025-06-06 20:06:37.142048
2025-06-06 20:07:37.274502
2025-06-06 20:08:37.827544
2025-06-06 20:09:37.342870
2025-06-06 20:10:37.569892
2025-06-06 20:11:37.919100
2025-06-06 20:12:37.304263
2025-06-06 20:13:37.384843
2025-06-06 20:14:37.389309
2025-06-06 20:15:37.269943
2025-06-06 20:16:37.461182
2025-06-06 20:17:37.383435
2025-06-06 20:18:37.292263
2025-06-06 20:19:37.154714
2025-06-06 20:20:37.776403
MODV
https://cn.tradingview.com/chart/zbv9c92p/?symbol=NASDAQ%3AMODV
https://finance.yahoo.com/quote/MODV/news/
2025-06-06 20:21:37.623818
2025-06-06 20:22:37.156777
2025-06-06 20:23:37.169456
2025-06-06 20:24:37.803000
2025-06-06 20:25:37.534516
2025-06-06 20:26:37.248040
OMH
https://cn.tradingview.com/chart/zbv9c92p/?symbol=NASDAQ%3AOMH
https://finance.yahoo.com/quote/OMH/news/
2025-06-06 20:27:37.305039
2025-06-06 20:28:37.377269
2025-06-06 20:29:37.421810
2025-06-06 20:30:38.104743
CLYM
https://cn.tradingview.com/chart/zbv9c92p/?symbol=NASDAQ%3ACLYM
https://finance.yahoo.com/quote/CLYM/news/
2025-06-06 20:31:38.628832
2025-06-06 20:32:37.435384
2025-06-06 20:33:38.111848
2025-06-06 20:34:37.153000
NAMM
https://cn.tradingview.com/chart/zbv9c92p/?symbol=NASDAQ%3ANAMM
https://finance.yahoo.com/quote/NAMM/news/
CHGG
https://cn.tradingview.com/chart/zbv9c92p/?symbol=NASDAQ%3ACHGG
https://finance.yahoo.com/quote/CHGG/news/
2025-06-06 20:35:37.666751
2025-06-06 20:36:37.412339
2025-06-06 20:37:37.426893
2025-06-06 20:38:37.411679
2025-06-06 20:39:37.194057
SAGT
https://cn.tradingview.com/chart/zbv9c92p/?symbol=NASDAQ%3ASAGT
https://finance.yahoo.com/quote/SAGT/news/
2025-06-06 20:40:37.421280
2025-06-06 20:41:37.089618
2025-06-06 20:42:37.196346
2025-06-06 20:43:37.223480
2025-06-06 20:44:37.129048
2025-06-06 20:45:37.448825
2025-06-06 20:46:37.196155
MULN
https://cn.tradingview.com/chart/zbv9c92p/?symbol=NASDAQ%3AMULN
https://finance.yahoo.com/quote/MULN/news/
2025-06-06 20:47:37.164622
2025-06-06 20:48:37.125208
2025-06-06 20:49:37.113389
2025-06-06 20:50:37.085739
2025-06-06 20:51:37.100305
NX
https://cn.tradingview.com/chart/zbv9c92p/?symbol=NASDAQ%3ANX
https://finance.yahoo.com/quote/NX/news/
2025-06-06 20:52:37.206145
2025-06-06 20:53:37.392065
2025-06-06 20:54:37.475507
2025-06-06 20:55:37.940429
2025-06-06 20:56:37.584618
2025-06-06 20:57:37.687527
2025-06-06 20:58:37.647576
2025-06-06 20:59:37.538164
OBLG
https://cn.tradingview.com/chart/zbv9c92p/?symbol=NASDAQ%3AOBLG
https://finance.yahoo.com/quote/OBLG/news/
2025-06-06 21:00:37.192758
2025-06-06 21:01:37.546192
2025-06-06 21:02:37.174528
KNW
https://cn.tradingview.com/chart/zbv9c92p/?symbol=NASDAQ%3AKNW
https://finance.yahoo.com/quote/KNW/news/
2025-06-06 21:03:37.500053
2025-06-06 21:04:37.661456
2025-06-06 21:05:37.212331
2025-06-06 21:06:37.358500
2025-06-06 21:07:37.319275
2025-06-06 21:08:37.368298
2025-06-06 21:09:37.314822
2025-06-06 21:10:37.496431
2025-06-06 21:11:37.348856
2025-06-06 21:12:37.887429
2025-06-06 21:13:37.933603
2025-06-06 21:14:37.300016
2025-06-06 21:15:37.563696
2025-06-06 21:16:37.374870
2025-06-06 21:17:37.675784
2025-06-06 21:18:37.192992
DTCK
https://cn.tradingview.com/chart/zbv9c92p/?symbol=NASDAQ%3ADTCK
https://finance.yahoo.com/quote/DTCK/news/
2025-06-06 21:19:37.631155
2025-06-06 21:20:37.389360
2025-06-06 21:21:37.437867
2025-06-06 21:22:37.263155
2025-06-06 21:23:37.284309
2025-06-06 21:24:37.227190
2025-06-06 21:25:37.316457
2025-06-06 21:26:37.088948
2025-06-06 21:27:37.688280
2025-06-06 21:28:38.364580
2025-06-06 21:29:37.445984
2025-06-06 21:30:37.720561
LIMN
https://cn.tradingview.com/chart/zbv9c92p/?symbol=NASDAQ%3ALIMN
https://finance.yahoo.com/quote/LIMN/news/
NEGG
https://cn.tradingview.com/chart/zbv9c92p/?symbol=NASDAQ%3ANEGG
https://finance.yahoo.com/quote/NEGG/news/
PL
https://cn.tradingview.com/chart/zbv9c92p/?symbol=NASDAQ%3APL
https://finance.yahoo.com/quote/PL/news/
ZENA
https://cn.tradingview.com/chart/zbv9c92p/?symbol=NASDAQ%3AZENA
https://finance.yahoo.com/quote/ZENA/news/
QVCGA
https://cn.tradingview.com/chart/zbv9c92p/?symbol=NASDAQ%3AQVCGA
https://finance.yahoo.com/quote/QVCGA/news/
PTHL
https://cn.tradingview.com/chart/zbv9c92p/?symbol=NASDAQ%3APTHL
https://finance.yahoo.com/quote/PTHL/news/
MFI
https://cn.tradingview.com/chart/zbv9c92p/?symbol=NASDAQ%3AMFI
https://finance.yahoo.com/quote/MFI/news/
CHEB
https://cn.tradingview.com/chart/zbv9c92p/?symbol=NASDAQ%3ACHEB
https://finance.yahoo.com/quote/CHEB/news/
PHH
https://cn.tradingview.com/chart/zbv9c92p/?symbol=NASDAQ%3APHH
https://finance.yahoo.com/quote/PHH/news/
SATS
https://cn.tradingview.com/chart/zbv9c92p/?symbol=NASDAQ%3ASATS
https://finance.yahoo.com/quote/SATS/news/
AIFU
https://cn.tradingview.com/chart/zbv9c92p/?symbol=NASDAQ%3AAIFU
https://finance.yahoo.com/quote/AIFU/news/
SGMT
https://cn.tradingview.com/chart/zbv9c92p/?symbol=NASDAQ%3ASGMT
https://finance.yahoo.com/quote/SGMT/news/
PHIO
https://cn.tradingview.com/chart/zbv9c92p/?symbol=NASDAQ%3APHIO
https://finance.yahoo.com/quote/PHIO/news/
AEHL
https://cn.tradingview.com/chart/zbv9c92p/?symbol=NASDAQ%3AAEHL
https://finance.yahoo.com/quote/AEHL/news/
TPST
https://cn.tradingview.com/chart/zbv9c92p/?symbol=NASDAQ%3ATPST
https://finance.yahoo.com/quote/TPST/news/
2025-06-06 21:31:37.320256
BRLS
https://cn.tradingview.com/chart/zbv9c92p/?symbol=NASDAQ%3ABRLS
https://finance.yahoo.com/quote/BRLS/news/
2025-06-06 21:32:37.467659
2025-06-06 21:33:37.577682
2025-06-06 21:34:37.145596
2025-06-06 21:35:37.543935
FCEL
https://cn.tradingview.com/chart/zbv9c92p/?symbol=NASDAQ%3AFCEL
https://finance.yahoo.com/quote/FCEL/news/
2025-06-06 21:36:37.187003
SPWH
https://cn.tradingview.com/chart/zbv9c92p/?symbol=NASDAQ%3ASPWH
https://finance.yahoo.com/quote/SPWH/news/
2025-06-06 21:37:37.477393
2025-06-06 21:38:37.467461
DIST
https://cn.tradingview.com/chart/zbv9c92p/?symbol=NASDAQ%3ADIST
https://finance.yahoo.com/quote/DIST/news/
LUNG
https://cn.tradingview.com/chart/zbv9c92p/?symbol=NASDAQ%3ALUNG
https://finance.yahoo.com/quote/LUNG/news/
2025-06-06 21:39:37.344385
APLD
https://cn.tradingview.com/chart/zbv9c92p/?symbol=NASDAQ%3AAPLD
https://finance.yahoo.com/quote/APLD/news/
2025-06-06 21:40:37.748393
2025-06-06 21:41:37.613768
2025-06-06 21:42:37.285688
2025-06-06 21:43:37.304840
TNGX
https://cn.tradingview.com/chart/zbv9c92p/?symbol=NASDAQ%3ATNGX
https://finance.yahoo.com/quote/TNGX/news/
2025-06-06 21:44:37.391936
PDYN
https://cn.tradingview.com/chart/zbv9c92p/?symbol=NASDAQ%3APDYN
https://finance.yahoo.com/quote/PDYN/news/
2025-06-06 21:45:37.191113
2025-06-06 21:46:37.799255
2025-06-06 21:47:37.217819
2025-06-06 21:48:37.274710
QXO
https://cn.tradingview.com/chart/zbv9c92p/?symbol=NASDAQ%3AQXO
https://finance.yahoo.com/quote/QXO/news/
2025-06-06 21:49:37.513511
BSGM
https://cn.tradingview.com/chart/zbv9c92p/?symbol=NASDAQ%3ABSGM
https://finance.yahoo.com/quote/BSGM/news/
RCAT
https://cn.tradingview.com/chart/zbv9c92p/?symbol=NASDAQ%3ARCAT
https://finance.yahoo.com/quote/RCAT/news/
2025-06-06 21:50:37.263383
2025-06-06 21:51:37.235872
2025-06-06 21:52:37.115767
2025-06-06 21:53:37.071132
2025-06-06 21:54:37.494789
2025-06-06 21:55:39.802737
BROG
https://cn.tradingview.com/chart/zbv9c92p/?symbol=NASDAQ%3ABROG
https://finance.yahoo.com/quote/BROG/news/
2025-06-06 21:56:37.444224
2025-06-06 21:57:37.260880
MANU
https://cn.tradingview.com/chart/zbv9c92p/?symbol=NASDAQ%3AMANU
https://finance.yahoo.com/quote/MANU/news/
2025-06-06 21:58:37.333675
2025-06-06 21:59:37.251986
2025-06-06 22:00:37.160228
NVNO
https://cn.tradingview.com/chart/zbv9c92p/?symbol=NASDAQ%3ANVNO
https://finance.yahoo.com/quote/NVNO/news/
2025-06-06 22:01:37.498778
2025-06-06 22:02:37.409485
2025-06-06 22:03:37.228296
调度器已关闭
