2025-05-26 23:15:46.007746
LTBR
https://cn.tradingview.com/chart/zbv9c92p/?symbol=NASDAQ%3ALTBR
https://finance.yahoo.com/quote/LTBR/
DOUG
https://cn.tradingview.com/chart/zbv9c92p/?symbol=NASDAQ%3ADOUG
https://finance.yahoo.com/quote/DOUG/
NNE
https://cn.tradingview.com/chart/zbv9c92p/?symbol=NASDAQ%3ANNE
https://finance.yahoo.com/quote/NNE/
VVPR
https://cn.tradingview.com/chart/zbv9c92p/?symbol=NASDAQ%3AVVPR
https://finance.yahoo.com/quote/VVPR/
ALTS
https://cn.tradingview.com/chart/zbv9c92p/?symbol=NASDAQ%3AALTS
https://finance.yahoo.com/quote/ALTS/
NEOV
https://cn.tradingview.com/chart/zbv9c92p/?symbol=NASDAQ%3ANEOV
https://finance.yahoo.com/quote/NEOV/
AGAE
https://cn.tradingview.com/chart/zbv9c92p/?symbol=NASDAQ%3AAGAE
https://finance.yahoo.com/quote/AGAE/
UUUU
https://cn.tradingview.com/chart/zbv9c92p/?symbol=NASDAQ%3AUUUU
https://finance.yahoo.com/quote/UUUU/
GLE
https://cn.tradingview.com/chart/zbv9c92p/?symbol=NASDAQ%3AGLE
https://finance.yahoo.com/quote/GLE/
FCEL
https://cn.tradingview.com/chart/zbv9c92p/?symbol=NASDAQ%3AFCEL
https://finance.yahoo.com/quote/FCEL/
SMR
https://cn.tradingview.com/chart/zbv9c92p/?symbol=NASDAQ%3ASMR
https://finance.yahoo.com/quote/SMR/
LPA
https://cn.tradingview.com/chart/zbv9c92p/?symbol=NASDAQ%3ALPA
https://finance.yahoo.com/quote/LPA/
SBC
https://cn.tradingview.com/chart/zbv9c92p/?symbol=NASDAQ%3ASBC
https://finance.yahoo.com/quote/SBC/
DUOT
https://cn.tradingview.com/chart/zbv9c92p/?symbol=NASDAQ%3ADUOT
https://finance.yahoo.com/quote/DUOT/
INFA
https://cn.tradingview.com/chart/zbv9c92p/?symbol=NASDAQ%3AINFA
https://finance.yahoo.com/quote/INFA/
CPSH
https://cn.tradingview.com/chart/zbv9c92p/?symbol=NASDAQ%3ACPSH
https://finance.yahoo.com/quote/CPSH/
LZMH
https://cn.tradingview.com/chart/zbv9c92p/?symbol=NASDAQ%3ALZMH
https://finance.yahoo.com/quote/LZMH/
ROMA
https://cn.tradingview.com/chart/zbv9c92p/?symbol=NASDAQ%3AROMA
https://finance.yahoo.com/quote/ROMA/
2025-05-26 23:16:46.009597
2025-05-26 23:17:45.916681
