2025-05-21 17:45:46.005526
BDSX
https://cn.tradingview.com/chart/zbv9c92p/?symbol=NASDAQ%3ABDSX
https://finance.yahoo.com/quote/BDSX/
CFSB
https://cn.tradingview.com/chart/zbv9c92p/?symbol=NASDAQ%3ACFSB
https://finance.yahoo.com/quote/CFSB/
PTPI
https://cn.tradingview.com/chart/zbv9c92p/?symbol=NASDAQ%3APTPI
https://finance.yahoo.com/quote/PTPI/
DGLY
https://cn.tradingview.com/chart/zbv9c92p/?symbol=NASDAQ%3ADGLY
https://finance.yahoo.com/quote/DGLY/
SGMA
https://cn.tradingview.com/chart/zbv9c92p/?symbol=NASDAQ%3ASGMA
https://finance.yahoo.com/quote/SGMA/
2025-05-21 17:46:46.120176
GCL
https://cn.tradingview.com/chart/zbv9c92p/?symbol=NASDAQ%3AGCL
https://finance.yahoo.com/quote/GCL/
MTVA
https://cn.tradingview.com/chart/zbv9c92p/?symbol=NASDAQ%3AMTVA
https://finance.yahoo.com/quote/MTVA/
2025-05-21 20:14:47.657922
PLRZ
https://cn.tradingview.com/chart/zbv9c92p/?symbol=NASDAQ%3APLRZ
https://finance.yahoo.com/quote/PLRZ/
DFDV
https://cn.tradingview.com/chart/zbv9c92p/?symbol=NASDAQ%3ADFDV
https://finance.yahoo.com/quote/DFDV/
KDLY
https://cn.tradingview.com/chart/zbv9c92p/?symbol=NASDAQ%3AKDLY
https://finance.yahoo.com/quote/KDLY/
RILY
https://cn.tradingview.com/chart/zbv9c92p/?symbol=NASDAQ%3ARILY
https://finance.yahoo.com/quote/RILY/
AKYA
https://cn.tradingview.com/chart/zbv9c92p/?symbol=NASDAQ%3AAKYA
https://finance.yahoo.com/quote/AKYA/
ASST
https://cn.tradingview.com/chart/zbv9c92p/?symbol=NASDAQ%3AASST
https://finance.yahoo.com/quote/ASST/
2025-05-21 20:15:46.075226
