调度器启动，按 Ctrl+C 退出...
2025-06-08 23:11:43.413527
NAMM
https://cn.tradingview.com/chart/zbv9c92p/?symbol=NASDAQ%3ANAMM
no news
调度器启动，按 Ctrl+C 退出...
2025-06-08 23:17:12.854964
NAMM
https://cn.tradingview.com/chart/zbv9c92p/?symbol=NASDAQ%3ANAMM
no news
PHAT
https://cn.tradingview.com/chart/zbv9c92p/?symbol=NASDAQ%3APHAT
no news
SXTC
https://cn.tradingview.com/chart/zbv9c92p/?symbol=NASDAQ%3ASXTC
no news
EYEN
https://cn.tradingview.com/chart/zbv9c92p/?symbol=NASDAQ%3AEYEN
no news
WBUY
https://cn.tradingview.com/chart/zbv9c92p/?symbol=NASDAQ%3AWBUY
no news
PTHL
https://cn.tradingview.com/chart/zbv9c92p/?symbol=NASDAQ%3APTHL
no news
BRLS
https://cn.tradingview.com/chart/zbv9c92p/?symbol=NASDAQ%3ABRLS
no news
MB
https://cn.tradingview.com/chart/zbv9c92p/?symbol=NASDAQ%3AMB
no news
BJDX
https://cn.tradingview.com/chart/zbv9c92p/?symbol=NASDAQ%3ABJDX
no news
URGN
https://cn.tradingview.com/chart/zbv9c92p/?symbol=NASDAQ%3AURGN
no news
NPWR
https://cn.tradingview.com/chart/zbv9c92p/?symbol=NASDAQ%3ANPWR
no news
AYTU
https://cn.tradingview.com/chart/zbv9c92p/?symbol=NASDAQ%3AAYTU
no news
VERO
https://cn.tradingview.com/chart/zbv9c92p/?symbol=NASDAQ%3AVERO
no news
DFDV
https://cn.tradingview.com/chart/zbv9c92p/?symbol=NASDAQ%3ADFDV
no news
RENT
https://cn.tradingview.com/chart/zbv9c92p/?symbol=NASDAQ%3ARENT
no news
BSGM
https://cn.tradingview.com/chart/zbv9c92p/?symbol=NASDAQ%3ABSGM
no news
FCEL
https://cn.tradingview.com/chart/zbv9c92p/?symbol=NASDAQ%3AFCEL
调度器启动，按 Ctrl+C 退出...
2025-06-08 23:18:28.397652
NAMM
https://cn.tradingview.com/chart/zbv9c92p/?symbol=NASDAQ%3ANAMM
Namib Minerals and Hennessy Capital Investment Corp. VI Announce Closing of Business Combination
2 days ago
PHAT
https://cn.tradingview.com/chart/zbv9c92p/?symbol=NASDAQ%3APHAT
Phathom Pharmaceuticals Announces Positive FDA Decision to Recognize 10 Years of Regulatory Exclusivity for VOQUEZNA® (vonoprazan) Tablets through May 3, 2032
1 day ago
SXTC
https://cn.tradingview.com/chart/zbv9c92p/?symbol=NASDAQ%3ASXTC
China SXT Pharmaceuticals Has Regained Compliance with Nasdaq’s Minimum Bid Price Deficiency
2 months ago
EYEN
https://cn.tradingview.com/chart/zbv9c92p/?symbol=NASDAQ%3AEYEN
Eyenovia Provides Updates on Potential Merger with Betaliq and Development of the Optejet User Filled Device (UFD), and Reports First Quarter 2025 Financial Results
19 days ago
WBUY
https://cn.tradingview.com/chart/zbv9c92p/?symbol=NASDAQ%3AWBUY
Webuy Global Ltd. (Nasdaq: WBUY) Reinstated Listing on Nasdaq Capital Market and Returns to Profitability with Strong First Quarter Growth in Travel
1 month ago
PTHL
https://cn.tradingview.com/chart/zbv9c92p/?symbol=NASDAQ%3APTHL
Pheton Holdings Ltd Announces Closing of Initial Public Offering
9 months ago
BRLS
https://cn.tradingview.com/chart/zbv9c92p/?symbol=NASDAQ%3ABRLS
Borealis Foods' CEO Reza Soltanzadeh Issues Letter to Shareholders
11 days ago
MB
https://cn.tradingview.com/chart/zbv9c92p/?symbol=NASDAQ%3AMB
MASTERBEEF GROUP Announces Closing of Partial Exercise of Over-Allotment Option in its Initial Public Offering
22 days ago
BJDX
https://cn.tradingview.com/chart/zbv9c92p/?symbol=NASDAQ%3ABJDX
Bluejay Diagnostics Provides Mid-Year Business and Corporate Update
4 days ago
URGN
https://cn.tradingview.com/chart/zbv9c92p/?symbol=NASDAQ%3AURGN
UroGen Pharma Announces Inducement Grants Under Nasdaq Listing Rule 5635(c)(4)
2 days ago
NPWR
https://cn.tradingview.com/chart/zbv9c92p/?symbol=NASDAQ%3ANPWR
Net Power Reports First Quarter 2025 Results and Provides Business Update
26 days ago
AYTU
https://cn.tradingview.com/chart/zbv9c92p/?symbol=NASDAQ%3AAYTU
Aytu BioPharma Announces At the Market Pricing of $14.4 Million Upsized Public Offering of Common Stock
2 days ago
VERO
https://cn.tradingview.com/chart/zbv9c92p/?symbol=NASDAQ%3AVERO
Venus Concept Announces Up To $3.45 Million Registered Direct Offering Priced At-The-Market Under Nasdaq Rules
1 day ago
DFDV
https://cn.tradingview.com/chart/zbv9c92p/?symbol=NASDAQ%3ADFDV
DeFi Dev Corp. Partners with Drift Protocol to List dfdvSOL Liquid Staking Token
2 days ago
RENT
https://cn.tradingview.com/chart/zbv9c92p/?symbol=NASDAQ%3ARENT
Rent the Runway, Inc. Announces First Quarter 2025 Results
2 days ago
BSGM
https://cn.tradingview.com/chart/zbv9c92p/?symbol=NASDAQ%3ABSGM
BioSig & Streamex Appoint Co-Founder of the Osisko Group & Mining Visionary, Sean Roosen as Strategic Advisor
4 days ago
FCEL
https://cn.tradingview.com/chart/zbv9c92p/?symbol=NASDAQ%3AFCEL
FuelCell Energy Reports Second Quarter of Fiscal 2025 Results
2 days ago
ZONE
https://cn.tradingview.com/chart/zbv9c92p/?symbol=NASDAQ%3AZONE
CleanCore Solutions, Inc. (ZONE) Achieves 77.7% Year-Over-Year Revenue Growth for the Third Quarter of Fiscal 2025
25 days ago
BROG
https://cn.tradingview.com/chart/zbv9c92p/?symbol=NASDAQ%3ABROG
Brooge Energy Voluntarily Delists from Nasdaq
10 days ago
TNGX
https://cn.tradingview.com/chart/zbv9c92p/?symbol=NASDAQ%3ATNGX
Tango Therapeutics to Participate in the 46th Annual Goldman Sachs Global Healthcare Conference
12 days ago
OGEN
https://cn.tradingview.com/chart/zbv9c92p/?symbol=NASDAQ%3AOGEN
Oragenics, Inc. Announces One-for-Thirty Reverse Stock Split
11 days ago
DIST
https://cn.tradingview.com/chart/zbv9c92p/?symbol=NASDAQ%3ADIST
Distoken Acquisition Corporation Receives Expected Notice from Nasdaq Regarding Delayed Quarterly Filing
1 year ago
PHIO
https://cn.tradingview.com/chart/zbv9c92p/?symbol=NASDAQ%3APHIO
Phio Pharmaceuticals Announces Strategic Initiative to Create Awareness of the Comprehensive INTASYL siRNA Portfolio
2 days ago
RXRX
https://cn.tradingview.com/chart/zbv9c92p/?symbol=NASDAQ%3ARXRX
MIT and Recursion Release Boltz-2: Next Generation AI Model to Predict Binding Affinity at Unprecedented Speed, Scale, and Accuracy
2 days ago
TGE
https://cn.tradingview.com/chart/zbv9c92p/?symbol=NASDAQ%3ATGE
发生错误: Message: 
Stacktrace:
0   chromedriver                        0x0000000102ad6654 cxxbridge1$str$ptr + 2723108
1   chromedriver                        0x0000000102ace8c8 cxxbridge1$str$ptr + 2690968
2   chromedriver                        0x0000000102622714 cxxbridge1$string$len + 90428
3   chromedriver                        0x00000001026697c0 cxxbridge1$string$len + 381416
4   chromedriver                        0x00000001026aade8 cxxbridge1$string$len + 649232
5   chromedriver                        0x000000010265d9c8 cxxbridge1$string$len + 332784
6   chromedriver                        0x0000000102a9a278 cxxbridge1$str$ptr + 2476360
7   chromedriver                        0x0000000102a9d50c cxxbridge1$str$ptr + 2489308
8   chromedriver                        0x0000000102a7ba64 cxxbridge1$str$ptr + 2351412
9   chromedriver                        0x0000000102a9dd94 cxxbridge1$str$ptr + 2491492
10  chromedriver                        0x0000000102a6cd58 cxxbridge1$str$ptr + 2290728
11  chromedriver                        0x0000000102abdd60 cxxbridge1$str$ptr + 2622512
12  chromedriver                        0x0000000102abdeec cxxbridge1$str$ptr + 2622908
13  chromedriver                        0x0000000102ace514 cxxbridge1$str$ptr + 2690020
14  libsystem_pthread.dylib             0x000000019550ef94 _pthread_start + 136
15  libsystem_pthread.dylib             0x0000000195509d34 thread_start + 8

NYSE Content Advisory: Pre-Market update + Circle shares surge in first day of trading
2 days ago
ALGS
https://cn.tradingview.com/chart/zbv9c92p/?symbol=NASDAQ%3AALGS
Aligos Therapeutics to Present at the Jefferies Global Healthcare Conference
10 days ago
MANU
https://cn.tradingview.com/chart/zbv9c92p/?symbol=NASDAQ%3AMANU
Manchester United Plc Reports Third Quarter Fiscal 2025 Results
2 days ago
LXEO
https://cn.tradingview.com/chart/zbv9c92p/?symbol=NASDAQ%3ALXEO
发生错误: 'time'
no news
GRRR
https://cn.tradingview.com/chart/zbv9c92p/?symbol=NASDAQ%3AGRRR
