调度器启动，按 Ctrl+C 退出...
2025-06-13 18:36:59.319595
---------HUSA 105.88%
https://cn.tradingview.com/chart/zbv9c92p/?symbol=NASDAQ%3AHUSA
no recent news
---------USEG 104.93%
https://cn.tradingview.com/chart/zbv9c92p/?symbol=NASDAQ%3AUSEG
no recent news
---------INDO 56.5%
https://cn.tradingview.com/chart/zbv9c92p/?symbol=NASDAQ%3AINDO
no recent news
---------RBNE 50.75%
https://cn.tradingview.com/chart/zbv9c92p/?symbol=NASDAQ%3ARBNE
no recent news
---------CGBS 44.17%
https://cn.tradingview.com/chart/zbv9c92p/?symbol=NASDAQ%3ACGBS
no recent news
---------TPET 29.6%
https://cn.tradingview.com/chart/zbv9c92p/?symbol=NASDAQ%3ATPET
no recent news
---------PRZO 25.64%
https://cn.tradingview.com/chart/zbv9c92p/?symbol=NASDAQ%3APRZO
23 hours ago
ParaZero Technologies Strengthens U.S. Drone Leadership with Innovative Solutions in Live U.S. Demonstration

---------NINE 23.93%
https://cn.tradingview.com/chart/zbv9c92p/?symbol=NASDAQ%3ANINE
no recent news
---------EONR 22.04%
https://cn.tradingview.com/chart/zbv9c92p/?symbol=NASDAQ%3AEONR
no recent news
---------MARPS 21.95%
https://cn.tradingview.com/chart/zbv9c92p/?symbol=NASDAQ%3AMARPS
no recent news
---------IMPP 16.72%
https://cn.tradingview.com/chart/zbv9c92p/?symbol=NASDAQ%3AIMPP
no recent news
---------REI 15.32%
https://cn.tradingview.com/chart/zbv9c92p/?symbol=NASDAQ%3AREI
no recent news
2025-06-13 18:38:59.006100
2025-06-13 18:39:58.896607
2025-06-13 18:40:59.262053
2025-06-13 18:41:59.522295
2025-06-13 18:42:59.095914
2025-06-13 18:44:59.339072
---------WTI 15.98%
https://cn.tradingview.com/chart/zbv9c92p/?symbol=NASDAQ%3AWTI
no recent news
---------KOS 15.31%
https://cn.tradingview.com/chart/zbv9c92p/?symbol=NASDAQ%3AKOS
no recent news
2025-06-13 18:46:59.556973
---------TMDE 17.43%
https://cn.tradingview.com/chart/zbv9c92p/?symbol=NASDAQ%3ATMDE
no recent news
2025-06-13 18:48:58.814993
---------NUKK 15.1%
https://cn.tradingview.com/chart/zbv9c92p/?symbol=NASDAQ%3ANUKK
no recent news
2025-06-13 18:50:58.971409
2025-06-13 18:52:59.167583
删除key
HUSA
删除key
USEG
删除key
INDO
删除key
RBNE
删除key
CGBS
删除key
TPET
删除key
NINE
删除key
EONR
删除key
MARPS
删除key
IMPP
删除key
REI
2025-06-13 18:54:59.039018
---------GBR 18.04%
https://cn.tradingview.com/chart/zbv9c92p/?symbol=NASDAQ%3AGBR
no recent news
---------CGTL 15.85%
https://cn.tradingview.com/chart/zbv9c92p/?symbol=NASDAQ%3ACGTL
no recent news
2025-06-13 18:55:59.341040
2025-06-13 18:56:59.655599
2025-06-13 18:57:59.186116
2025-06-13 18:58:59.059454
2025-06-13 18:59:59.070560
---------BATL 52.39%
https://cn.tradingview.com/chart/zbv9c92p/?symbol=NASDAQ%3ABATL
no recent news
删除key
WTI
删除key
KOS
2025-06-13 19:00:58.834539
删除key
TMDE
2025-06-13 19:01:58.834854
删除key
NUKK
2025-06-13 19:02:58.871541
2025-06-13 19:03:59.312316
2025-06-13 19:04:59.432276
删除key
GBR
删除key
CGTL
2025-06-13 19:05:58.996065
2025-06-13 19:06:58.707272
2025-06-13 19:07:59.016489
2025-06-13 19:08:59.063563
2025-06-13 19:09:58.711826
删除key
BATL
2025-06-13 19:10:59.288224
2025-06-13 19:11:59.023501
2025-06-13 19:12:58.853844
2025-06-13 19:13:58.900967
2025-06-13 19:14:59.044295
2025-06-13 19:15:59.236941
---------ICON 17.32%
https://cn.tradingview.com/chart/zbv9c92p/?symbol=NASDAQ%3AICON
no recent news
2025-06-13 19:16:59.274477
2025-06-13 19:17:58.889441
2025-06-13 19:18:58.868781
2025-06-13 19:19:59.376937
2025-06-13 19:20:58.916051
2025-06-13 19:21:58.943093
2025-06-13 19:22:58.901230
2025-06-13 19:23:58.835273
---------VIVK 21.21%
https://cn.tradingview.com/chart/zbv9c92p/?symbol=NASDAQ%3AVIVK
no recent news
2025-06-13 19:24:59.054598
2025-06-13 19:25:58.851858
删除key
ICON
2025-06-13 19:26:58.828016
2025-06-13 19:27:59.086113
---------TORO 36.0%
https://cn.tradingview.com/chart/zbv9c92p/?symbol=NASDAQ%3ATORO
no recent news
2025-06-13 19:28:59.112129
2025-06-13 19:29:58.739636
2025-06-13 19:30:59.511854
2025-06-13 19:31:59.078824
2025-06-13 19:32:59.013729
2025-06-13 19:33:59.255651
---------AIHS 16.5%
https://cn.tradingview.com/chart/zbv9c92p/?symbol=NASDAQ%3AAIHS
4 minutes ago
Senmiao Technology Signs a Strategic Cooperation Agreement with Changsha Yipeng to Develop an AI-Backed Data Management System for Online Ride-Hailing Service Providers

删除key
VIVK
2025-06-13 19:34:59.183871
2025-06-13 19:35:58.795299
---------BRN 16.67%
https://cn.tradingview.com/chart/zbv9c92p/?symbol=NASDAQ%3ABRN
no recent news
2025-06-13 19:36:58.802296
2025-06-13 19:37:58.910494
删除key
TORO
2025-06-13 19:38:59.541426
2025-06-13 19:39:59.140983
2025-06-13 19:40:58.830235
2025-06-13 19:41:58.945450
---------CCCM 16.19%
https://cn.tradingview.com/chart/zbv9c92p/?symbol=NASDAQ%3ACCCM
发生错误: Message: 
Stacktrace:
0   chromedriver                        0x0000000104bde668 cxxbridge1$str$ptr + 2723108
1   chromedriver                        0x0000000104bd68dc cxxbridge1$str$ptr + 2690968
2   chromedriver                        0x000000010472a714 cxxbridge1$string$len + 90428
3   chromedriver                        0x00000001047717c0 cxxbridge1$string$len + 381416
4   chromedriver                        0x00000001047b2de8 cxxbridge1$string$len + 649232
5   chromedriver                        0x00000001047659c8 cxxbridge1$string$len + 332784
6   chromedriver                        0x0000000104ba228c cxxbridge1$str$ptr + 2476360
7   chromedriver                        0x0000000104ba5520 cxxbridge1$str$ptr + 2489308
8   chromedriver                        0x0000000104b83a78 cxxbridge1$str$ptr + 2351412
9   chromedriver                        0x0000000104ba5da8 cxxbridge1$str$ptr + 2491492
10  chromedriver                        0x0000000104b74d6c cxxbridge1$str$ptr + 2290728
11  chromedriver                        0x0000000104bc5d74 cxxbridge1$str$ptr + 2622512
12  chromedriver                        0x0000000104bc5f00 cxxbridge1$str$ptr + 2622908
13  chromedriver                        0x0000000104bd6528 cxxbridge1$str$ptr + 2690020
14  libsystem_pthread.dylib             0x000000018a2d2f94 _pthread_start + 136
15  libsystem_pthread.dylib             0x000000018a2cdd34 thread_start + 8

3 minutes ago
Stock market today: Dow, S&P 500, Nasdaq futures sink as Israel strike on Iran sends oil soaring

2025-06-13 19:42:59.016820
2025-06-13 19:43:58.950206
2025-06-13 19:44:59.445905
2025-06-13 19:45:58.788347
---------KLXE 15.91%
https://cn.tradingview.com/chart/zbv9c92p/?symbol=NASDAQ%3AKLXE
no recent news
删除key
BRN
2025-06-13 19:46:58.872834
2025-06-13 19:47:58.701424
2025-06-13 19:48:58.943469
2025-06-13 19:49:58.660229
2025-06-13 19:51:59.416849
2025-06-13 19:52:59.514286
2025-06-13 19:53:59.172001
2025-06-13 19:54:58.684602
2025-06-13 19:55:58.852545
2025-06-13 19:56:58.982909
删除key
KLXE
2025-06-13 19:57:59.415807
2025-06-13 19:59:00.348052
2025-06-13 19:59:58.926802
2025-06-13 20:00:59.608430
2025-06-13 20:01:59.267489
2025-06-13 20:02:58.842494
2025-06-13 20:03:58.749161
---------OP 28.63%
https://cn.tradingview.com/chart/zbv9c92p/?symbol=NASDAQ%3AOP
no recent news
2025-06-13 20:04:59.159098
2025-06-13 20:05:59.589338
---------FAAS 16.97%
https://cn.tradingview.com/chart/zbv9c92p/?symbol=NASDAQ%3AFAAS
6 minutes ago
DigiAsia Corp (FAAS) Reports Strong First Half 2024 Financial Results, Achieves 45% Revenue Growth vs First Half of 2023

2025-06-13 20:06:58.825236
2025-06-13 20:07:58.810399
2025-06-13 20:08:58.824336
2025-06-13 20:09:58.797924
2025-06-13 20:10:59.126201
2025-06-13 20:11:58.624494
2025-06-13 20:12:59.513603
2025-06-13 20:13:59.978470
删除key
OP
2025-06-13 20:14:58.929523
2025-06-13 20:15:58.895829
2025-06-13 20:16:59.025158
2025-06-13 20:17:59.357328
2025-06-13 20:18:59.147580
2025-06-13 20:19:59.707875
2025-06-13 20:20:58.869031
---------SDOT 16.31%
https://cn.tradingview.com/chart/zbv9c92p/?symbol=NASDAQ%3ASDOT
no recent news
2025-06-13 20:21:59.777472
2025-06-13 20:22:58.741947
2025-06-13 20:23:59.553770
2025-06-13 20:24:59.223564
2025-06-13 20:25:58.869032
2025-06-13 20:26:59.230783
2025-06-13 20:27:59.014649
2025-06-13 20:28:59.138829
2025-06-13 20:29:58.758381
2025-06-13 20:30:58.988460
删除key
SDOT
2025-06-13 20:31:58.652553
2025-06-13 20:32:59.342537
2025-06-13 20:33:59.579455
2025-06-13 20:34:59.106758
2025-06-13 20:35:59.150981
2025-06-13 20:36:59.447581
2025-06-13 20:37:58.617947
2025-06-13 20:38:58.804328
2025-06-13 20:39:59.562395
2025-06-13 20:41:02.160704
2025-06-13 20:41:59.339124
2025-06-13 20:42:58.958136
2025-06-13 20:43:59.203495
2025-06-13 20:44:58.812073
2025-06-13 20:45:59.365757
2025-06-13 20:46:59.088189
2025-06-13 20:47:59.233490
2025-06-13 20:48:58.931183
2025-06-13 20:49:59.112090
2025-06-13 20:51:00.386779
2025-06-13 20:51:59.343731
2025-06-13 20:52:59.442874
2025-06-13 20:53:59.039273
2025-06-13 20:54:59.447707
2025-06-13 20:55:59.133392
2025-06-13 20:56:58.963113
---------SKYQ 17.25%
https://cn.tradingview.com/chart/zbv9c92p/?symbol=NASDAQ%3ASKYQ
no recent news
2025-06-13 20:58:00.035655
2025-06-13 20:58:59.112816
2025-06-13 20:59:59.340237
2025-06-13 21:00:58.680230
2025-06-13 21:01:58.848212
2025-06-13 21:02:59.834441
2025-06-13 21:03:58.676975
2025-06-13 21:04:59.118091
2025-06-13 21:05:59.195984
2025-06-13 21:06:58.945790
---------MXC 20.64%
https://cn.tradingview.com/chart/zbv9c92p/?symbol=NASDAQ%3AMXC
no recent news
调度器已关闭
