调度器启动，按 Ctrl+C 退出...
2025-06-05 18:38:04.109617
MKDW
https://cn.tradingview.com/chart/zbv9c92p/?symbol=NASDAQ%3AMKDW
https://finance.yahoo.com/quote/MKDW/news/
MCTR
https://cn.tradingview.com/chart/zbv9c92p/?symbol=NASDAQ%3AMCTR
https://finance.yahoo.com/quote/MCTR/news/
LIMN
https://cn.tradingview.com/chart/zbv9c92p/?symbol=NASDAQ%3ALIMN
https://finance.yahoo.com/quote/LIMN/news/
CTNT
https://cn.tradingview.com/chart/zbv9c92p/?symbol=NASDAQ%3ACTNT
https://finance.yahoo.com/quote/CTNT/news/
PL
https://cn.tradingview.com/chart/zbv9c92p/?symbol=NASDAQ%3APL
https://finance.yahoo.com/quote/PL/news/
VRNT
https://cn.tradingview.com/chart/zbv9c92p/?symbol=NASDAQ%3AVRNT
https://finance.yahoo.com/quote/VRNT/news/
IMUX
https://cn.tradingview.com/chart/zbv9c92p/?symbol=NASDAQ%3AIMUX
https://finance.yahoo.com/quote/IMUX/news/
BW
https://cn.tradingview.com/chart/zbv9c92p/?symbol=NASDAQ%3ABW
https://finance.yahoo.com/quote/BW/news/
LVWR
https://cn.tradingview.com/chart/zbv9c92p/?symbol=NASDAQ%3ALVWR
https://finance.yahoo.com/quote/LVWR/news/
2025-06-05 18:39:04.762529
2025-06-05 18:40:03.942381
2025-06-05 18:41:03.924558
2025-06-05 18:42:04.122509
2025-06-05 18:43:03.782461
2025-06-05 18:44:03.822030
2025-06-05 18:45:04.330908
2025-06-05 18:46:03.797717
2025-06-05 18:47:03.793347
2025-06-05 18:48:03.666991
2025-06-05 18:49:04.009950
2025-06-05 18:50:03.987261
2025-06-05 18:51:04.114003
2025-06-05 18:52:04.187137
2025-06-05 18:58:05.954122
2025-06-05 18:59:03.833257
RVYL
https://cn.tradingview.com/chart/zbv9c92p/?symbol=NASDAQ%3ARVYL
https://finance.yahoo.com/quote/RVYL/news/
SILO
https://cn.tradingview.com/chart/zbv9c92p/?symbol=NASDAQ%3ASILO
https://finance.yahoo.com/quote/SILO/news/
2025-06-05 19:00:04.292773
2025-06-05 19:01:04.029053
2025-06-05 19:02:03.859478
2025-06-05 19:03:04.048310
2025-06-05 19:04:03.935861
2025-06-05 19:05:03.753578
BANL
https://cn.tradingview.com/chart/zbv9c92p/?symbol=NASDAQ%3ABANL
https://finance.yahoo.com/quote/BANL/news/
2025-06-05 19:06:03.742484
2025-06-05 19:07:04.031159
2025-06-05 19:08:03.920044
2025-06-05 19:09:03.722069
RETO
https://cn.tradingview.com/chart/zbv9c92p/?symbol=NASDAQ%3ARETO
https://finance.yahoo.com/quote/RETO/news/
2025-06-05 19:10:03.878919
2025-06-05 19:11:04.009747
2025-06-05 19:12:03.878829
2025-06-05 19:13:03.987241
2025-06-05 19:14:04.062058
2025-06-05 19:15:04.304480
2025-06-05 19:16:03.901487
2025-06-05 19:17:03.784281
KRON
https://cn.tradingview.com/chart/zbv9c92p/?symbol=NASDAQ%3AKRON
https://finance.yahoo.com/quote/KRON/news/
2025-06-05 19:18:03.800193
2025-06-05 19:19:03.904993
CGTX
https://cn.tradingview.com/chart/zbv9c92p/?symbol=NASDAQ%3ACGTX
https://finance.yahoo.com/quote/CGTX/news/
2025-06-05 19:20:04.208356
2025-06-05 19:21:04.092069
AIHS
https://cn.tradingview.com/chart/zbv9c92p/?symbol=NASDAQ%3AAIHS
https://finance.yahoo.com/quote/AIHS/news/
2025-06-05 19:22:03.922175
2025-06-05 19:24:04.602571
2025-06-05 19:25:04.455928
PHIO
https://cn.tradingview.com/chart/zbv9c92p/?symbol=NASDAQ%3APHIO
https://finance.yahoo.com/quote/PHIO/news/
2025-06-05 19:26:03.857939
2025-06-05 19:27:03.697633
2025-06-05 19:28:03.776281
2025-06-05 19:29:03.731934
2025-06-05 19:31:03.808098
2025-06-05 19:32:04.685401
2025-06-05 19:33:04.114520
2025-06-05 19:34:03.878543
2025-06-05 19:35:04.375325
2025-06-05 19:36:04.586380
SLNH
https://cn.tradingview.com/chart/zbv9c92p/?symbol=NASDAQ%3ASLNH
https://finance.yahoo.com/quote/SLNH/news/
TGL
https://cn.tradingview.com/chart/zbv9c92p/?symbol=NASDAQ%3ATGL
https://finance.yahoo.com/quote/TGL/news/
2025-06-05 19:37:04.191049
2025-06-05 19:38:03.684255
2025-06-05 19:39:04.033573
2025-06-05 19:40:03.852813
2025-06-05 19:41:03.758071
2025-06-05 19:42:04.108231
2025-06-05 19:43:04.388861
2025-06-05 19:44:03.874342
TELO
https://cn.tradingview.com/chart/zbv9c92p/?symbol=NASDAQ%3ATELO
https://finance.yahoo.com/quote/TELO/news/
2025-06-05 19:45:05.348668
2025-06-05 19:46:04.251383
2025-06-05 19:47:03.722070
2025-06-05 19:48:03.741111
2025-06-05 19:49:04.389862
2025-06-05 19:50:03.914020
2025-06-05 19:51:03.955565
2025-06-05 19:52:03.824737
2025-06-05 19:53:03.860846
2025-06-05 19:54:03.913870
2025-06-05 19:55:03.940984
2025-06-05 19:56:04.343075
2025-06-05 19:57:03.917212
2025-06-05 19:59:03.940974
CMND
https://cn.tradingview.com/chart/zbv9c92p/?symbol=NASDAQ%3ACMND
https://finance.yahoo.com/quote/CMND/news/
调度器已关闭
