调度器启动，按 Ctrl+C 退出...
2025-05-30 18:44:00.020382
BSLK
https://cn.tradingview.com/chart/zbv9c92p/?symbol=NASDAQ%3ABSLK
https://finance.yahoo.com/quote/BSLK/
BURU
https://cn.tradingview.com/chart/zbv9c92p/?symbol=NASDAQ%3ABURU
https://finance.yahoo.com/quote/BURU/
BMGL
https://cn.tradingview.com/chart/zbv9c92p/?symbol=NASDAQ%3ABMGL
https://finance.yahoo.com/quote/BMGL/
RRGB
https://cn.tradingview.com/chart/zbv9c92p/?symbol=NASDAQ%3ARRGB
https://finance.yahoo.com/quote/RRGB/
ECDA
https://cn.tradingview.com/chart/zbv9c92p/?symbol=NASDAQ%3AECDA
https://finance.yahoo.com/quote/ECDA/
IQST
https://cn.tradingview.com/chart/zbv9c92p/?symbol=NASDAQ%3AIQST
https://finance.yahoo.com/quote/IQST/
2025-05-30 18:44:59.512524
TIRX
https://cn.tradingview.com/chart/zbv9c92p/?symbol=NASDAQ%3ATIRX
https://finance.yahoo.com/quote/TIRX/
APDN
https://cn.tradingview.com/chart/zbv9c92p/?symbol=NASDAQ%3AAPDN
https://finance.yahoo.com/quote/APDN/
2025-05-30 18:45:59.851440
2025-05-30 18:46:59.506285
2025-05-30 18:47:59.794563
2025-05-30 18:48:59.765883
HKPD
https://cn.tradingview.com/chart/zbv9c92p/?symbol=NASDAQ%3AHKPD
https://finance.yahoo.com/quote/HKPD/
2025-05-30 18:49:59.477988
2025-05-30 18:50:59.612040
2025-05-30 18:51:59.762623
2025-05-30 18:52:59.706160
2025-05-30 18:53:59.573866
2025-05-30 18:54:59.764746
2025-05-30 18:55:59.929695
2025-05-30 18:56:59.779076
2025-05-30 18:57:59.855885
2025-05-30 18:58:59.741624
2025-05-30 18:59:59.632932
2025-05-30 19:00:59.800267
2025-05-30 19:02:00.120523
2025-05-30 19:02:59.973298
2025-05-30 19:03:59.685670
2025-05-30 19:04:59.916932
2025-05-30 19:06:00.051064
2025-05-30 19:06:59.661644
2025-05-30 19:07:59.620682
2025-05-30 19:08:59.881142
2025-05-30 19:09:59.764512
2025-05-30 19:10:59.573042
2025-05-30 19:11:59.490536
2025-05-30 19:12:59.625483
2025-05-30 19:13:59.826013
2025-05-30 19:14:59.584313
2025-05-30 19:15:59.723761
2025-05-30 19:16:59.754229
2025-05-30 19:17:59.633091
2025-05-30 19:18:59.642396
2025-05-30 19:19:59.822707
2025-05-30 19:21:00.192813
2025-05-30 19:21:59.584322
2025-05-30 19:22:59.638531
2025-05-30 19:24:00.098159
2025-05-30 19:25:00.055560
2025-05-30 19:25:59.613112
2025-05-30 19:27:59.815576
2025-05-30 19:28:59.818669
TLYS
https://cn.tradingview.com/chart/zbv9c92p/?symbol=NASDAQ%3ATLYS
https://finance.yahoo.com/quote/TLYS/
2025-05-30 19:29:59.900211
2025-05-30 19:30:59.691216
2025-05-30 19:31:59.749142
2025-05-30 19:32:59.603604
2025-05-30 19:33:59.512380
2025-05-30 19:34:59.672261
2025-05-30 19:36:00.292368
2025-05-30 19:36:59.941561
2025-05-30 19:37:59.648556
2025-05-30 19:38:59.768783
VVPR
https://cn.tradingview.com/chart/zbv9c92p/?symbol=NASDAQ%3AVVPR
https://finance.yahoo.com/quote/VVPR/
2025-05-30 19:39:59.819186
2025-05-30 19:40:59.821191
LVWR
https://cn.tradingview.com/chart/zbv9c92p/?symbol=NASDAQ%3ALVWR
https://finance.yahoo.com/quote/LVWR/
2025-05-30 19:41:59.756483
2025-05-30 19:42:59.706802
2025-05-30 19:44:00.060039
2025-05-30 19:44:59.633611
2025-05-30 19:45:59.629868
2025-05-30 19:46:59.623598
2025-05-30 19:47:59.652716
2025-05-30 19:49:00.026194
2025-05-30 19:49:59.651935
2025-05-30 19:50:59.743729
2025-05-30 19:51:59.639525
2025-05-30 19:52:59.766552
2025-05-30 19:53:59.905665
2025-05-30 19:54:59.597616
2025-05-30 19:55:59.572672
2025-05-30 19:57:00.942082
2025-05-30 19:57:59.926946
2025-05-30 20:00:00.628592
2025-05-30 20:00:59.893975
2025-05-30 20:01:59.786287
2025-05-30 20:02:59.669376
MPU
https://cn.tradingview.com/chart/zbv9c92p/?symbol=NASDAQ%3AMPU
https://finance.yahoo.com/quote/MPU/
VIVK
https://cn.tradingview.com/chart/zbv9c92p/?symbol=NASDAQ%3AVIVK
https://finance.yahoo.com/quote/VIVK/
2025-05-30 20:03:59.704895
2025-05-30 20:04:59.653979
2025-05-30 20:06:00.360463
2025-05-30 20:06:59.619104
2025-05-30 20:07:59.720038
2025-05-30 20:08:59.729356
2025-05-30 20:09:59.887058
2025-05-30 20:10:59.708815
2025-05-30 20:11:59.897070
2025-05-30 20:12:59.885986
2025-05-30 20:14:00.083917
2025-05-30 20:14:59.930079
2025-05-30 20:15:59.535673
2025-05-30 20:16:59.879251
2025-05-30 20:18:00.022839
2025-05-30 20:19:59.666440
RVYL
https://cn.tradingview.com/chart/zbv9c92p/?symbol=NASDAQ%3ARVYL
https://finance.yahoo.com/quote/RVYL/
2025-05-30 20:20:59.861079
2025-05-30 20:22:00.224411
2025-05-30 20:22:59.917570
2025-05-30 20:24:00.161409
2025-05-30 20:24:59.948422
2025-05-30 20:25:59.817739
2025-05-30 20:26:59.675915
2025-05-30 20:27:59.797609
2025-05-30 20:28:59.834476
NVVE
https://cn.tradingview.com/chart/zbv9c92p/?symbol=NASDAQ%3ANVVE
https://finance.yahoo.com/quote/NVVE/
2025-05-30 20:29:59.938485
2025-05-30 20:30:59.786203
2025-05-30 20:31:59.894241
