2025-05-22 18:12:46.434115
NVTS
https://cn.tradingview.com/chart/zbv9c92p/?symbol=NASDAQ%3ANVTS
https://finance.yahoo.com/quote/NVTS/
XAGE
https://cn.tradingview.com/chart/zbv9c92p/?symbol=NASDAQ%3AXAGE
https://finance.yahoo.com/quote/XAGE/
ATCH
https://cn.tradingview.com/chart/zbv9c92p/?symbol=NASDAQ%3AATCH
https://finance.yahoo.com/quote/ATCH/
2025-05-22 18:13:46.175611
2025-05-22 22:32:47.009535
VIGL
https://cn.tradingview.com/chart/zbv9c92p/?symbol=NASDAQ%3AVIGL
https://finance.yahoo.com/quote/VIGL/
BON
https://cn.tradingview.com/chart/zbv9c92p/?symbol=NASDAQ%3ABON
https://finance.yahoo.com/quote/BON/
DOMO
https://cn.tradingview.com/chart/zbv9c92p/?symbol=NASDAQ%3ADOMO
https://finance.yahoo.com/quote/DOMO/
TIL
https://cn.tradingview.com/chart/zbv9c92p/?symbol=NASDAQ%3ATIL
https://finance.yahoo.com/quote/TIL/
KIDZ
https://cn.tradingview.com/chart/zbv9c92p/?symbol=NASDAQ%3AKIDZ
https://finance.yahoo.com/quote/KIDZ/
RAMP
https://cn.tradingview.com/chart/zbv9c92p/?symbol=NASDAQ%3ARAMP
https://finance.yahoo.com/quote/RAMP/
BSGM
https://cn.tradingview.com/chart/zbv9c92p/?symbol=NASDAQ%3ABSGM
https://finance.yahoo.com/quote/BSGM/
SERV
https://cn.tradingview.com/chart/zbv9c92p/?symbol=NASDAQ%3ASERV
https://finance.yahoo.com/quote/SERV/
SDM
https://cn.tradingview.com/chart/zbv9c92p/?symbol=NASDAQ%3ASDM
https://finance.yahoo.com/quote/SDM/
RCON
https://cn.tradingview.com/chart/zbv9c92p/?symbol=NASDAQ%3ARCON
https://finance.yahoo.com/quote/RCON/
YSXT
https://cn.tradingview.com/chart/zbv9c92p/?symbol=NASDAQ%3AYSXT
https://finance.yahoo.com/quote/YSXT/
CMTL
https://cn.tradingview.com/chart/zbv9c92p/?symbol=NASDAQ%3ACMTL
https://finance.yahoo.com/quote/CMTL/
BTCS
https://cn.tradingview.com/chart/zbv9c92p/?symbol=NASDAQ%3ABTCS
https://finance.yahoo.com/quote/BTCS/
2025-05-22 22:45:46.281632
IONQ
https://cn.tradingview.com/chart/zbv9c92p/?symbol=NASDAQ%3AIONQ
https://finance.yahoo.com/quote/IONQ/
BTM
https://cn.tradingview.com/chart/zbv9c92p/?symbol=NASDAQ%3ABTM
https://finance.yahoo.com/quote/BTM/
ATHR
https://cn.tradingview.com/chart/zbv9c92p/?symbol=NASDAQ%3AATHR
https://finance.yahoo.com/quote/ATHR/
2025-05-22 22:46:45.943008
2025-05-22 22:47:46.147148
2025-05-22 22:48:45.931779
2025-05-22 22:49:46.441324
RGTI
https://cn.tradingview.com/chart/zbv9c92p/?symbol=NASDAQ%3ARGTI
https://finance.yahoo.com/quote/RGTI/
RAY
https://cn.tradingview.com/chart/zbv9c92p/?symbol=NASDAQ%3ARAY
https://finance.yahoo.com/quote/RAY/
2025-05-22 22:50:45.985126
2025-05-22 22:51:46.302244
2025-05-22 22:52:46.085454
CNCK
https://cn.tradingview.com/chart/zbv9c92p/?symbol=NASDAQ%3ACNCK
https://finance.yahoo.com/quote/CNCK/
2025-05-22 22:54:46.161261
MSW
https://cn.tradingview.com/chart/zbv9c92p/?symbol=NASDAQ%3AMSW
https://finance.yahoo.com/quote/MSW/
2025-05-22 22:55:46.022933
SBET
https://cn.tradingview.com/chart/zbv9c92p/?symbol=NASDAQ%3ASBET
https://finance.yahoo.com/quote/SBET/
CREX
https://cn.tradingview.com/chart/zbv9c92p/?symbol=NASDAQ%3ACREX
https://finance.yahoo.com/quote/CREX/
2025-05-22 22:56:45.993052
2025-05-22 22:57:45.911898
2025-05-22 22:58:46.038472
2025-05-22 22:59:46.007439
2025-05-22 23:00:46.026876
2025-05-22 23:01:46.156828
2025-05-22 23:02:46.692074
2025-05-22 23:03:46.057325
MLGO
https://cn.tradingview.com/chart/zbv9c92p/?symbol=NASDAQ%3AMLGO
https://finance.yahoo.com/quote/MLGO/
TISI
https://cn.tradingview.com/chart/zbv9c92p/?symbol=NASDAQ%3ATISI
https://finance.yahoo.com/quote/TISI/
2025-05-22 23:04:46.001673
2025-05-22 23:05:46.019769
2025-05-22 23:06:45.862490
2025-05-22 23:07:46.190161
2025-05-22 23:08:45.973407
2025-05-22 23:09:45.975260
2025-05-22 23:10:46.049409
2025-05-22 23:11:45.961639
2025-05-22 23:12:45.970183
2025-05-22 23:13:45.903898
2025-05-22 23:14:45.977329
2025-05-22 23:15:46.041352
2025-05-22 23:16:45.945016
2025-05-22 23:17:45.891708
2025-05-22 23:18:45.922433
TOPW
https://cn.tradingview.com/chart/zbv9c92p/?symbol=NASDAQ%3ATOPW
https://finance.yahoo.com/quote/TOPW/
2025-05-22 23:19:46.573360
2025-05-22 23:20:45.999505
2025-05-22 23:21:46.025677
2025-05-22 23:22:46.113529
IMMX
https://cn.tradingview.com/chart/zbv9c92p/?symbol=NASDAQ%3AIMMX
https://finance.yahoo.com/quote/IMMX/
