2025-05-28 18:45:31.406617
SGBX
https://cn.tradingview.com/chart/zbv9c92p/?symbol=NASDAQ%3ASGBX
https://finance.yahoo.com/quote/SGBX/
CGBS
https://cn.tradingview.com/chart/zbv9c92p/?symbol=NASDAQ%3ACGBS
https://finance.yahoo.com/quote/CGBS/
PMAX
https://cn.tradingview.com/chart/zbv9c92p/?symbol=NASDAQ%3APMAX
https://finance.yahoo.com/quote/PMAX/
SGD
https://cn.tradingview.com/chart/zbv9c92p/?symbol=NASDAQ%3ASGD
https://finance.yahoo.com/quote/SGD/
NEHC
https://cn.tradingview.com/chart/zbv9c92p/?symbol=NASDAQ%3ANEHC
https://finance.yahoo.com/quote/NEHC/
2025-05-28 19:04:31.103882
VERU
https://cn.tradingview.com/chart/zbv9c92p/?symbol=NASDAQ%3AVERU
https://finance.yahoo.com/quote/VERU/
2025-05-28 19:05:30.912352
SPRO
https://cn.tradingview.com/chart/zbv9c92p/?symbol=NASDAQ%3ASPRO
https://finance.yahoo.com/quote/SPRO/
ASBP
https://cn.tradingview.com/chart/zbv9c92p/?symbol=NASDAQ%3AASBP
https://finance.yahoo.com/quote/ASBP/
2025-05-28 19:06:31.094096
2025-05-28 19:07:31.236985
2025-05-28 19:08:31.006402
2025-05-28 19:09:31.239673
2025-05-28 19:10:30.944094
2025-05-28 19:11:30.967867
2025-05-28 19:12:30.914884
2025-05-28 19:13:31.625974
2025-05-28 19:14:31.114318
2025-05-28 19:15:31.175125
2025-05-28 19:16:30.976854
2025-05-28 19:17:30.927698
2025-05-28 19:18:30.953752
2025-05-28 19:19:31.049774
2025-05-28 19:20:31.140573
2025-05-28 19:21:31.131850
2025-05-28 19:22:30.968722
2025-05-28 19:23:31.613873
2025-05-28 19:24:31.092491
2025-05-28 19:25:30.956087
2025-05-28 19:26:31.087587
2025-05-28 19:27:30.969613
2025-05-28 19:28:30.908805
2025-05-28 19:29:31.104495
2025-05-28 19:30:31.082167
2025-05-28 19:31:30.994036
2025-05-28 19:32:30.943423
2025-05-28 19:33:31.263454
ASNS
https://cn.tradingview.com/chart/zbv9c92p/?symbol=NASDAQ%3AASNS
https://finance.yahoo.com/quote/ASNS/
2025-05-28 19:34:31.152574
2025-05-28 19:35:31.269170
2025-05-28 19:36:31.177267
2025-05-28 19:37:31.192479
2025-05-28 19:38:31.118976
2025-05-28 19:39:31.246996
2025-05-28 19:40:31.114055
2025-05-28 19:41:31.107075
2025-05-28 19:42:31.159455
2025-05-28 19:43:31.123189
2025-05-28 19:44:31.042788
2025-05-28 19:45:31.049118
2025-05-28 19:46:31.071061
2025-05-28 19:47:30.910643
2025-05-28 19:48:31.151518
2025-05-28 19:49:31.054305
2025-05-28 19:50:31.122763
2025-05-28 19:51:31.163990
2025-05-28 19:52:31.013327
2025-05-28 19:53:31.567033
SCWO
https://cn.tradingview.com/chart/zbv9c92p/?symbol=NASDAQ%3ASCWO
https://finance.yahoo.com/quote/SCWO/
2025-05-28 19:54:30.935629
2025-05-28 19:55:31.039737
2025-05-28 19:56:31.454088
2025-05-28 19:57:31.142017
2025-05-28 19:58:31.391190
2025-05-28 19:59:31.538993
2025-05-28 20:00:31.011830
2025-05-28 20:01:31.273894
2025-05-28 20:02:31.075097
2025-05-28 20:03:31.302078
AMOD
https://cn.tradingview.com/chart/zbv9c92p/?symbol=NASDAQ%3AAMOD
https://finance.yahoo.com/quote/AMOD/
2025-05-28 20:04:31.083102
2025-05-28 20:05:31.516328
2025-05-28 20:06:31.132763
2025-05-28 20:07:31.059996
2025-05-28 20:08:31.311174
2025-05-28 20:09:31.463000
2025-05-28 20:10:31.218038
2025-05-28 20:11:31.021526
2025-05-28 20:12:30.958997
2025-05-28 20:13:31.076038
2025-05-28 20:14:31.131825
2025-05-28 20:15:31.182639
2025-05-28 20:16:31.101091
2025-05-28 20:17:31.552030
2025-05-28 20:18:31.016509
2025-05-28 20:19:31.010666
2025-05-28 20:20:31.111878
2025-05-28 20:21:31.382334
2025-05-28 20:22:31.198532
2025-05-28 20:23:31.256762
2025-05-28 20:24:31.042567
2025-05-28 20:25:31.545142
2025-05-28 20:26:31.231432
2025-05-28 20:27:31.171752
2025-05-28 20:28:31.226586
2025-05-28 20:29:31.140646
2025-05-28 20:30:31.006271
2025-05-28 20:31:32.056253
UHG
https://cn.tradingview.com/chart/zbv9c92p/?symbol=NASDAQ%3AUHG
https://finance.yahoo.com/quote/UHG/
2025-05-28 20:49:31.259732
SGN
https://cn.tradingview.com/chart/zbv9c92p/?symbol=NASDAQ%3ASGN
https://finance.yahoo.com/quote/SGN/
ITOS
https://cn.tradingview.com/chart/zbv9c92p/?symbol=NASDAQ%3AITOS
https://finance.yahoo.com/quote/ITOS/
2025-05-28 20:50:31.037361
2025-05-28 21:23:32.450949
CURR
https://cn.tradingview.com/chart/zbv9c92p/?symbol=NASDAQ%3ACURR
https://finance.yahoo.com/quote/CURR/
MNRO
https://cn.tradingview.com/chart/zbv9c92p/?symbol=NASDAQ%3AMNRO
https://finance.yahoo.com/quote/MNRO/
SHOT
https://cn.tradingview.com/chart/zbv9c92p/?symbol=NASDAQ%3ASHOT
https://finance.yahoo.com/quote/SHOT/
2025-05-28 21:24:31.088048
2025-05-28 21:25:31.121348
JOBY
https://cn.tradingview.com/chart/zbv9c92p/?symbol=NASDAQ%3AJOBY
https://finance.yahoo.com/quote/JOBY/
2025-05-28 21:42:31.187150
CLGN
https://cn.tradingview.com/chart/zbv9c92p/?symbol=NASDAQ%3ACLGN
https://finance.yahoo.com/quote/CLGN/
BRLS
https://cn.tradingview.com/chart/zbv9c92p/?symbol=NASDAQ%3ABRLS
https://finance.yahoo.com/quote/BRLS/
2025-05-28 21:45:31.528709
BOX
https://cn.tradingview.com/chart/zbv9c92p/?symbol=NASDAQ%3ABOX
https://finance.yahoo.com/quote/BOX/
2025-05-28 22:03:31.729624
YSXT
https://cn.tradingview.com/chart/zbv9c92p/?symbol=NASDAQ%3AYSXT
https://finance.yahoo.com/quote/YSXT/
AGAE
https://cn.tradingview.com/chart/zbv9c92p/?symbol=NASDAQ%3AAGAE
https://finance.yahoo.com/quote/AGAE/
CTMX
https://cn.tradingview.com/chart/zbv9c92p/?symbol=NASDAQ%3ACTMX
https://finance.yahoo.com/quote/CTMX/
EDBL
https://cn.tradingview.com/chart/zbv9c92p/?symbol=NASDAQ%3AEDBL
https://finance.yahoo.com/quote/EDBL/
2025-05-28 22:31:32.644524
ARAI
https://cn.tradingview.com/chart/zbv9c92p/?symbol=NASDAQ%3AARAI
https://finance.yahoo.com/quote/ARAI/
SAIH
https://cn.tradingview.com/chart/zbv9c92p/?symbol=NASDAQ%3ASAIH
https://finance.yahoo.com/quote/SAIH/
2025-05-28 22:32:31.192763
ELPW
https://cn.tradingview.com/chart/zbv9c92p/?symbol=NASDAQ%3AELPW
https://finance.yahoo.com/quote/ELPW/
JZXN
https://cn.tradingview.com/chart/zbv9c92p/?symbol=NASDAQ%3AJZXN
https://finance.yahoo.com/quote/JZXN/
2025-05-28 22:33:31.222249
2025-05-28 22:34:31.216176
2025-05-28 22:35:31.186087
2025-05-28 22:36:31.476191
2025-05-28 22:37:31.121597
2025-05-28 22:38:31.123868
2025-05-28 22:39:31.617647
2025-05-28 22:40:31.213045
2025-05-28 22:41:31.147078
2025-05-28 22:42:31.584622
CWD
https://cn.tradingview.com/chart/zbv9c92p/?symbol=NASDAQ%3ACWD
https://finance.yahoo.com/quote/CWD/
2025-05-28 22:43:31.289601
2025-05-28 22:44:31.069893
2025-05-28 22:45:31.408371
2025-05-28 22:46:31.071710
调度器已关闭
