2025-05-20 16:04:28.854369
EYEN
https://cn.tradingview.com/chart/zbv9c92p/?symbol=NASDAQ%3AEYEN
https://finance.yahoo.com/quote/EYEN/
BIAF
https://cn.tradingview.com/chart/zbv9c92p/?symbol=NASDAQ%3ABIAF
https://finance.yahoo.com/quote/BIAF/
GTI
https://cn.tradingview.com/chart/zbv9c92p/?symbol=NASDAQ%3AGTI
https://finance.yahoo.com/quote/GTI/
BON
https://cn.tradingview.com/chart/zbv9c92p/?symbol=NASDAQ%3ABON
https://finance.yahoo.com/quote/BON/
IXHL
https://cn.tradingview.com/chart/zbv9c92p/?symbol=NASDAQ%3AIXHL
https://finance.yahoo.com/quote/IXHL/
2025-05-20 16:05:28.723113
2025-05-20 16:10:28.720775
2025-05-20 17:03:28.797374
MFI
https://cn.tradingview.com/chart/zbv9c92p/?symbol=NASDAQ%3AMFI
https://finance.yahoo.com/quote/MFI/
2025-05-20 17:04:28.547594
2025-05-20 17:05:28.661044
2025-05-20 17:06:28.621728
2025-05-20 17:11:28.988375
2025-05-20 17:12:28.706589
BLMZ
https://cn.tradingview.com/chart/zbv9c92p/?symbol=NASDAQ%3ABLMZ
https://finance.yahoo.com/quote/BLMZ/
2025-05-20 17:31:28.613864
2025-05-20 17:32:28.742280
2025-05-20 18:06:28.636398
2025-05-20 18:07:28.565032
2025-05-20 18:11:29.806061
2025-05-20 18:12:28.757332
调度器启动，按 Ctrl+C 退出...
2025-05-20 18:38:05.479682
BLMZ
https://cn.tradingview.com/chart/zbv9c92p/?symbol=NASDAQ%3ABLMZ
https://finance.yahoo.com/quote/BLMZ/
EYEN
https://cn.tradingview.com/chart/zbv9c92p/?symbol=NASDAQ%3AEYEN
https://finance.yahoo.com/quote/EYEN/
BIAF
https://cn.tradingview.com/chart/zbv9c92p/?symbol=NASDAQ%3ABIAF
https://finance.yahoo.com/quote/BIAF/
HCTI
https://cn.tradingview.com/chart/zbv9c92p/?symbol=NASDAQ%3AHCTI
https://finance.yahoo.com/quote/HCTI/
SYTA
https://cn.tradingview.com/chart/zbv9c92p/?symbol=NASDAQ%3ASYTA
https://finance.yahoo.com/quote/SYTA/
TIL
https://cn.tradingview.com/chart/zbv9c92p/?symbol=NASDAQ%3ATIL
https://finance.yahoo.com/quote/TIL/
BON
https://cn.tradingview.com/chart/zbv9c92p/?symbol=NASDAQ%3ABON
https://finance.yahoo.com/quote/BON/
MFI
https://cn.tradingview.com/chart/zbv9c92p/?symbol=NASDAQ%3AMFI
https://finance.yahoo.com/quote/MFI/
IXHL
https://cn.tradingview.com/chart/zbv9c92p/?symbol=NASDAQ%3AIXHL
https://finance.yahoo.com/quote/IXHL/
2025-05-20 18:39:05.028218
2025-05-20 18:40:05.659539
2025-05-20 18:41:05.101915
2025-05-20 18:42:05.022429
2025-05-20 18:43:05.024567
2025-05-20 18:44:05.060765
2025-05-20 18:45:05.136741
NLSP
https://cn.tradingview.com/chart/zbv9c92p/?symbol=NASDAQ%3ANLSP
https://finance.yahoo.com/quote/NLSP/
2025-05-20 18:46:05.153842
2025-05-20 18:47:05.115736
2025-05-20 18:48:05.141667
2025-05-20 18:49:05.143043
2025-05-20 18:50:05.094978
2025-05-20 18:51:05.124663
2025-05-20 18:52:05.140265
2025-05-20 18:53:05.065846
2025-05-20 18:54:05.027720
2025-05-20 18:55:05.588295
2025-05-20 18:56:05.127611
2025-05-20 18:57:05.027126
2025-05-20 18:58:04.993046
2025-05-20 18:59:05.045576
2025-05-20 19:00:05.409685
2025-05-20 19:01:05.124126
2025-05-20 19:02:05.026515
2025-05-20 19:03:05.052354
KTTA
https://cn.tradingview.com/chart/zbv9c92p/?symbol=NASDAQ%3AKTTA
https://finance.yahoo.com/quote/KTTA/
IRIX
https://cn.tradingview.com/chart/zbv9c92p/?symbol=NASDAQ%3AIRIX
https://finance.yahoo.com/quote/IRIX/
2025-05-20 19:04:05.000726
2025-05-20 19:05:05.069734
2025-05-20 19:06:04.997022
2025-05-20 19:07:05.550601
2025-05-20 19:08:05.069738
2025-05-20 19:09:05.123113
2025-05-20 19:23:05.177453
2025-05-20 19:24:05.417841
TZUP
https://cn.tradingview.com/chart/zbv9c92p/?symbol=NASDAQ%3ATZUP
https://finance.yahoo.com/quote/TZUP/
NWTN
https://cn.tradingview.com/chart/zbv9c92p/?symbol=NASDAQ%3ANWTN
https://finance.yahoo.com/quote/NWTN/
2025-05-20 19:25:05.066704
2025-05-20 19:26:04.960944
ASPI
https://cn.tradingview.com/chart/zbv9c92p/?symbol=NASDAQ%3AASPI
https://finance.yahoo.com/quote/ASPI/
2025-05-20 19:27:05.084403
2025-05-20 19:28:05.273981
2025-05-20 19:29:05.100653
2025-05-20 19:30:05.134179
2025-05-20 19:31:05.313298
2025-05-20 19:32:05.292602
2025-05-20 19:33:05.715641
2025-05-20 19:34:05.127042
2025-05-20 19:36:05.026647
2025-05-20 19:37:05.018878
EDBL
https://cn.tradingview.com/chart/zbv9c92p/?symbol=NASDAQ%3AEDBL
https://finance.yahoo.com/quote/EDBL/
2025-05-20 19:38:05.119152
2025-05-20 19:39:05.024398
2025-05-20 19:40:05.085913
2025-05-20 19:41:05.110821
2025-05-20 19:42:05.082669
2025-05-20 19:43:05.117835
2025-05-20 19:44:05.150023
2025-05-20 19:45:05.040802
2025-05-20 19:46:05.358244
2025-05-20 19:47:05.223170
2025-05-20 19:48:05.021232
2025-05-20 19:49:05.117428
2025-05-20 19:50:05.119910
2025-05-20 19:51:05.083670
2025-05-20 19:52:05.142594
2025-05-20 19:53:05.447891
2025-05-20 19:54:05.087709
2025-05-20 19:55:05.285279
2025-05-20 19:56:05.071599
2025-05-20 19:57:05.098274
2025-05-20 19:58:05.185664
2025-05-20 19:59:05.058009
2025-05-20 20:00:05.363518
2025-05-20 20:01:05.026170
2025-05-20 20:02:06.419113
2025-05-20 20:03:05.088648
CING
https://cn.tradingview.com/chart/zbv9c92p/?symbol=NASDAQ%3ACING
https://finance.yahoo.com/quote/CING/
NRXS
https://cn.tradingview.com/chart/zbv9c92p/?symbol=NASDAQ%3ANRXS
https://finance.yahoo.com/quote/NRXS/
PRPH
https://cn.tradingview.com/chart/zbv9c92p/?symbol=NASDAQ%3APRPH
https://finance.yahoo.com/quote/PRPH/
2025-05-20 20:04:05.042042
2025-05-20 20:05:05.265791
2025-05-20 20:06:05.049692
2025-05-20 20:07:05.204420
2025-05-20 20:08:05.181197
2025-05-20 20:09:05.124886
2025-05-20 20:10:05.238235
2025-05-20 20:11:05.157382
2025-05-20 20:12:05.220480
2025-05-20 20:13:05.382743
2025-05-20 20:14:05.192757
QBTS
https://cn.tradingview.com/chart/zbv9c92p/?symbol=NASDAQ%3AQBTS
https://finance.yahoo.com/quote/QBTS/
2025-05-20 20:15:05.169009
2025-05-20 20:16:05.020879
2025-05-20 20:17:05.347463
2025-05-20 20:18:05.151216
2025-05-20 20:19:05.133186
2025-05-20 20:20:05.181788
2025-05-20 20:21:05.028174
2025-05-20 20:22:05.482872
2025-05-20 20:23:05.178628
2025-05-20 20:24:05.655697
MLGO
https://cn.tradingview.com/chart/zbv9c92p/?symbol=NASDAQ%3AMLGO
https://finance.yahoo.com/quote/MLGO/
2025-05-20 20:25:05.359185
2025-05-20 20:26:05.330027
2025-05-20 20:27:05.182752
2025-05-20 20:28:05.065362
2025-05-20 20:29:05.323215
2025-05-20 20:30:05.137943
2025-05-20 20:31:05.274259
调度器已关闭
调度器启动，按 Ctrl+C 退出...
2025-05-20 23:01:46.080734
NRXS
https://cn.tradingview.com/chart/zbv9c92p/?symbol=NASDAQ%3ANRXS
https://finance.yahoo.com/quote/NRXS/
SYTA
https://cn.tradingview.com/chart/zbv9c92p/?symbol=NASDAQ%3ASYTA
https://finance.yahoo.com/quote/SYTA/
SATX
https://cn.tradingview.com/chart/zbv9c92p/?symbol=NASDAQ%3ASATX
https://finance.yahoo.com/quote/SATX/
EDBL
https://cn.tradingview.com/chart/zbv9c92p/?symbol=NASDAQ%3AEDBL
https://finance.yahoo.com/quote/EDBL/
QBTS
https://cn.tradingview.com/chart/zbv9c92p/?symbol=NASDAQ%3AQBTS
https://finance.yahoo.com/quote/QBTS/
WFF
https://cn.tradingview.com/chart/zbv9c92p/?symbol=NASDAQ%3AWFF
https://finance.yahoo.com/quote/WFF/
IDN
https://cn.tradingview.com/chart/zbv9c92p/?symbol=NASDAQ%3AIDN
https://finance.yahoo.com/quote/IDN/
AS
https://cn.tradingview.com/chart/zbv9c92p/?symbol=NASDAQ%3AAS
https://finance.yahoo.com/quote/AS/
KOSS
https://cn.tradingview.com/chart/zbv9c92p/?symbol=NASDAQ%3AKOSS
https://finance.yahoo.com/quote/KOSS/
2025-05-20 23:02:45.870370
NISN
https://cn.tradingview.com/chart/zbv9c92p/?symbol=NASDAQ%3ANISN
https://finance.yahoo.com/quote/NISN/
2025-05-20 23:03:46.273749
2025-05-20 23:04:46.157956
2025-05-20 23:05:46.289328
2025-05-20 23:06:45.878348
2025-05-20 23:07:46.018275
2025-05-20 23:08:46.584541
2025-05-20 23:09:45.955095
2025-05-20 23:10:45.900926
2025-05-20 23:11:45.932537
2025-05-20 23:12:46.288906
2025-05-20 23:13:46.072420
2025-05-20 23:14:46.409148
2025-05-20 23:15:46.013063
BZAI
https://cn.tradingview.com/chart/zbv9c92p/?symbol=NASDAQ%3ABZAI
https://finance.yahoo.com/quote/BZAI/
2025-05-20 23:16:46.012273
2025-05-20 23:17:45.999577
