调度器启动，按 Ctrl+C 退出...
2025-06-10 18:56:56.883019
MRIN
https://cn.tradingview.com/chart/zbv9c92p/?symbol=NASDAQ%3AMRIN
no recent news
Marin Software Incorporated Receives Nasdaq Notification Regarding Late Form 10-Q Filing and Continued Listing Requirements
17 days ago
CARM
https://cn.tradingview.com/chart/zbv9c92p/?symbol=NASDAQ%3ACARM
no recent news
Carisma Therapeutics Provides Corporate Updates
2 months ago
KLTO
https://cn.tradingview.com/chart/zbv9c92p/?symbol=NASDAQ%3AKLTO
no recent news
KLOTHO NEUROSCIENCE, INC. ANNOUNCES AN APPROACH TO INCREASE LONGEVITY AND HEALTHY LIFE SPAN - REPLACE A SILENCED GENE CALLED ALPHA-KLOTHO ("α-KLOTHO")
23 hours ago
NUWE
https://cn.tradingview.com/chart/zbv9c92p/?symbol=NASDAQ%3ANUWE
no recent news
Nuwellis Announces Pricing of $4.3 Million Underwritten Public Offering
21 hours ago
RFL
https://cn.tradingview.com/chart/zbv9c92p/?symbol=NASDAQ%3ARFL
no recent news
Rafael Holdings, Inc. Announces Final Results and Closing of Rights Offering
5 days ago
2025-06-10 18:57:57.107377
MEGL
https://cn.tradingview.com/chart/zbv9c92p/?symbol=NASDAQ%3AMEGL
no recent news
Magic Empire Global Limited announces that the bid price deficiency concern raised by Nasdaq has been successfully resolved
3 months ago
PLUG
https://cn.tradingview.com/chart/zbv9c92p/?symbol=NASDAQ%3APLUG
no recent news
Plug Power CFO Paul Middleton Underscores Continued Confidence in Strategic Growth with Additional Share Purchase
18 hours ago
2025-06-10 18:58:56.721676
2025-06-10 18:59:56.715271
MSW
https://cn.tradingview.com/chart/zbv9c92p/?symbol=NASDAQ%3AMSW
no recent news
Ming Shing Group Holdings Limited Announces Unaudited Financial Results For The Six Months Ended September 30, 2024
2 months ago
2025-06-10 19:00:56.944712
2025-06-10 19:01:57.173691
2025-06-10 19:02:57.180550
2025-06-10 19:03:56.770001
发生错误: ('Connection aborted.', RemoteDisconnected('Remote end closed connection without response'))
发生错误: HTTPConnectionPool(host='localhost', port=59334): Max retries exceeded with url: /session/d77fe1b643861e8dcebc6d30d609e939/url (Caused by NewConnectionError('<urllib3.connection.HTTPConnection object at 0x1056c05c0>: Failed to establish a new connection: [Errno 61] Connection refused'))
调度器启动，按 Ctrl+C 退出...
2025-06-10 19:04:58.861700
MEGL
https://cn.tradingview.com/chart/zbv9c92p/?symbol=NASDAQ%3AMEGL
no recent news
Magic Empire Global Limited announces that the bid price deficiency concern raised by Nasdaq has been successfully resolved
3 months ago
MRIN
https://cn.tradingview.com/chart/zbv9c92p/?symbol=NASDAQ%3AMRIN
发生错误: HTTPConnectionPool(host='localhost', port=59595): Max retries exceeded with url: /session/3150e75f863fd495637b33ad0cd634c3/url (Caused by NewConnectionError('<urllib3.connection.HTTPConnection object at 0x10bb5ed50>: Failed to establish a new connection: [Errno 61] Connection refused'))
发生错误: HTTPConnectionPool(host='localhost', port=59595): Max retries exceeded with url: /session/3150e75f863fd495637b33ad0cd634c3/url (Caused by NewConnectionError('<urllib3.connection.HTTPConnection object at 0x10bb5f740>: Failed to establish a new connection: [Errno 61] Connection refused'))
no recent news
调度器启动，按 Ctrl+C 退出...
2025-06-10 19:05:34.983437
MEGL
https://cn.tradingview.com/chart/zbv9c92p/?symbol=NASDAQ%3AMEGL
no recent news
Magic Empire Global Limited announces that the bid price deficiency concern raised by Nasdaq has been successfully resolved
3 months ago
EVGN
https://cn.tradingview.com/chart/zbv9c92p/?symbol=NASDAQ%3AEVGN
发生错误: HTTPConnectionPool(host='localhost', port=59866): Max retries exceeded with url: /session/9e63cffcf0a6dac3852a4273e9d94487/url (Caused by NewConnectionError('<urllib3.connection.HTTPConnection object at 0x106d531d0>: Failed to establish a new connection: [Errno 61] Connection refused'))
发生错误: HTTPConnectionPool(host='localhost', port=59866): Max retries exceeded with url: /session/9e63cffcf0a6dac3852a4273e9d94487/url (Caused by NewConnectionError('<urllib3.connection.HTTPConnection object at 0x106d53b60>: Failed to establish a new connection: [Errno 61] Connection refused'))
no recent news
调度器启动，按 Ctrl+C 退出...
2025-06-10 19:08:41.975972
MEGL
https://cn.tradingview.com/chart/zbv9c92p/?symbol=NASDAQ%3AMEGL
no recent news
Magic Empire Global Limited announces that the bid price deficiency concern raised by Nasdaq has been successfully resolved
3 months ago
EVGN
https://cn.tradingview.com/chart/zbv9c92p/?symbol=NASDAQ%3AEVGN
发生错误: HTTPConnectionPool(host='localhost', port=60840): Max retries exceeded with url: /session/df5293cabe450718ef027a250f623e0c/url (Caused by NewConnectionError('<urllib3.connection.HTTPConnection object at 0x10967eed0>: Failed to establish a new connection: [Errno 61] Connection refused'))
发生错误: HTTPConnectionPool(host='localhost', port=60840): Max retries exceeded with url: /session/df5293cabe450718ef027a250f623e0c/url (Caused by NewConnectionError('<urllib3.connection.HTTPConnection object at 0x10967f890>: Failed to establish a new connection: [Errno 61] Connection refused'))
no recent news
MRIN
https://cn.tradingview.com/chart/zbv9c92p/?symbol=NASDAQ%3AMRIN
发生错误: HTTPConnectionPool(host='localhost', port=60840): Max retries exceeded with url: /session/df5293cabe450718ef027a250f623e0c/url (Caused by NewConnectionError('<urllib3.connection.HTTPConnection object at 0x10967e630>: Failed to establish a new connection: [Errno 61] Connection refused'))
发生错误: HTTPConnectionPool(host='localhost', port=60840): Max retries exceeded with url: /session/df5293cabe450718ef027a250f623e0c/url (Caused by NewConnectionError('<urllib3.connection.HTTPConnection object at 0x1096a8290>: Failed to establish a new connection: [Errno 61] Connection refused'))
no recent news
CARM
https://cn.tradingview.com/chart/zbv9c92p/?symbol=NASDAQ%3ACARM
发生错误: HTTPConnectionPool(host='localhost', port=60840): Max retries exceeded with url: /session/df5293cabe450718ef027a250f623e0c/url (Caused by NewConnectionError('<urllib3.connection.HTTPConnection object at 0x10967f260>: Failed to establish a new connection: [Errno 61] Connection refused'))
发生错误: HTTPConnectionPool(host='localhost', port=60840): Max retries exceeded with url: /session/df5293cabe450718ef027a250f623e0c/url (Caused by NewConnectionError('<urllib3.connection.HTTPConnection object at 0x10967f6e0>: Failed to establish a new connection: [Errno 61] Connection refused'))
no recent news
KLTO
https://cn.tradingview.com/chart/zbv9c92p/?symbol=NASDAQ%3AKLTO
发生错误: HTTPConnectionPool(host='localhost', port=60840): Max retries exceeded with url: /session/df5293cabe450718ef027a250f623e0c/url (Caused by NewConnectionError('<urllib3.connection.HTTPConnection object at 0x1096a9250>: Failed to establish a new connection: [Errno 61] Connection refused'))
发生错误: HTTPConnectionPool(host='localhost', port=60840): Max retries exceeded with url: /session/df5293cabe450718ef027a250f623e0c/url (Caused by NewConnectionError('<urllib3.connection.HTTPConnection object at 0x10967f620>: Failed to establish a new connection: [Errno 61] Connection refused'))
no recent news
MGNX
https://cn.tradingview.com/chart/zbv9c92p/?symbol=NASDAQ%3AMGNX
发生错误: HTTPConnectionPool(host='localhost', port=60840): Max retries exceeded with url: /session/df5293cabe450718ef027a250f623e0c/url (Caused by NewConnectionError('<urllib3.connection.HTTPConnection object at 0x1096a8920>: Failed to establish a new connection: [Errno 61] Connection refused'))
发生错误: HTTPConnectionPool(host='localhost', port=60840): Max retries exceeded with url: /session/df5293cabe450718ef027a250f623e0c/url (Caused by NewConnectionError('<urllib3.connection.HTTPConnection object at 0x1096a9d00>: Failed to establish a new connection: [Errno 61] Connection refused'))
no recent news
RFL
https://cn.tradingview.com/chart/zbv9c92p/?symbol=NASDAQ%3ARFL
发生错误: HTTPConnectionPool(host='localhost', port=60840): Max retries exceeded with url: /session/df5293cabe450718ef027a250f623e0c/url (Caused by NewConnectionError('<urllib3.connection.HTTPConnection object at 0x1096a8aa0>: Failed to establish a new connection: [Errno 61] Connection refused'))
发生错误: HTTPConnectionPool(host='localhost', port=60840): Max retries exceeded with url: /session/df5293cabe450718ef027a250f623e0c/url (Caused by NewConnectionError('<urllib3.connection.HTTPConnection object at 0x1096aa000>: Failed to establish a new connection: [Errno 61] Connection refused'))
no recent news
调度器启动，按 Ctrl+C 退出...
2025-06-10 19:11:16.883935
MEGL
https://cn.tradingview.com/chart/zbv9c92p/?symbol=NASDAQ%3AMEGL
no recent news
Magic Empire Global Limited announces that the bid price deficiency concern raised by Nasdaq has been successfully resolved
3 months ago
EVGN
https://cn.tradingview.com/chart/zbv9c92p/?symbol=NASDAQ%3AEVGN
发生错误: HTTPConnectionPool(host='localhost', port=53690): Max retries exceeded with url: /session/57e3d5236a2fecc1ec52ca9809fc2b01/url (Caused by NewConnectionError('<urllib3.connection.HTTPConnection object at 0x11c85ec60>: Failed to establish a new connection: [Errno 61] Connection refused'))
发生错误: HTTPConnectionPool(host='localhost', port=53690): Max retries exceeded with url: /session/57e3d5236a2fecc1ec52ca9809fc2b01/url (Caused by NewConnectionError('<urllib3.connection.HTTPConnection object at 0x11c85f5f0>: Failed to establish a new connection: [Errno 61] Connection refused'))
no recent news
CARM
https://cn.tradingview.com/chart/zbv9c92p/?symbol=NASDAQ%3ACARM
发生错误: HTTPConnectionPool(host='localhost', port=53690): Max retries exceeded with url: /session/57e3d5236a2fecc1ec52ca9809fc2b01/url (Caused by NewConnectionError('<urllib3.connection.HTTPConnection object at 0x11c85e900>: Failed to establish a new connection: [Errno 61] Connection refused'))
发生错误: HTTPConnectionPool(host='localhost', port=53690): Max retries exceeded with url: /session/57e3d5236a2fecc1ec52ca9809fc2b01/url (Caused by NewConnectionError('<urllib3.connection.HTTPConnection object at 0x11c85ffe0>: Failed to establish a new connection: [Errno 61] Connection refused'))
no recent news
MRIN
https://cn.tradingview.com/chart/zbv9c92p/?symbol=NASDAQ%3AMRIN
发生错误: HTTPConnectionPool(host='localhost', port=53690): Max retries exceeded with url: /session/57e3d5236a2fecc1ec52ca9809fc2b01/url (Caused by NewConnectionError('<urllib3.connection.HTTPConnection object at 0x11c85e9c0>: Failed to establish a new connection: [Errno 61] Connection refused'))
发生错误: HTTPConnectionPool(host='localhost', port=53690): Max retries exceeded with url: /session/57e3d5236a2fecc1ec52ca9809fc2b01/url (Caused by NewConnectionError('<urllib3.connection.HTTPConnection object at 0x11c85f350>: Failed to establish a new connection: [Errno 61] Connection refused'))
no recent news
KLTO
https://cn.tradingview.com/chart/zbv9c92p/?symbol=NASDAQ%3AKLTO
发生错误: HTTPConnectionPool(host='localhost', port=53690): Max retries exceeded with url: /session/57e3d5236a2fecc1ec52ca9809fc2b01/url (Caused by NewConnectionError('<urllib3.connection.HTTPConnection object at 0x11c85eba0>: Failed to establish a new connection: [Errno 61] Connection refused'))
发生错误: HTTPConnectionPool(host='localhost', port=53690): Max retries exceeded with url: /session/57e3d5236a2fecc1ec52ca9809fc2b01/url (Caused by NewConnectionError('<urllib3.connection.HTTPConnection object at 0x11c85fa40>: Failed to establish a new connection: [Errno 61] Connection refused'))
no recent news
MGNX
https://cn.tradingview.com/chart/zbv9c92p/?symbol=NASDAQ%3AMGNX
发生错误: HTTPConnectionPool(host='localhost', port=53690): Max retries exceeded with url: /session/57e3d5236a2fecc1ec52ca9809fc2b01/url (Caused by NewConnectionError('<urllib3.connection.HTTPConnection object at 0x11c87db20>: Failed to establish a new connection: [Errno 61] Connection refused'))
发生错误: HTTPConnectionPool(host='localhost', port=53690): Max retries exceeded with url: /session/57e3d5236a2fecc1ec52ca9809fc2b01/url (Caused by NewConnectionError('<urllib3.connection.HTTPConnection object at 0x11c85ede0>: Failed to establish a new connection: [Errno 61] Connection refused'))
no recent news
调度器已关闭
调度器启动，按 Ctrl+C 退出...
2025-06-10 19:12:53.438981
MEGL
https://cn.tradingview.com/chart/zbv9c92p/?symbol=NASDAQ%3AMEGL
no recent news
Magic Empire Global Limited announces that the bid price deficiency concern raised by Nasdaq has been successfully resolved
3 months ago
EVGN
https://cn.tradingview.com/chart/zbv9c92p/?symbol=NASDAQ%3AEVGN
Evogene Announces Completion of First-In-Class Foundation Model for Generative Molecule Design, Developed in Collaboration with Google Cloud
13 minutes ago
MRIN
https://cn.tradingview.com/chart/zbv9c92p/?symbol=NASDAQ%3AMRIN
no recent news
Marin Software Incorporated Receives Nasdaq Notification Regarding Late Form 10-Q Filing and Continued Listing Requirements
17 days ago
CARM
https://cn.tradingview.com/chart/zbv9c92p/?symbol=NASDAQ%3ACARM
no recent news
Carisma Therapeutics Provides Corporate Updates
2 months ago
KLTO
https://cn.tradingview.com/chart/zbv9c92p/?symbol=NASDAQ%3AKLTO
no recent news
KLOTHO NEUROSCIENCE, INC. ANNOUNCES AN APPROACH TO INCREASE LONGEVITY AND HEALTHY LIFE SPAN - REPLACE A SILENCED GENE CALLED ALPHA-KLOTHO ("α-KLOTHO")
1 day ago
MGNX
https://cn.tradingview.com/chart/zbv9c92p/?symbol=NASDAQ%3AMGNX
MacroGenics and Sagard Healthcare Partners Enter into ZYNYZ® Royalty Purchase Agreement
13 minutes ago
2025-06-10 19:13:53.936109
2025-06-10 19:14:53.673942
2025-06-10 19:15:53.408293
2025-06-10 19:16:54.301345
2025-06-10 19:17:53.948696
2025-06-10 19:18:53.656968
2025-06-10 19:19:53.614411
2025-06-10 19:20:53.910438
2025-06-10 19:21:53.984079
2025-06-10 19:32:53.774650
2025-06-10 19:33:53.696205
GELS
https://cn.tradingview.com/chart/zbv9c92p/?symbol=NASDAQ%3AGELS
Gelteq Expands U.S. Operations with Healthy Extracts Inc. as North American Fulfillment Partner
4 minutes ago
WETO
https://cn.tradingview.com/chart/zbv9c92p/?symbol=NASDAQ%3AWETO
no recent news
Webus Signs up to $300 Million XRP Treasury Management Agreement with Top-Tier Manager Samara Alpha, Making a Major Step in Its XRP Treasury Strategy
7 days ago
2025-06-10 19:34:53.742578
2025-06-10 19:35:53.607563
NUWE
https://cn.tradingview.com/chart/zbv9c92p/?symbol=NASDAQ%3ANUWE
no recent news
Nuwellis Announces Pricing of $4.3 Million Underwritten Public Offering
22 hours ago
2025-06-10 19:36:53.647906
2025-06-10 19:37:53.478018
2025-06-10 19:38:53.824284
2025-06-10 19:39:53.564438
2025-06-10 19:40:53.587697
2025-06-10 19:41:53.368192
OSTX
https://cn.tradingview.com/chart/zbv9c92p/?symbol=NASDAQ%3AOSTX
OS Therapies Partners with EVERSANA for the U.S. Commercialization of OST-HER2 in Recurrent, Fully Resected, Pediatric Lung Metastatic Osteosarcoma
2 minutes ago
2025-06-10 19:42:53.413327
2025-06-10 19:43:53.378745
2025-06-10 19:44:53.633703
2025-06-10 19:45:53.457658
RFL
https://cn.tradingview.com/chart/zbv9c92p/?symbol=NASDAQ%3ARFL
no recent news
Rafael Holdings, Inc. Announces Final Results and Closing of Rights Offering
5 days ago
2025-06-10 19:46:54.612088
2025-06-10 19:47:53.818813
2025-06-10 19:48:53.360175
2025-06-10 19:49:53.462766
2025-06-10 19:50:53.488281
2025-06-10 19:51:53.446917
2025-06-10 19:52:53.561781
2025-06-10 19:53:53.325483
2025-06-10 19:54:53.865111
2025-06-10 19:55:53.568780
2025-06-10 19:56:53.323324
2025-06-10 19:57:53.455463
2025-06-10 19:58:53.413011
2025-06-10 19:59:53.424791
2025-06-10 20:00:53.470660
2025-06-10 20:01:53.397343
2025-06-10 20:02:53.488834
WINT
https://cn.tradingview.com/chart/zbv9c92p/?symbol=NASDAQ%3AWINT
Windtree Announces Transformational Agreement to Acquire Revenue Generating Environmental Services Business
3 minutes ago
2025-06-10 20:03:53.942586
2025-06-10 20:04:53.540371
2025-06-10 20:05:53.412781
2025-06-10 20:06:53.523925
2025-06-10 20:07:53.409958
2025-06-10 20:08:54.005846
DATS
https://cn.tradingview.com/chart/zbv9c92p/?symbol=NASDAQ%3ADATS
no recent news
DatChat Receives Notice of Allowance for European Patent Application for Advanced Digital Privacy Technology
1 month ago
2025-06-10 20:09:53.432896
2025-06-10 20:10:53.491598
MSW
https://cn.tradingview.com/chart/zbv9c92p/?symbol=NASDAQ%3AMSW
no recent news
Ming Shing Group Holdings Limited Announces Unaudited Financial Results For The Six Months Ended September 30, 2024
2 months ago
2025-06-10 20:11:53.445448
2025-06-10 20:12:53.500995
XFOR
https://cn.tradingview.com/chart/zbv9c92p/?symbol=NASDAQ%3AXFOR
X4 Pharmaceuticals Granted Fast Track Designation for Mavorixafor for the Treatment of Chronic Neutropenia by U.S. FDA
13 minutes ago
2025-06-10 20:13:53.373653
2025-06-10 20:15:53.607417
2025-06-10 20:16:53.496537
2025-06-10 20:17:54.160768
2025-06-10 20:18:53.797757
GTI
https://cn.tradingview.com/chart/zbv9c92p/?symbol=NASDAQ%3AGTI
no recent news
Graphjet Technology Finalizing Annual Report
13 days ago
2025-06-10 20:19:53.574116
2025-06-10 20:20:53.779341
2025-06-10 20:21:53.456519
2025-06-10 20:22:53.587373
2025-06-10 20:23:53.793912
2025-06-10 20:24:54.059104
2025-06-10 20:25:53.409685
2025-06-10 20:26:53.417889
2025-06-10 20:27:53.524617
2025-06-10 20:28:53.544497
2025-06-10 20:29:53.337902
2025-06-10 20:30:53.830935
2025-06-10 20:31:53.520407
2025-06-10 20:32:53.432290
2025-06-10 20:33:53.993931
2025-06-10 20:34:53.641102
2025-06-10 20:35:53.474849
2025-06-10 20:36:53.811238
CDIO
https://cn.tradingview.com/chart/zbv9c92p/?symbol=NASDAQ%3ACDIO
Cardio Diagnostics Secures Japanese Patent for AI-Driven Cardiovascular Disease Detection Technology
2 minutes ago
IPW
https://cn.tradingview.com/chart/zbv9c92p/?symbol=NASDAQ%3AIPW
iPower and Borg Rise U.S. Enter Strategic Partnership to Expand Social Media Commerce
7 minutes ago
ZENA
https://cn.tradingview.com/chart/zbv9c92p/?symbol=NASDAQ%3AZENA
Historic Executive Order Fast-Tracks ZenaTech’s ZenaDrone Subsidiary Manufacturing and Go-to-Market Plans for Dual-Use Defense and Commercial Drones
7 minutes ago
2025-06-10 20:38:55.066151
NIVF
https://cn.tradingview.com/chart/zbv9c92p/?symbol=NASDAQ%3ANIVF
no recent news
NewGen Announces Planned $30 Million Strategic Investment in Solana Digital Asset Staking
8 days ago
2025-06-10 20:39:53.437523
2025-06-10 20:40:53.698722
2025-06-10 20:41:53.848024
2025-06-10 20:42:53.590956
2025-06-10 20:43:53.712048
2025-06-10 20:44:53.421847
2025-06-10 20:45:53.621973
SKIL
https://cn.tradingview.com/chart/zbv9c92p/?symbol=NASDAQ%3ASKIL
no recent news
Skillsoft Reports Financial Results for the First Quarter of Fiscal 2026
16 hours ago
2025-06-10 20:46:53.418296
2025-06-10 20:47:53.554374
2025-06-10 20:48:53.768925
2025-06-10 20:49:53.340214
CNTX
https://cn.tradingview.com/chart/zbv9c92p/?symbol=NASDAQ%3ACNTX
no recent news
Context Therapeutics Announces CTIM-76 Trial in Progress Poster Presentation at 2025 ASCO Meeting
8 days ago
2025-06-10 20:51:53.356714
2025-06-10 20:52:53.495497
2025-06-10 20:53:54.510038
2025-06-10 20:55:53.609687
2025-06-10 20:56:53.549042
2025-06-10 20:57:53.609806
2025-06-10 20:59:53.578308
2025-06-10 21:00:53.521682
WETO
https://cn.tradingview.com/chart/zbv9c92p/?symbol=NASDAQ%3AWETO
Webus International Limited Partners with One of Las Vegas’ Largest Antelope Canyon Powerhouse, Accelerating Deployment of Key U.S. Tourism Assets
1 minute ago
2025-06-10 21:01:53.432631
2025-06-10 21:02:53.352647
发生错误: ('Connection aborted.', RemoteDisconnected('Remote end closed connection without response'))
发生错误: HTTPConnectionPool(host='localhost', port=53396): Max retries exceeded with url: /session/d6c809fb6d0e9053e2873b83ec014581/url (Caused by NewConnectionError('<urllib3.connection.HTTPConnection object at 0x115a56fc0>: Failed to establish a new connection: [Errno 61] Connection refused'))
调度器启动，按 Ctrl+C 退出...
2025-06-10 21:30:58.160818
EVGN
https://cn.tradingview.com/chart/zbv9c92p/?symbol=NASDAQ%3AEVGN
no recent news
Evogene Announces Completion of First-In-Class Foundation Model for Generative Molecule Design, Developed in Collaboration with Google Cloud
Evogene宣布完成与Google Cloud合作开发的生成分子设计的一流基础模型
2 hours ago
MEGL
https://cn.tradingview.com/chart/zbv9c92p/?symbol=NASDAQ%3AMEGL
no recent news
Magic Empire Global Limited announces that the bid price deficiency concern raised by Nasdaq has been successfully resolved
Magic Empire Global Limited宣布，纳斯达克提出的竞标价格缺陷问题已成功解决
3 months ago
KLTO
https://cn.tradingview.com/chart/zbv9c92p/?symbol=NASDAQ%3AKLTO
no recent news
KLOTHO NEUROSCIENCE, INC. ANNOUNCES AN APPROACH TO INCREASE LONGEVITY AND HEALTHY LIFE SPAN - REPLACE A SILENCED GENE CALLED ALPHA-KLOTHO ("α-KLOTHO")
Klotho Neuroscience，Inc。宣布一种方法来增加寿命和健康的寿命 - 取代了一个沉默的基因，称为Alpha-Klotho（“α-Klotho”）
1 day ago
MGNX
https://cn.tradingview.com/chart/zbv9c92p/?symbol=NASDAQ%3AMGNX
no recent news
MacroGenics and Sagard Healthcare Partners Enter into ZYNYZ® Royalty Purchase Agreement
宏基因和Sagard Healthcare Partners签订了Zynyz®版税购买协议
2 hours ago
GELS
https://cn.tradingview.com/chart/zbv9c92p/?symbol=NASDAQ%3AGELS
no recent news
Gelteq Expands U.S. Operations with Healthy Extracts Inc. as North American Fulfillment Partner
Gelteq通过Healthy Defacts Inc.扩展了美国业务，作为北美履行合作伙伴
2 hours ago
BOLT
https://cn.tradingview.com/chart/zbv9c92p/?symbol=NASDAQ%3ABOLT
no recent news
Bolt Biotherapeutics Reports First Quarter 2025 Financial Results and Provides Business Update
Bolt Biothapeutics报告了2025年第一季度财务业绩并提供业务更新
28 days ago
SBET
https://cn.tradingview.com/chart/zbv9c92p/?symbol=NASDAQ%3ASBET
no recent news
SharpLink Announces Closing of $425,000,000 Private Placement Led by Consensys Software Inc., Will Become the Largest Publicly-Traded ETH Holder Globally
Sharplink宣布关闭由Consensys Software Inc.领导的425,000,000美元的私人安置，将成为全球最大的公开交易ETH持有人
8 days ago
LICN
https://cn.tradingview.com/chart/zbv9c92p/?symbol=NASDAQ%3ALICN
no recent news
Lichen China Limited Announces Effective Date of Reverse Stock Split and Name Change
地衣中国有限公司宣布有生效的反向股票拆分和名称更改的日期
3 months ago
ZENA
https://cn.tradingview.com/chart/zbv9c92p/?symbol=NASDAQ%3AZENA
no recent news
Historic Executive Order Fast-Tracks ZenaTech’s ZenaDrone Subsidiary Manufacturing and Go-to-Market Plans for Dual-Use Defense and Commercial Drones
历史行政命令快速轨道Zenatech的Zenadrone子公司制造业和针对双重使用国防和商业无人机的市场计划
1 hour ago
2025-06-10 21:32:58.163732
DATS
https://cn.tradingview.com/chart/zbv9c92p/?symbol=NASDAQ%3ADATS
no recent news
DatChat Receives Notice of Allowance for European Patent Application for Advanced Digital Privacy Technology
Datchat收到欧洲高级数字隐私技术专利申请津贴的通知
1 month ago
ARAI
https://cn.tradingview.com/chart/zbv9c92p/?symbol=NASDAQ%3AARAI
no recent news
Arrive AI Secures Another Key Patent for its Smart Mailbox-Anchored Autonomous Last-Mile Delivery Solutions Platform
到达AI为其智能邮箱锚定的上一英里交付解决方案平台获得另一个关键专利
2 hours ago
2025-06-10 21:33:57.989284
2025-06-10 21:34:58.323318
QTRX
https://cn.tradingview.com/chart/zbv9c92p/?symbol=NASDAQ%3AQTRX
no recent news
Quanterix to Present at Goldman Sachs Global Healthcare Conference
Quanterix参加高盛全球医疗会议
3 days ago
SKIL
https://cn.tradingview.com/chart/zbv9c92p/?symbol=NASDAQ%3ASKIL
no recent news
Skillsoft Reports Financial Results for the First Quarter of Fiscal 2026
Skillsoft报告了2026财年第一季度的财务业绩
17 hours ago
2025-06-10 21:36:58.196021
2025-06-10 21:38:58.751049
SSII
https://cn.tradingview.com/chart/zbv9c92p/?symbol=NASDAQ%3ASSII
no recent news
SS Innovations to Ring the Nasdaq Opening Bell on Tuesday, June 3, 2025
SS创新将于2025年6月3日星期二敲响纳斯达克开放钟
8 days ago
2025-06-10 21:40:58.109444
QUBT
https://cn.tradingview.com/chart/zbv9c92p/?symbol=NASDAQ%3AQUBT
no recent news
Quantum Computing Inc. Set to Join Russell 2000® and Russell 3000® Indexes
Quantum Computing Inc.将加入Russell2000®和Russell3000®索引
12 days ago
MTSR
https://cn.tradingview.com/chart/zbv9c92p/?symbol=NASDAQ%3AMTSR
no recent news
Metsera to Present at Goldman Sachs 46th Annual Global Healthcare Conference
Metsera将出席高盛第46届年度全球医疗保健会议
2 hours ago
2025-06-10 21:42:58.429061
调度器已关闭
