调度器启动，按 Ctrl+C 退出...
2025-06-11 18:39:25.816400
VTAK
https://cn.tradingview.com/chart/zbv9c92p/?symbol=NASDAQ%3AVTAK
no recent news
INEO
https://cn.tradingview.com/chart/zbv9c92p/?symbol=NASDAQ%3AINEO
no recent news
KBSX
https://cn.tradingview.com/chart/zbv9c92p/?symbol=NASDAQ%3AKBSX
no recent news
VXRT
https://cn.tradingview.com/chart/zbv9c92p/?symbol=NASDAQ%3AVXRT
no recent news
CNET
https://cn.tradingview.com/chart/zbv9c92p/?symbol=NASDAQ%3ACNET
no recent news
CHNR
https://cn.tradingview.com/chart/zbv9c92p/?symbol=NASDAQ%3ACHNR
no recent news
2025-06-11 18:40:22.966941
RENB
https://cn.tradingview.com/chart/zbv9c92p/?symbol=NASDAQ%3ARENB
no recent news
2025-06-11 18:41:23.890429
2025-06-11 18:42:23.206064
OUST
https://cn.tradingview.com/chart/zbv9c92p/?symbol=NASDAQ%3AOUST
Ouster Digital Lidar Approved by Defense Department for Unmanned Aircraft
Ouster Digital Lidar Approved by Defense Department for Unmanned Aircraft
12 minutes ago
2025-06-11 18:43:22.941604
2025-06-11 18:44:22.877792
2025-06-11 18:46:23.080636
2025-06-11 18:47:22.936129
2025-06-11 18:48:22.870040
2025-06-11 18:49:23.459883
2025-06-11 18:50:22.737335
2025-06-11 18:51:23.048067
2025-06-11 18:52:23.295187
2025-06-11 18:53:23.187772
2025-06-11 18:54:22.877608
2025-06-11 18:55:23.187433
2025-06-11 18:56:23.135756
2025-06-11 18:57:23.467669
2025-06-11 18:58:22.926932
2025-06-11 18:59:23.337141
2025-06-11 19:00:23.007027
2025-06-11 19:01:22.799072
2025-06-11 19:02:23.201992
2025-06-11 19:03:22.944146
HSDT
https://cn.tradingview.com/chart/zbv9c92p/?symbol=NASDAQ%3AHSDT
Helius Medical Technologies, Inc. Announces Authorized Claim for Payment by Major Healthcare Payer for its Portable Neuromodulation Stimulator (PoNS®) Device
Helius Medical Technologies, Inc. Announces Authorized Claim for Payment by Major Healthcare Payer for its Portable Neuromodulation Stimulator (PoNS®) Device
3 minutes ago
ABCL
https://cn.tradingview.com/chart/zbv9c92p/?symbol=NASDAQ%3AABCL
no recent news
2025-06-11 19:04:23.129476
2025-06-11 19:05:22.841922
WLGS
https://cn.tradingview.com/chart/zbv9c92p/?symbol=NASDAQ%3AWLGS
no recent news
2025-06-11 19:06:22.760694
2025-06-11 19:07:23.205443
2025-06-11 19:08:22.916497
2025-06-11 19:09:23.547306
2025-06-11 19:10:23.351500
BMR
https://cn.tradingview.com/chart/zbv9c92p/?symbol=NASDAQ%3ABMR
Beamr to Launch GPU-Accelerated Video Compression Solution for Autonomous Vehicles at NVIDIA GTC Paris
Beamr to Launch GPU-Accelerated Video Compression Solution for Autonomous Vehicles at NVIDIA GTC Paris
11 minutes ago
2025-06-11 19:11:22.981149
2025-06-11 19:12:22.963091
2025-06-11 19:13:22.798135
2025-06-11 19:14:23.788753
2025-06-11 19:15:22.948380
2025-06-11 19:16:22.894477
2025-06-11 19:17:22.948442
2025-06-11 19:18:23.006704
2025-06-11 19:20:22.914763
2025-06-11 19:21:22.896165
2025-06-11 19:23:22.970806
2025-06-11 19:24:22.873157
2025-06-11 19:25:23.163051
2025-06-11 19:26:24.974782
2025-06-11 19:27:22.945750
2025-06-11 19:28:22.859369
2025-06-11 19:29:22.737023
2025-06-11 19:30:22.855335
2025-06-11 19:32:23.612756
VXRT
https://cn.tradingview.com/chart/zbv9c92p/?symbol=NASDAQ%3AVXRT
Vaxart Reports Positive Clinical Data Demonstrating that its Second-Generation Vaccine Technology Produces Much Stronger Antibody Responses than its First-Generation Technology
Vaxart Reports Positive Clinical Data Demonstrating that its Second-Generation Vaccine Technology Produces Much Stronger Antibody Responses than its First-Generation Technology
2 minutes ago
2025-06-11 19:33:23.143159
ADIL
https://cn.tradingview.com/chart/zbv9c92p/?symbol=NASDAQ%3AADIL
no recent news
2025-06-11 19:34:22.940375
2025-06-11 19:35:22.989842
2025-06-11 19:36:23.302995
2025-06-11 19:37:23.051883
2025-06-11 19:38:22.831840
2025-06-11 19:39:22.840904
2025-06-11 19:41:22.895019
2025-06-11 19:42:23.362429
2025-06-11 19:43:23.605420
2025-06-11 19:44:22.922879
2025-06-11 19:45:23.297963
2025-06-11 19:46:22.806886
2025-06-11 19:47:23.452680
2025-06-11 19:48:22.900485
2025-06-11 19:49:23.386840
2025-06-11 19:50:23.154204
SFIX
https://cn.tradingview.com/chart/zbv9c92p/?symbol=NASDAQ%3ASFIX
no recent news
2025-06-11 19:52:22.824561
2025-06-11 19:53:22.835761
2025-06-11 19:54:22.864444
2025-06-11 19:55:22.804037
2025-06-11 19:56:22.843670
2025-06-11 19:57:22.987208
2025-06-11 19:58:23.133715
2025-06-11 19:59:22.979710
2025-06-11 20:00:22.976692
2025-06-11 20:01:22.830788
ADIL
https://cn.tradingview.com/chart/zbv9c92p/?symbol=NASDAQ%3AADIL
Adial Pharmaceuticals Advances Toward Phase 3 Development for AD04
Adial Pharmaceuticals Advances Toward Phase 3 Development for AD04
1 minute ago
2025-06-11 20:02:22.811734
2025-06-11 20:03:22.745378
MFH
https://cn.tradingview.com/chart/zbv9c92p/?symbol=NASDAQ%3AMFH
Mercurity Fintech Announces $800 Million Financing Plan for Bitcoin Treasury; Achieves Preliminary Inclusion in the U.S. Russell 2000 Index
Mercurity Fintech Announces $800 Million Financing Plan for Bitcoin Treasury; Achieves Preliminary Inclusion in the U.S. Russell 2000 Index
4 minutes ago
TRNR
https://cn.tradingview.com/chart/zbv9c92p/?symbol=NASDAQ%3ATRNR
no recent news
2025-06-11 20:04:23.492212
2025-06-11 20:05:23.033970
SSY
https://cn.tradingview.com/chart/zbv9c92p/?symbol=NASDAQ%3ASSY
no recent news
2025-06-11 20:06:23.240189
2025-06-11 20:07:23.006818
2025-06-11 20:08:22.853980
2025-06-11 20:09:23.099316
2025-06-11 20:10:23.191521
2025-06-11 20:11:22.943161
2025-06-11 20:13:23.865487
TRNR
https://cn.tradingview.com/chart/zbv9c92p/?symbol=NASDAQ%3ATRNR
Interactive Strength Inc. (Nasdaq:TRNR) Enters into $500 Million Facility to Acquire AI-focused $FET Tokens and Launch Crypto Treasury Asset Strategy
Interactive Strength Inc. (Nasdaq:TRNR) Enters into $500 Million Facility to Acquire AI-focused $FET Tokens and Launch Crypto Treasury Asset Strategy
14 minutes ago
2025-06-11 20:14:22.983464
2025-06-11 20:15:23.217308
2025-06-11 20:16:23.390128
KNW
https://cn.tradingview.com/chart/zbv9c92p/?symbol=NASDAQ%3AKNW
no recent news
2025-06-11 20:17:23.161601
2025-06-11 20:18:24.809858
2025-06-11 20:19:23.429716
2025-06-11 20:20:22.970988
发生错误: ('Connection aborted.', RemoteDisconnected('Remote end closed connection without response'))
发生错误: HTTPConnectionPool(host='localhost', port=55537): Max retries exceeded with url: /session/44bbde908e6ec11d13dab0bb6b7ec99d/url (Caused by NewConnectionError('<urllib3.connection.HTTPConnection object at 0x10cf88050>: Failed to establish a new connection: [Errno 61] Connection refused'))
调度器启动，按 Ctrl+C 退出...
调度器启动，按 Ctrl+C 退出...
2025-06-11 21:09:02.589997
VTAK
https://cn.tradingview.com/chart/zbv9c92p/?symbol=NASDAQ%3AVTAK
no recent news
HSDT
https://cn.tradingview.com/chart/zbv9c92p/?symbol=NASDAQ%3AHSDT
no recent news
VXRT
https://cn.tradingview.com/chart/zbv9c92p/?symbol=NASDAQ%3AVXRT
no recent news
INEO
https://cn.tradingview.com/chart/zbv9c92p/?symbol=NASDAQ%3AINEO
no recent news
HCTI
https://cn.tradingview.com/chart/zbv9c92p/?symbol=NASDAQ%3AHCTI
no recent news
NAOV
https://cn.tradingview.com/chart/zbv9c92p/?symbol=NASDAQ%3ANAOV
no recent news
KBSX
https://cn.tradingview.com/chart/zbv9c92p/?symbol=NASDAQ%3AKBSX
no recent news
TRNR
https://cn.tradingview.com/chart/zbv9c92p/?symbol=NASDAQ%3ATRNR
no recent news
CNET
https://cn.tradingview.com/chart/zbv9c92p/?symbol=NASDAQ%3ACNET
no recent news
OUST
https://cn.tradingview.com/chart/zbv9c92p/?symbol=NASDAQ%3AOUST
no recent news
SLDP
https://cn.tradingview.com/chart/zbv9c92p/?symbol=NASDAQ%3ASLDP
no recent news
CLRB
https://cn.tradingview.com/chart/zbv9c92p/?symbol=NASDAQ%3ACLRB
no recent news
SFIX
https://cn.tradingview.com/chart/zbv9c92p/?symbol=NASDAQ%3ASFIX
no recent news
2025-06-11 21:11:02.322777
UBX
https://cn.tradingview.com/chart/zbv9c92p/?symbol=NASDAQ%3AUBX
no recent news
2025-06-11 21:13:01.803843
发生错误: ('Connection aborted.', RemoteDisconnected('Remote end closed connection without response'))
发生错误: HTTPConnectionPool(host='localhost', port=60025): Max retries exceeded with url: /session/010134439abfe00c9cac3290197e7963/url (Caused by NewConnectionError('<urllib3.connection.HTTPConnection object at 0x11994c500>: Failed to establish a new connection: [Errno 61] Connection refused'))
调度器启动，按 Ctrl+C 退出...
2025-06-11 21:22:15.292920
VTAK
https://cn.tradingview.com/chart/zbv9c92p/?symbol=NASDAQ%3AVTAK
no recent news
HSDT
https://cn.tradingview.com/chart/zbv9c92p/?symbol=NASDAQ%3AHSDT
Helius Medical Technologies, Inc. Announces Authorized Claim for Payment by Major Healthcare Payer for its Portable Neuromodulation Stimulator (PoNS®) Device
Helius Medical Technologies, Inc. Announces Authorized Claim for Payment by Major Healthcare Payer for its Portable Neuromodulation Stimulator (PoNS®) Device
2 hours ago
VXRT
https://cn.tradingview.com/chart/zbv9c92p/?symbol=NASDAQ%3AVXRT
发生错误: 'time'
no recent news
INEO
https://cn.tradingview.com/chart/zbv9c92p/?symbol=NASDAQ%3AINEO
调度器启动，按 Ctrl+C 退出...
2025-06-11 21:47:06.342382
KBSX
https://cn.tradingview.com/chart/zbv9c92p/?symbol=NASDAQ%3AKBSX
no recent news
KNW
https://cn.tradingview.com/chart/zbv9c92p/?symbol=NASDAQ%3AKNW
no recent news
NAKA
https://cn.tradingview.com/chart/zbv9c92p/?symbol=NASDAQ%3ANAKA
no recent news
QUBT
https://cn.tradingview.com/chart/zbv9c92p/?symbol=NASDAQ%3AQUBT
no recent news
SNPX
https://cn.tradingview.com/chart/zbv9c92p/?symbol=NASDAQ%3ASNPX
no recent news
BMR
https://cn.tradingview.com/chart/zbv9c92p/?symbol=NASDAQ%3ABMR
Beamr to Launch GPU-Accelerated Video Compression Solution for Autonomous Vehicles at NVIDIA GTC Paris
调度器启动，按 Ctrl+C 退出...
2025-06-11 21:56:32.427547
KBSX
https://cn.tradingview.com/chart/zbv9c92p/?symbol=NASDAQ%3AKBSX
no recent news
FST Corp. Announces 27 Percent Revenue Growth for 2024 vs. 2023
FST Corp.宣布2024年与2023年相比收入增长27%
25 days ago
NAKA
https://cn.tradingview.com/chart/zbv9c92p/?symbol=NASDAQ%3ANAKA
no recent news
KindlyMD Makes Initial Purchase of 21 Bitcoin as Part of its Treasury Strategy
作为其国债策略的一部分， KindlyMD首次购买21个比特币
14 days ago
QUBT
https://cn.tradingview.com/chart/zbv9c92p/?symbol=NASDAQ%3AQUBT
no recent news
Quantum Computing Inc. Set to Join Russell 2000® and Russell 3000® Indexes
Quantum Computing Inc.将加入罗素2000 ®和罗素3000 ®指数
13 days ago
BMR
https://cn.tradingview.com/chart/zbv9c92p/?symbol=NASDAQ%3ABMR
Beamr to Launch GPU-Accelerated Video Compression Solution for Autonomous Vehicles at NVIDIA GTC Paris
Beamr将在NVIDIA GTC Paris推出面向自动驾驶汽车的GPU加速视频压缩解决方案
2 hours ago
GETY
https://cn.tradingview.com/chart/zbv9c92p/?symbol=NASDAQ%3AGETY
Shutterstock Receives Stockholder Approval for Proposed Merger with Getty Images
Shutterstock与Getty Images的拟议合并获得股东批准
16 hours ago
MFI
https://cn.tradingview.com/chart/zbv9c92p/?symbol=NASDAQ%3AMFI
no recent news
Zacks Small-Cap Research Initiates Coverage on mF International Limited
Zacks Small-Cap Research启动对mF International Limited的覆盖
8 days ago
OUST
https://cn.tradingview.com/chart/zbv9c92p/?symbol=NASDAQ%3AOUST
Ouster Digital Lidar Approved by Defense Department for Unmanned Aircraft
国防部批准用于无人机的Ouster数字激光雷达
3 hours ago
SAIL
https://cn.tradingview.com/chart/zbv9c92p/?symbol=NASDAQ%3ASAIL
SailPoint Announces Fiscal First Quarter 2026 Results
SailPoint公布2026财年第一季度业绩
2 hours ago
2025-06-11 21:58:32.963867
2025-06-11 21:59:32.626502
2025-06-11 22:00:32.668282
SBET
https://cn.tradingview.com/chart/zbv9c92p/?symbol=NASDAQ%3ASBET
no recent news
SharpLink Announces Closing of $425,000,000 Private Placement Led by Consensys Software Inc., Will Become the Largest Publicly-Traded ETH Holder Globally
SharpLink宣布完成由Consensys Software Inc.牵头的4.25亿美元私募，将成为全球最大的上市ETH持有者
9 days ago
2025-06-11 22:01:32.499193
2025-06-11 22:02:32.386697
MODV
https://cn.tradingview.com/chart/zbv9c92p/?symbol=NASDAQ%3AMODV
no recent news
Modivcare Recognizes DAB Transport for Compassionate Care and Commitment to Community Health
Modivcare认可DAB Transport的爱心护理和对社区健康的承诺
7 days ago
ROLR
https://cn.tradingview.com/chart/zbv9c92p/?symbol=NASDAQ%3AROLR
High Roller Selects Xpoint to Provide Geolocation Services in Ontario
High Roller选择Xpoint在安大略省提供地理定位服务
33 minutes ago
2025-06-11 22:03:32.324796
发生错误: ('Connection aborted.', RemoteDisconnected('Remote end closed connection without response'))
发生错误: HTTPConnectionPool(host='localhost', port=51727): Max retries exceeded with url: /session/7ea4329a5fb53301e9061f5987942ffb/url (Caused by NewConnectionError('<urllib3.connection.HTTPConnection object at 0x10c56c9e0>: Failed to establish a new connection: [Errno 61] Connection refused'))
调度器已关闭
调度器启动，按 Ctrl+C 退出...
2025-06-11 22:08:29.577565
---------NAKA
https://cn.tradingview.com/chart/zbv9c92p/?symbol=NASDAQ%3ANAKA
no recent news
KindlyMD Makes Initial Purchase of 21 Bitcoin as Part of its Treasury Strategy
调度器启动，按 Ctrl+C 退出...
2025-06-11 22:12:03.574295
---------NAKA
https://cn.tradingview.com/chart/zbv9c92p/?symbol=NASDAQ%3ANAKA
no recent news
KindlyMD Makes Initial Purchase of 21 Bitcoin as Part of its Treasury Strategy

15 days ago
---------KBSX
https://cn.tradingview.com/chart/zbv9c92p/?symbol=NASDAQ%3AKBSX
no recent news
FST Corp. Announces 27 Percent Revenue Growth for 2024 vs. 2023

25 days ago
---------MODV
https://cn.tradingview.com/chart/zbv9c92p/?symbol=NASDAQ%3AMODV
no recent news
Modivcare Recognizes DAB Transport for Compassionate Care and Commitment to Community Health

7 days ago
---------QUBT
https://cn.tradingview.com/chart/zbv9c92p/?symbol=NASDAQ%3AQUBT
no recent news
Quantum Computing Inc. Set to Join Russell 2000® and Russell 3000® Indexes

13 days ago
---------BMR
https://cn.tradingview.com/chart/zbv9c92p/?symbol=NASDAQ%3ABMR
Beamr to Launch GPU-Accelerated Video Compression Solution for Autonomous Vehicles at NVIDIA GTC Paris

3 hours ago
---------OUST
https://cn.tradingview.com/chart/zbv9c92p/?symbol=NASDAQ%3AOUST
Ouster Digital Lidar Approved by Defense Department for Unmanned Aircraft

3 hours ago
---------SAIL
https://cn.tradingview.com/chart/zbv9c92p/?symbol=NASDAQ%3ASAIL
SailPoint Announces Fiscal First Quarter 2026 Results

3 hours ago
---------MFI
https://cn.tradingview.com/chart/zbv9c92p/?symbol=NASDAQ%3AMFI
no recent news
Zacks Small-Cap Research Initiates Coverage on mF International Limited

8 days ago
---------LVWR
https://cn.tradingview.com/chart/zbv9c92p/?symbol=NASDAQ%3ALVWR
no recent news
LiveWire Group, Inc. Reports 2025 First Quarter Financial Results

1 month ago
2025-06-11 22:14:03.810370
发生错误: ('Connection aborted.', RemoteDisconnected('Remote end closed connection without response'))
发生错误: HTTPConnectionPool(host='localhost', port=53249): Max retries exceeded with url: /session/4ee423cb15cc7efe811a9a006d2662cf/url (Caused by NewConnectionError('<urllib3.connection.HTTPConnection object at 0x10e810ef0>: Failed to establish a new connection: [Errno 61] Connection refused'))
调度器启动，按 Ctrl+C 退出...
2025-06-11 22:23:49.778861
---------KBSX
https://cn.tradingview.com/chart/zbv9c92p/?symbol=NASDAQ%3AKBSX
no recent news
25 days ago
FST Corp. Announces 27 Percent Revenue Growth for 2024 vs. 2023

---------NAKA
https://cn.tradingview.com/chart/zbv9c92p/?symbol=NASDAQ%3ANAKA
no recent news
15 days ago
KindlyMD Makes Initial Purchase of 21 Bitcoin as Part of its Treasury Strategy

---------QUBT
https://cn.tradingview.com/chart/zbv9c92p/?symbol=NASDAQ%3AQUBT
no recent news
13 days ago
Quantum Computing Inc. Set to Join Russell 2000® and Russell 3000® Indexes

---------MFI
https://cn.tradingview.com/chart/zbv9c92p/?symbol=NASDAQ%3AMFI
调度器启动，按 Ctrl+C 退出...
2025-06-11 22:40:39.160970
---------NAKA 48.19
https://cn.tradingview.com/chart/zbv9c92p/?symbol=NASDAQ%3ANAKA
no recent news
15 days ago
KindlyMD Makes Initial Purchase of 21 Bitcoin as Part of its Treasury Strategy

---------KBSX 40.9
https://cn.tradingview.com/chart/zbv9c92p/?symbol=NASDAQ%3AKBSX
发生错误: 'time'
no recent news
---------MFI 39.62
https://cn.tradingview.com/chart/zbv9c92p/?symbol=NASDAQ%3AMFI
调度器启动，按 Ctrl+C 退出...
2025-06-11 22:40:58.376989
---------KBSX 37.15%
https://cn.tradingview.com/chart/zbv9c92p/?symbol=NASDAQ%3AKBSX
no recent news
25 days ago
FST Corp. Announces 27 Percent Revenue Growth for 2024 vs. 2023

---------NAKA 34.74%
https://cn.tradingview.com/chart/zbv9c92p/?symbol=NASDAQ%3ANAKA
no recent news
15 days ago
KindlyMD Makes Initial Purchase of 21 Bitcoin as Part of its Treasury Strategy

---------MFI 32.17%
https://cn.tradingview.com/chart/zbv9c92p/?symbol=NASDAQ%3AMFI
no recent news
8 days ago
Zacks Small-Cap Research Initiates Coverage on mF International Limited

---------QUBT 29.19%
https://cn.tradingview.com/chart/zbv9c92p/?symbol=NASDAQ%3AQUBT
no recent news
13 days ago
Quantum Computing Inc. Set to Join Russell 2000® and Russell 3000® Indexes

---------BRLS 26.77%
https://cn.tradingview.com/chart/zbv9c92p/?symbol=NASDAQ%3ABRLS
no recent news
14 days ago
Borealis Foods' CEO Reza Soltanzadeh Issues Letter to Shareholders

---------OUST 23.58%
https://cn.tradingview.com/chart/zbv9c92p/?symbol=NASDAQ%3AOUST
4 hours ago
Ouster Digital Lidar Approved by Defense Department for Unmanned Aircraft

---------BMR 21.66%
https://cn.tradingview.com/chart/zbv9c92p/?symbol=NASDAQ%3ABMR
3 hours ago
Beamr to Launch GPU-Accelerated Video Compression Solution for Autonomous Vehicles at NVIDIA GTC Paris

---------XTIA 19.84%
https://cn.tradingview.com/chart/zbv9c92p/?symbol=NASDAQ%3AXTIA
1 hour ago
XTI Aerospace Deepens Defense Sector Expertise with Addition of Steve Griessel to Corporate Advisory Board

---------RITR 18.7%
https://cn.tradingview.com/chart/zbv9c92p/?symbol=NASDAQ%3ARITR
发生错误: Message: 
Stacktrace:
0   chromedriver                        0x00000001010ce668 cxxbridge1$str$ptr + 2723108
1   chromedriver                        0x00000001010c68dc cxxbridge1$str$ptr + 2690968
2   chromedriver                        0x0000000100c1a714 cxxbridge1$string$len + 90428
3   chromedriver                        0x0000000100c617c0 cxxbridge1$string$len + 381416
4   chromedriver                        0x0000000100ca2de8 cxxbridge1$string$len + 649232
5   chromedriver                        0x0000000100c559c8 cxxbridge1$string$len + 332784
6   chromedriver                        0x000000010109228c cxxbridge1$str$ptr + 2476360
7   chromedriver                        0x0000000101095520 cxxbridge1$str$ptr + 2489308
8   chromedriver                        0x0000000101073a78 cxxbridge1$str$ptr + 2351412
9   chromedriver                        0x0000000101095da8 cxxbridge1$str$ptr + 2491492
10  chromedriver                        0x0000000101064d6c cxxbridge1$str$ptr + 2290728
11  chromedriver                        0x00000001010b5d74 cxxbridge1$str$ptr + 2622512
12  chromedriver                        0x00000001010b5f00 cxxbridge1$str$ptr + 2622908
13  chromedriver                        0x00000001010c6528 cxxbridge1$str$ptr + 2690020
14  libsystem_pthread.dylib             0x000000018a2d2f94 _pthread_start + 136
15  libsystem_pthread.dylib             0x000000018a2cdd34 thread_start + 8

no recent news
7 days ago
Discover US Market's Hidden Gems with Reitar Logtech Holdings and Two Other Small Caps

---------RGTI 18.33%
https://cn.tradingview.com/chart/zbv9c92p/?symbol=NASDAQ%3ARGTI
3 hours ago
Rigetti Computing Completes $350 Million At-the-Market Equity Offering

---------JEM 18.08%
https://cn.tradingview.com/chart/zbv9c92p/?symbol=NASDAQ%3AJEM
20 hours ago
707 Cayman Holdings Limited Announces Closing of $10.0 Million Initial Public Offering

---------SAIL 17.0%
https://cn.tradingview.com/chart/zbv9c92p/?symbol=NASDAQ%3ASAIL
3 hours ago
SailPoint Announces Fiscal First Quarter 2026 Results

---------PLAY 16.89%
https://cn.tradingview.com/chart/zbv9c92p/?symbol=NASDAQ%3APLAY
18 hours ago
Dave & Buster’s Reports First Quarter 2025 Financial Results

---------ROLR 16.88%
https://cn.tradingview.com/chart/zbv9c92p/?symbol=NASDAQ%3AROLR
1 hour ago
High Roller Selects Xpoint to Provide Geolocation Services in Ontario

---------CRIS 15.54%
https://cn.tradingview.com/chart/zbv9c92p/?symbol=NASDAQ%3ACRIS
no recent news
1 month ago
Curis Reports Inducement Grants Under NASDAQ Listing Rule 5635(c)(4)

---------SNPX 15.14%
https://cn.tradingview.com/chart/zbv9c92p/?symbol=NASDAQ%3ASNPX
no recent news
2 days ago
Synaptogenix Appoints Crypto Expert to Lead Digital Asset Treasury Strategy Focused Exclusively on Top-Valued AI Token

---------NRSN 15.02%
https://cn.tradingview.com/chart/zbv9c92p/?symbol=NASDAQ%3ANRSN
发生错误: 'time'
no recent news
调度器已关闭
调度器启动，按 Ctrl+C 退出...
2025-06-11 22:47:34.486490
---------NAKA 51.08%
https://cn.tradingview.com/chart/zbv9c92p/?symbol=NASDAQ%3ANAKA
no recent news
---------KBSX 37.52%
https://cn.tradingview.com/chart/zbv9c92p/?symbol=NASDAQ%3AKBSX
no recent news
---------QUBT 33.15%
https://cn.tradingview.com/chart/zbv9c92p/?symbol=NASDAQ%3AQUBT
no recent news
---------MFI 32.35%
https://cn.tradingview.com/chart/zbv9c92p/?symbol=NASDAQ%3AMFI
no recent news
---------BRLS 27.56%
https://cn.tradingview.com/chart/zbv9c92p/?symbol=NASDAQ%3ABRLS
no recent news
---------OUST 25.8%
https://cn.tradingview.com/chart/zbv9c92p/?symbol=NASDAQ%3AOUST
4 hours ago
Ouster Digital Lidar Approved by Defense Department for Unmanned Aircraft

---------XTIA 20.66%
https://cn.tradingview.com/chart/zbv9c92p/?symbol=NASDAQ%3AXTIA
1 hour ago
XTI Aerospace Deepens Defense Sector Expertise with Addition of Steve Griessel to Corporate Advisory Board

---------NTCL 19.72%
https://cn.tradingview.com/chart/zbv9c92p/?symbol=NASDAQ%3ANTCL
no recent news
---------RITR 19.4%
https://cn.tradingview.com/chart/zbv9c92p/?symbol=NASDAQ%3ARITR
发生错误: Message: 
Stacktrace:
0   chromedriver                        0x00000001005e2668 cxxbridge1$str$ptr + 2723108
1   chromedriver                        0x00000001005da8dc cxxbridge1$str$ptr + 2690968
2   chromedriver                        0x000000010012e714 cxxbridge1$string$len + 90428
3   chromedriver                        0x00000001001757c0 cxxbridge1$string$len + 381416
4   chromedriver                        0x00000001001b6de8 cxxbridge1$string$len + 649232
5   chromedriver                        0x00000001001699c8 cxxbridge1$string$len + 332784
6   chromedriver                        0x00000001005a628c cxxbridge1$str$ptr + 2476360
7   chromedriver                        0x00000001005a9520 cxxbridge1$str$ptr + 2489308
8   chromedriver                        0x0000000100587a78 cxxbridge1$str$ptr + 2351412
9   chromedriver                        0x00000001005a9da8 cxxbridge1$str$ptr + 2491492
10  chromedriver                        0x0000000100578d6c cxxbridge1$str$ptr + 2290728
11  chromedriver                        0x00000001005c9d74 cxxbridge1$str$ptr + 2622512
12  chromedriver                        0x00000001005c9f00 cxxbridge1$str$ptr + 2622908
13  chromedriver                        0x00000001005da528 cxxbridge1$str$ptr + 2690020
14  libsystem_pthread.dylib             0x000000018a2d2f94 _pthread_start + 136
15  libsystem_pthread.dylib             0x000000018a2cdd34 thread_start + 8

no recent news
---------ROLR 18.61%
https://cn.tradingview.com/chart/zbv9c92p/?symbol=NASDAQ%3AROLR
1 hour ago
High Roller Selects Xpoint to Provide Geolocation Services in Ontario

---------JEM 18.46%
https://cn.tradingview.com/chart/zbv9c92p/?symbol=NASDAQ%3AJEM
20 hours ago
707 Cayman Holdings Limited Announces Closing of $10.0 Million Initial Public Offering

---------RGTI 17.7%
https://cn.tradingview.com/chart/zbv9c92p/?symbol=NASDAQ%3ARGTI
3 hours ago
Rigetti Computing Completes $350 Million At-the-Market Equity Offering

---------BMR 17.21%
https://cn.tradingview.com/chart/zbv9c92p/?symbol=NASDAQ%3ABMR
3 hours ago
Beamr to Launch GPU-Accelerated Video Compression Solution for Autonomous Vehicles at NVIDIA GTC Paris

---------LVWR 17.06%
https://cn.tradingview.com/chart/zbv9c92p/?symbol=NASDAQ%3ALVWR
no recent news
---------SAIL 16.94%
https://cn.tradingview.com/chart/zbv9c92p/?symbol=NASDAQ%3ASAIL
3 hours ago
SailPoint Announces Fiscal First Quarter 2026 Results

---------SNPX 16.71%
https://cn.tradingview.com/chart/zbv9c92p/?symbol=NASDAQ%3ASNPX
no recent news
---------PLAY 16.0%
https://cn.tradingview.com/chart/zbv9c92p/?symbol=NASDAQ%3APLAY
18 hours ago
Dave & Buster’s Reports First Quarter 2025 Financial Results

---------MODV 15.54%
https://cn.tradingview.com/chart/zbv9c92p/?symbol=NASDAQ%3AMODV
no recent news
2025-06-11 22:51:34.832486
发生错误: Message: 
Stacktrace:
0   chromedriver                        0x0000000102972668 cxxbridge1$str$ptr + 2723108
1   chromedriver                        0x000000010296a8dc cxxbridge1$str$ptr + 2690968
2   chromedriver                        0x00000001024be714 cxxbridge1$string$len + 90428
3   chromedriver                        0x00000001025057c0 cxxbridge1$string$len + 381416
4   chromedriver                        0x0000000102546de8 cxxbridge1$string$len + 649232
5   chromedriver                        0x00000001024f99c8 cxxbridge1$string$len + 332784
6   chromedriver                        0x000000010293628c cxxbridge1$str$ptr + 2476360
7   chromedriver                        0x0000000102939520 cxxbridge1$str$ptr + 2489308
8   chromedriver                        0x0000000102917a78 cxxbridge1$str$ptr + 2351412
9   chromedriver                        0x0000000102939da8 cxxbridge1$str$ptr + 2491492
10  chromedriver                        0x0000000102908d6c cxxbridge1$str$ptr + 2290728
11  chromedriver                        0x0000000102959d74 cxxbridge1$str$ptr + 2622512
12  chromedriver                        0x0000000102959f00 cxxbridge1$str$ptr + 2622908
13  chromedriver                        0x000000010296a528 cxxbridge1$str$ptr + 2690020
14  libsystem_pthread.dylib             0x000000018a2d2f94 _pthread_start + 136
15  libsystem_pthread.dylib             0x000000018a2cdd34 thread_start + 8

2025-06-11 22:54:34.289344
发生错误: Message: 
Stacktrace:
0   chromedriver                        0x00000001033b2668 cxxbridge1$str$ptr + 2723108
1   chromedriver                        0x00000001033aa8dc cxxbridge1$str$ptr + 2690968
2   chromedriver                        0x0000000102efe714 cxxbridge1$string$len + 90428
3   chromedriver                        0x0000000102f457c0 cxxbridge1$string$len + 381416
4   chromedriver                        0x0000000102f86de8 cxxbridge1$string$len + 649232
5   chromedriver                        0x0000000102f399c8 cxxbridge1$string$len + 332784
6   chromedriver                        0x000000010337628c cxxbridge1$str$ptr + 2476360
7   chromedriver                        0x0000000103379520 cxxbridge1$str$ptr + 2489308
8   chromedriver                        0x0000000103357a78 cxxbridge1$str$ptr + 2351412
9   chromedriver                        0x0000000103379da8 cxxbridge1$str$ptr + 2491492
10  chromedriver                        0x0000000103348d6c cxxbridge1$str$ptr + 2290728
11  chromedriver                        0x0000000103399d74 cxxbridge1$str$ptr + 2622512
12  chromedriver                        0x0000000103399f00 cxxbridge1$str$ptr + 2622908
13  chromedriver                        0x00000001033aa528 cxxbridge1$str$ptr + 2690020
14  libsystem_pthread.dylib             0x000000018a2d2f94 _pthread_start + 136
15  libsystem_pthread.dylib             0x000000018a2cdd34 thread_start + 8

---------CRIS 16.33%
https://cn.tradingview.com/chart/zbv9c92p/?symbol=NASDAQ%3ACRIS
no recent news
调度器已关闭
