调度器启动，按 Ctrl+C 退出...
2025-06-04 18:56:59.198094
BAOS
https://cn.tradingview.com/chart/zbv9c92p/?symbol=NASDAQ%3ABAOS
https://finance.yahoo.com/quote/BAOS/news/
VCIG
https://cn.tradingview.com/chart/zbv9c92p/?symbol=NASDAQ%3AVCIG
https://finance.yahoo.com/quote/VCIG/news/
SGMT
https://cn.tradingview.com/chart/zbv9c92p/?symbol=NASDAQ%3ASGMT
https://finance.yahoo.com/quote/SGMT/news/
EHGO
https://cn.tradingview.com/chart/zbv9c92p/?symbol=NASDAQ%3AEHGO
https://finance.yahoo.com/quote/EHGO/news/
BHAT
https://cn.tradingview.com/chart/zbv9c92p/?symbol=NASDAQ%3ABHAT
https://finance.yahoo.com/quote/BHAT/news/
2025-06-04 18:57:58.819150
2025-06-04 18:58:59.277914
2025-06-04 18:59:58.884050
2025-06-04 19:00:58.793060
NCEW
https://cn.tradingview.com/chart/zbv9c92p/?symbol=NASDAQ%3ANCEW
https://finance.yahoo.com/quote/NCEW/news/
2025-06-04 19:01:58.801739
2025-06-04 19:02:58.720872
2025-06-04 19:03:58.813883
2025-06-04 19:04:58.719987
MCTR
https://cn.tradingview.com/chart/zbv9c92p/?symbol=NASDAQ%3AMCTR
https://finance.yahoo.com/quote/MCTR/news/
2025-06-04 19:05:58.827097
2025-06-04 19:06:59.130718
2025-06-04 19:07:59.633557
2025-06-04 19:08:58.759534
2025-06-04 19:09:58.777971
2025-06-04 19:10:58.999120
2025-06-04 19:11:59.091297
2025-06-04 19:12:58.791888
2025-06-04 19:13:59.387664
2025-06-04 19:14:59.053684
BLMZ
https://cn.tradingview.com/chart/zbv9c92p/?symbol=NASDAQ%3ABLMZ
https://finance.yahoo.com/quote/BLMZ/news/
2025-06-04 19:15:58.897512
2025-06-04 19:16:58.892615
STSS
https://cn.tradingview.com/chart/zbv9c92p/?symbol=NASDAQ%3ASTSS
https://finance.yahoo.com/quote/STSS/news/
2025-06-04 19:17:58.881592
2025-06-04 19:18:58.727667
2025-06-04 19:19:58.909160
2025-06-04 19:20:58.704185
2025-06-04 19:21:58.669155
2025-06-04 19:22:59.031413
UNCY
https://cn.tradingview.com/chart/zbv9c92p/?symbol=NASDAQ%3AUNCY
https://finance.yahoo.com/quote/UNCY/news/
2025-06-04 19:23:59.017982
2025-06-04 19:24:58.805685
2025-06-04 19:25:58.760576
2025-06-04 19:26:58.932502
BON
https://cn.tradingview.com/chart/zbv9c92p/?symbol=NASDAQ%3ABON
https://finance.yahoo.com/quote/BON/news/
2025-06-04 19:28:59.497223
2025-06-04 19:29:58.766347
2025-06-04 19:30:58.742673
2025-06-04 19:31:59.006794
2025-06-04 19:32:59.176383
2025-06-04 19:33:58.901325
2025-06-04 19:34:59.133500
2025-06-04 19:35:58.856742
2025-06-04 19:36:58.779755
2025-06-04 19:37:58.740123
2025-06-04 19:38:58.742454
2025-06-04 19:39:59.308358
2025-06-04 19:40:59.037139
2025-06-04 19:41:59.008975
2025-06-04 19:42:58.843476
2025-06-04 19:43:59.250145
2025-06-04 19:44:58.740728
2025-06-04 19:45:58.774736
2025-06-04 19:46:58.866252
2025-06-04 19:47:58.801157
2025-06-04 19:48:58.759560
2025-06-04 19:49:58.818520
2025-06-04 19:50:59.237733
2025-06-04 19:51:58.714146
2025-06-04 19:52:59.412857
2025-06-04 19:53:58.770478
BLNE
https://cn.tradingview.com/chart/zbv9c92p/?symbol=NASDAQ%3ABLNE
https://finance.yahoo.com/quote/BLNE/news/
2025-06-04 19:54:58.700616
2025-06-04 19:55:58.696880
2025-06-04 19:56:58.773041
2025-06-04 19:57:58.656587
2025-06-04 19:58:58.769379
2025-06-04 19:59:58.843125
2025-06-04 20:00:58.687894
2025-06-04 20:01:58.788977
2025-06-04 20:02:58.740665
STAK
https://cn.tradingview.com/chart/zbv9c92p/?symbol=NASDAQ%3ASTAK
https://finance.yahoo.com/quote/STAK/news/
SXTP
https://cn.tradingview.com/chart/zbv9c92p/?symbol=NASDAQ%3ASXTP
https://finance.yahoo.com/quote/SXTP/news/
2025-06-04 20:03:58.863051
2025-06-04 20:04:58.922693
2025-06-04 20:05:58.858069
2025-06-04 20:06:58.670650
CLRB
https://cn.tradingview.com/chart/zbv9c92p/?symbol=NASDAQ%3ACLRB
https://finance.yahoo.com/quote/CLRB/news/
KWM
https://cn.tradingview.com/chart/zbv9c92p/?symbol=NASDAQ%3AKWM
https://finance.yahoo.com/quote/KWM/news/
2025-06-04 20:07:58.846708
2025-06-04 20:08:59.032071
2025-06-04 20:09:58.984255
2025-06-04 20:10:58.732832
2025-06-04 20:12:58.886804
2025-06-04 20:13:59.399587
2025-06-04 20:14:59.432370
ENSC
https://cn.tradingview.com/chart/zbv9c92p/?symbol=NASDAQ%3AENSC
https://finance.yahoo.com/quote/ENSC/news/
2025-06-04 20:15:59.180499
2025-06-04 20:16:59.699988
2025-06-04 20:17:59.565132
2025-06-04 20:18:59.164432
2025-06-04 20:19:58.704878
2025-06-04 20:20:58.810507
2025-06-04 20:21:58.988563
2025-06-04 20:22:58.979042
2025-06-04 20:23:58.732158
2025-06-04 20:24:58.762392
2025-06-04 20:25:58.742372
2025-06-04 20:26:58.965401
2025-06-04 20:27:59.070214
2025-06-04 20:28:59.034046
2025-06-04 20:30:00.835595
2025-06-04 20:30:59.471314
2025-06-04 20:31:58.674051
CAPT
https://cn.tradingview.com/chart/zbv9c92p/?symbol=NASDAQ%3ACAPT
https://finance.yahoo.com/quote/CAPT/news/
2025-06-04 20:32:58.765058
2025-06-04 20:33:59.292377
CDT
https://cn.tradingview.com/chart/zbv9c92p/?symbol=NASDAQ%3ACDT
https://finance.yahoo.com/quote/CDT/news/
2025-06-04 20:34:59.219681
2025-06-04 20:35:59.098843
2025-06-04 20:36:59.340371
2025-06-04 20:37:58.974984
LOOP
https://cn.tradingview.com/chart/zbv9c92p/?symbol=NASDAQ%3ALOOP
https://finance.yahoo.com/quote/LOOP/news/
2025-06-04 20:38:58.892234
2025-06-04 20:39:59.012008
2025-06-04 20:40:58.949462
2025-06-04 20:41:58.889960
2025-06-04 20:42:58.899040
2025-06-04 20:43:59.316130
2025-06-04 20:44:59.010104
2025-06-04 20:45:59.282555
2025-06-04 20:46:59.174927
2025-06-04 20:47:59.485591
2025-06-04 20:48:58.818173
2025-06-04 20:49:59.307660
2025-06-04 20:50:58.800355
MBRX
https://cn.tradingview.com/chart/zbv9c92p/?symbol=NASDAQ%3AMBRX
https://finance.yahoo.com/quote/MBRX/news/
2025-06-04 20:51:59.179805
2025-06-04 20:52:59.054994
2025-06-04 20:53:59.784182
2025-06-04 20:54:59.393406
2025-06-04 20:55:58.848819
2025-06-04 20:56:58.884871
2025-06-04 20:57:58.664079
2025-06-04 20:58:58.840226
2025-06-04 20:59:59.004505
2025-06-04 21:00:59.295580
TGL
https://cn.tradingview.com/chart/zbv9c92p/?symbol=NASDAQ%3ATGL
https://finance.yahoo.com/quote/TGL/news/
2025-06-04 21:01:58.861649
2025-06-04 21:02:59.086565
2025-06-04 21:03:59.129556
YEXT
https://cn.tradingview.com/chart/zbv9c92p/?symbol=NASDAQ%3AYEXT
https://finance.yahoo.com/quote/YEXT/news/
2025-06-04 21:04:59.205253
2025-06-04 21:05:58.788168
2025-06-04 21:06:59.167192
2025-06-04 21:07:58.976976
2025-06-04 21:08:59.439667
2025-06-04 21:09:58.898585
2025-06-04 21:10:59.326293
2025-06-04 21:11:59.077026
2025-06-04 21:12:59.149780
GCO
https://cn.tradingview.com/chart/zbv9c92p/?symbol=NASDAQ%3AGCO
https://finance.yahoo.com/quote/GCO/news/
2025-06-04 21:13:58.944421
2025-06-04 21:14:59.132170
2025-06-04 21:15:59.736063
2025-06-04 21:16:59.821657
2025-06-04 21:17:58.843243
2025-06-04 21:19:01.031215
2025-06-04 21:19:58.988615
2025-06-04 21:20:59.052649
2025-06-04 21:21:59.273193
2025-06-04 21:22:58.881307
2025-06-04 21:23:59.067234
2025-06-04 21:24:58.888956
2025-06-04 21:25:59.007500
2025-06-04 21:26:58.989133
2025-06-04 21:27:58.878108
2025-06-04 21:28:59.284199
2025-06-04 21:29:58.720550
2025-06-04 21:30:59.736205
NIVF
https://cn.tradingview.com/chart/zbv9c92p/?symbol=NASDAQ%3ANIVF
https://finance.yahoo.com/quote/NIVF/news/
BMEA
https://cn.tradingview.com/chart/zbv9c92p/?symbol=NASDAQ%3ABMEA
https://finance.yahoo.com/quote/BMEA/news/
RSLS
https://cn.tradingview.com/chart/zbv9c92p/?symbol=NASDAQ%3ARSLS
https://finance.yahoo.com/quote/RSLS/news/
KIDZ
https://cn.tradingview.com/chart/zbv9c92p/?symbol=NASDAQ%3AKIDZ
https://finance.yahoo.com/quote/KIDZ/news/
FTRK
https://cn.tradingview.com/chart/zbv9c92p/?symbol=NASDAQ%3AFTRK
https://finance.yahoo.com/quote/FTRK/news/
KPRX
https://cn.tradingview.com/chart/zbv9c92p/?symbol=NASDAQ%3AKPRX
https://finance.yahoo.com/quote/KPRX/news/
LYRA
https://cn.tradingview.com/chart/zbv9c92p/?symbol=NASDAQ%3ALYRA
https://finance.yahoo.com/quote/LYRA/news/
RAPP
https://cn.tradingview.com/chart/zbv9c92p/?symbol=NASDAQ%3ARAPP
https://finance.yahoo.com/quote/RAPP/news/
BMGL
https://cn.tradingview.com/chart/zbv9c92p/?symbol=NASDAQ%3ABMGL
https://finance.yahoo.com/quote/BMGL/news/
CATX
https://cn.tradingview.com/chart/zbv9c92p/?symbol=NASDAQ%3ACATX
https://finance.yahoo.com/quote/CATX/news/
TNGX
https://cn.tradingview.com/chart/zbv9c92p/?symbol=NASDAQ%3ATNGX
https://finance.yahoo.com/quote/TNGX/news/
AGAE
https://cn.tradingview.com/chart/zbv9c92p/?symbol=NASDAQ%3AAGAE
https://finance.yahoo.com/quote/AGAE/news/
EYEN
https://cn.tradingview.com/chart/zbv9c92p/?symbol=NASDAQ%3AEYEN
https://finance.yahoo.com/quote/EYEN/news/
YSXT
https://cn.tradingview.com/chart/zbv9c92p/?symbol=NASDAQ%3AYSXT
https://finance.yahoo.com/quote/YSXT/news/
NPWR
https://cn.tradingview.com/chart/zbv9c92p/?symbol=NASDAQ%3ANPWR
https://finance.yahoo.com/quote/NPWR/news/
ZONE
https://cn.tradingview.com/chart/zbv9c92p/?symbol=NASDAQ%3AZONE
https://finance.yahoo.com/quote/ZONE/news/
AENT
https://cn.tradingview.com/chart/zbv9c92p/?symbol=NASDAQ%3AAENT
https://finance.yahoo.com/quote/AENT/news/
CTRN
https://cn.tradingview.com/chart/zbv9c92p/?symbol=NASDAQ%3ACTRN
https://finance.yahoo.com/quote/CTRN/news/
VG
https://cn.tradingview.com/chart/zbv9c92p/?symbol=NASDAQ%3AVG
https://finance.yahoo.com/quote/VG/news/
AGEN
https://cn.tradingview.com/chart/zbv9c92p/?symbol=NASDAQ%3AAGEN
https://finance.yahoo.com/quote/AGEN/news/
CRNC
https://cn.tradingview.com/chart/zbv9c92p/?symbol=NASDAQ%3ACRNC
https://finance.yahoo.com/quote/CRNC/news/
GENK
https://cn.tradingview.com/chart/zbv9c92p/?symbol=NASDAQ%3AGENK
https://finance.yahoo.com/quote/GENK/news/
VVPR
https://cn.tradingview.com/chart/zbv9c92p/?symbol=NASDAQ%3AVVPR
https://finance.yahoo.com/quote/VVPR/news/
UFG
https://cn.tradingview.com/chart/zbv9c92p/?symbol=NASDAQ%3AUFG
https://finance.yahoo.com/quote/UFG/news/
UMAC
https://cn.tradingview.com/chart/zbv9c92p/?symbol=NASDAQ%3AUMAC
https://finance.yahoo.com/quote/UMAC/news/
GIBO
https://cn.tradingview.com/chart/zbv9c92p/?symbol=NASDAQ%3AGIBO
https://finance.yahoo.com/quote/GIBO/news/
GLE
https://cn.tradingview.com/chart/zbv9c92p/?symbol=NASDAQ%3AGLE
https://finance.yahoo.com/quote/GLE/news/
RIME
https://cn.tradingview.com/chart/zbv9c92p/?symbol=NASDAQ%3ARIME
https://finance.yahoo.com/quote/RIME/news/
SNYR
https://cn.tradingview.com/chart/zbv9c92p/?symbol=NASDAQ%3ASNYR
https://finance.yahoo.com/quote/SNYR/news/
ALTG
https://cn.tradingview.com/chart/zbv9c92p/?symbol=NASDAQ%3AALTG
https://finance.yahoo.com/quote/ALTG/news/
ZEO
https://cn.tradingview.com/chart/zbv9c92p/?symbol=NASDAQ%3AZEO
https://finance.yahoo.com/quote/ZEO/news/
SRFM
https://cn.tradingview.com/chart/zbv9c92p/?symbol=NASDAQ%3ASRFM
https://finance.yahoo.com/quote/SRFM/news/
KALA
https://cn.tradingview.com/chart/zbv9c92p/?symbol=NASDAQ%3AKALA
https://finance.yahoo.com/quote/KALA/news/
SMMT
https://cn.tradingview.com/chart/zbv9c92p/?symbol=NASDAQ%3ASMMT
https://finance.yahoo.com/quote/SMMT/news/
ALMU
https://cn.tradingview.com/chart/zbv9c92p/?symbol=NASDAQ%3AALMU
https://finance.yahoo.com/quote/ALMU/news/
NEGG
https://cn.tradingview.com/chart/zbv9c92p/?symbol=NASDAQ%3ANEGG
https://finance.yahoo.com/quote/NEGG/news/
RUN
https://cn.tradingview.com/chart/zbv9c92p/?symbol=NASDAQ%3ARUN
https://finance.yahoo.com/quote/RUN/news/
NGNE
https://cn.tradingview.com/chart/zbv9c92p/?symbol=NASDAQ%3ANGNE
https://finance.yahoo.com/quote/NGNE/news/
PTNM
https://cn.tradingview.com/chart/zbv9c92p/?symbol=NASDAQ%3APTNM
https://finance.yahoo.com/quote/PTNM/news/
BKKT
https://cn.tradingview.com/chart/zbv9c92p/?symbol=NASDAQ%3ABKKT
https://finance.yahoo.com/quote/BKKT/news/
STR
https://cn.tradingview.com/chart/zbv9c92p/?symbol=NASDAQ%3ASTR
https://finance.yahoo.com/quote/STR/news/
2025-06-04 21:32:00.877324
2025-06-04 21:32:58.873369
2025-06-04 21:33:58.785463
2025-06-04 21:34:58.807138
MODV
https://cn.tradingview.com/chart/zbv9c92p/?symbol=NASDAQ%3AMODV
https://finance.yahoo.com/quote/MODV/news/
2025-06-04 21:35:59.539454
2025-06-04 21:36:59.316055
2025-06-04 21:37:58.750389
2025-06-04 21:38:59.051987
2025-06-04 21:39:59.017783
RDW
https://cn.tradingview.com/chart/zbv9c92p/?symbol=NASDAQ%3ARDW
https://finance.yahoo.com/quote/RDW/news/
2025-06-04 21:40:59.506281
RCAT
https://cn.tradingview.com/chart/zbv9c92p/?symbol=NASDAQ%3ARCAT
https://finance.yahoo.com/quote/RCAT/news/
APLD
https://cn.tradingview.com/chart/zbv9c92p/?symbol=NASDAQ%3AAPLD
https://finance.yahoo.com/quote/APLD/news/
2025-06-04 21:41:58.764706
2025-06-04 21:42:58.905517
WETO
https://cn.tradingview.com/chart/zbv9c92p/?symbol=NASDAQ%3AWETO
https://finance.yahoo.com/quote/WETO/news/
2025-06-04 21:43:59.098051
2025-06-04 21:44:59.589214
2025-06-04 21:45:58.682568
2025-06-04 21:46:59.132232
2025-06-04 21:47:58.932584
2025-06-04 21:48:58.945284
2025-06-04 21:49:58.749014
2025-06-04 21:50:58.925547
2025-06-04 21:51:59.017597
2025-06-04 21:52:58.916584
MULN
https://cn.tradingview.com/chart/zbv9c92p/?symbol=NASDAQ%3AMULN
https://finance.yahoo.com/quote/MULN/news/
2025-06-04 21:53:58.943545
2025-06-04 21:54:58.917618
OSS
https://cn.tradingview.com/chart/zbv9c92p/?symbol=NASDAQ%3AOSS
https://finance.yahoo.com/quote/OSS/news/
2025-06-04 21:55:59.006450
2025-06-04 21:56:58.845115
2025-06-04 21:57:59.649301
2025-06-04 21:58:58.978193
2025-06-04 21:59:58.751323
PRE
https://cn.tradingview.com/chart/zbv9c92p/?symbol=NASDAQ%3APRE
https://finance.yahoo.com/quote/PRE/news/
2025-06-04 22:00:59.127308
2025-06-04 22:01:58.771339
TOPS
https://cn.tradingview.com/chart/zbv9c92p/?symbol=NASDAQ%3ATOPS
https://finance.yahoo.com/quote/TOPS/news/
2025-06-04 22:02:59.072033
2025-06-04 22:03:58.760328
AGMH
https://cn.tradingview.com/chart/zbv9c92p/?symbol=NASDAQ%3AAGMH
https://finance.yahoo.com/quote/AGMH/news/
2025-06-04 22:04:59.016601
2025-06-04 22:05:58.837117
2025-06-04 22:06:59.586138
2025-06-04 22:07:59.231463
APDN
https://cn.tradingview.com/chart/zbv9c92p/?symbol=NASDAQ%3AAPDN
https://finance.yahoo.com/quote/APDN/news/
2025-06-04 22:08:59.299528
2025-06-04 22:09:59.066390
2025-06-04 22:10:58.873912
2025-06-04 22:11:59.111873
ANVS
https://cn.tradingview.com/chart/zbv9c92p/?symbol=NASDAQ%3AANVS
https://finance.yahoo.com/quote/ANVS/news/
2025-06-04 22:12:59.471690
2025-06-04 22:13:58.873061
2025-06-04 22:14:58.860439
2025-06-04 22:15:59.715669
2025-06-04 22:16:58.879731
2025-06-04 22:17:59.112648
2025-06-04 22:18:58.930841
2025-06-04 22:19:59.608698
2025-06-04 22:20:59.213778
2025-06-04 22:21:59.173709
2025-06-04 22:22:58.728706
2025-06-04 22:23:58.849803
2025-06-04 22:24:58.978613
2025-06-04 22:25:58.912852
NA
https://cn.tradingview.com/chart/zbv9c92p/?symbol=NASDAQ%3ANA
https://finance.yahoo.com/quote/NA/news/
SPCB
https://cn.tradingview.com/chart/zbv9c92p/?symbol=NASDAQ%3ASPCB
https://finance.yahoo.com/quote/SPCB/news/
2025-06-04 22:26:59.150629
2025-06-04 22:27:58.743481
2025-06-04 22:28:59.047926
2025-06-04 22:29:59.257372
ROLR
https://cn.tradingview.com/chart/zbv9c92p/?symbol=NASDAQ%3AROLR
https://finance.yahoo.com/quote/ROLR/news/
2025-06-04 22:30:58.980988
2025-06-04 22:31:58.842615
调度器已关闭
