调度器已关闭
调度器启动，按 Ctrl+C 退出...
2025-05-27 19:06:31.034358
EJH
https://cn.tradingview.com/chart/zbv9c92p/?symbol=NASDAQ%3AEJH
https://finance.yahoo.com/quote/EJH/
WORX
https://cn.tradingview.com/chart/zbv9c92p/?symbol=NASDAQ%3AWORX
https://finance.yahoo.com/quote/WORX/
HOLO
https://cn.tradingview.com/chart/zbv9c92p/?symbol=NASDAQ%3AHOLO
https://finance.yahoo.com/quote/HOLO/
ETWO
https://cn.tradingview.com/chart/zbv9c92p/?symbol=NASDAQ%3AETWO
https://finance.yahoo.com/quote/ETWO/
SBET
https://cn.tradingview.com/chart/zbv9c92p/?symbol=NASDAQ%3ASBET
https://finance.yahoo.com/quote/SBET/
DGLY
https://cn.tradingview.com/chart/zbv9c92p/?symbol=NASDAQ%3ADGLY
https://finance.yahoo.com/quote/DGLY/
2025-05-27 19:07:31.103754
2025-05-27 19:08:31.147696
2025-05-27 19:09:30.881845
2025-05-27 19:10:31.039163
2025-05-27 19:11:31.180641
2025-05-27 19:12:31.070295
2025-05-27 19:13:30.994456
2025-05-27 19:14:31.000436
2025-05-27 19:15:31.212392
2025-05-27 19:16:31.424519
2025-05-27 19:17:31.227025
2025-05-27 19:18:31.110234
2025-05-27 19:19:31.160857
2025-05-27 19:20:31.107339
2025-05-27 19:21:31.097439
2025-05-27 19:22:31.336007
2025-05-27 19:23:30.944401
2025-05-27 19:24:30.970595
2025-05-27 19:25:31.122675
2025-05-27 19:26:31.123907
2025-05-27 19:27:31.114750
BTAI
https://cn.tradingview.com/chart/zbv9c92p/?symbol=NASDAQ%3ABTAI
https://finance.yahoo.com/quote/BTAI/
ASST
https://cn.tradingview.com/chart/zbv9c92p/?symbol=NASDAQ%3AASST
https://finance.yahoo.com/quote/ASST/
2025-05-27 19:28:30.960389
2025-05-27 19:29:31.709098
2025-05-27 19:30:31.030070
2025-05-27 19:31:31.269876
2025-05-27 19:32:31.761462
2025-05-27 19:33:31.136506
2025-05-27 19:34:31.496341
2025-05-27 19:35:31.492623
2025-05-27 19:36:31.609598
2025-05-27 19:37:31.119041
2025-05-27 19:38:31.183107
2025-05-27 19:39:31.058144
2025-05-27 19:40:31.523650
2025-05-27 19:41:30.933139
2025-05-27 19:42:31.112362
2025-05-27 19:43:31.111441
2025-05-27 19:44:30.969621
2025-05-27 19:45:31.160675
JFBR
https://cn.tradingview.com/chart/zbv9c92p/?symbol=NASDAQ%3AJFBR
https://finance.yahoo.com/quote/JFBR/
2025-05-27 19:46:31.036271
2025-05-27 19:47:31.000215
2025-05-27 19:48:31.620709
2025-05-27 19:49:30.981920
2025-05-27 19:50:31.137808
2025-05-27 19:51:30.986310
JTAI
https://cn.tradingview.com/chart/zbv9c92p/?symbol=NASDAQ%3AJTAI
https://finance.yahoo.com/quote/JTAI/
2025-05-27 19:52:31.136022
2025-05-27 19:53:30.944507
2025-05-27 19:54:31.042727
2025-05-27 19:55:31.160452
2025-05-27 19:56:31.191934
2025-05-27 19:57:31.012633
2025-05-27 19:58:31.030495
2025-05-27 19:59:31.132716
2025-05-27 20:00:31.303681
2025-05-27 20:01:31.233232
2025-05-27 20:02:31.740917
2025-05-27 20:03:31.180705
2025-05-27 20:04:31.113829
2025-05-27 20:05:31.039876
2025-05-27 20:06:31.315868
2025-05-27 20:07:31.034205
2025-05-27 20:08:30.945747
2025-05-27 20:09:31.318315
2025-05-27 20:10:31.224427
FAAS
https://cn.tradingview.com/chart/zbv9c92p/?symbol=NASDAQ%3AFAAS
https://finance.yahoo.com/quote/FAAS/
2025-05-27 20:11:31.626814
2025-05-27 20:12:31.239230
2025-05-27 20:13:31.119697
2025-05-27 20:14:30.985114
2025-05-27 20:15:31.142644
2025-05-27 20:16:31.134711
2025-05-27 20:17:31.261697
2025-05-27 20:18:31.053229
ZENA
https://cn.tradingview.com/chart/zbv9c92p/?symbol=NASDAQ%3AZENA
https://finance.yahoo.com/quote/ZENA/
2025-05-27 20:19:31.255928
2025-05-27 20:20:30.944200
2025-05-27 20:21:31.050878
LTRY
https://cn.tradingview.com/chart/zbv9c92p/?symbol=NASDAQ%3ALTRY
https://finance.yahoo.com/quote/LTRY/
2025-05-27 20:22:31.002334
2025-05-27 20:23:31.109608
2025-05-27 20:24:31.352042
2025-05-27 20:25:31.113338
2025-05-27 20:26:31.195415
2025-05-27 22:09:31.180615
FBRX
https://cn.tradingview.com/chart/zbv9c92p/?symbol=NASDAQ%3AFBRX
https://finance.yahoo.com/quote/FBRX/
ARQQ
https://cn.tradingview.com/chart/zbv9c92p/?symbol=NASDAQ%3AARQQ
https://finance.yahoo.com/quote/ARQQ/
GYRE
https://cn.tradingview.com/chart/zbv9c92p/?symbol=NASDAQ%3AGYRE
https://finance.yahoo.com/quote/GYRE/
CETX
https://cn.tradingview.com/chart/zbv9c92p/?symbol=NASDAQ%3ACETX
https://finance.yahoo.com/quote/CETX/
MTAL
https://cn.tradingview.com/chart/zbv9c92p/?symbol=NASDAQ%3AMTAL
https://finance.yahoo.com/quote/MTAL/
TNGX
https://cn.tradingview.com/chart/zbv9c92p/?symbol=NASDAQ%3ATNGX
https://finance.yahoo.com/quote/TNGX/
OPAL
https://cn.tradingview.com/chart/zbv9c92p/?symbol=NASDAQ%3AOPAL
https://finance.yahoo.com/quote/OPAL/
BZFD
https://cn.tradingview.com/chart/zbv9c92p/?symbol=NASDAQ%3ABZFD
https://finance.yahoo.com/quote/BZFD/
IDN
https://cn.tradingview.com/chart/zbv9c92p/?symbol=NASDAQ%3AIDN
https://finance.yahoo.com/quote/IDN/
OFAL
https://cn.tradingview.com/chart/zbv9c92p/?symbol=NASDAQ%3AOFAL
https://finance.yahoo.com/quote/OFAL/
TIL
https://cn.tradingview.com/chart/zbv9c92p/?symbol=NASDAQ%3ATIL
https://finance.yahoo.com/quote/TIL/
LAES
https://cn.tradingview.com/chart/zbv9c92p/?symbol=NASDAQ%3ALAES
https://finance.yahoo.com/quote/LAES/
2025-05-27 22:10:31.361542
KYTX
https://cn.tradingview.com/chart/zbv9c92p/?symbol=NASDAQ%3AKYTX
https://finance.yahoo.com/quote/KYTX/
NVTS
https://cn.tradingview.com/chart/zbv9c92p/?symbol=NASDAQ%3ANVTS
https://finance.yahoo.com/quote/NVTS/
2025-05-27 22:11:31.083415
2025-05-27 22:12:31.531030
VUZI
https://cn.tradingview.com/chart/zbv9c92p/?symbol=NASDAQ%3AVUZI
https://finance.yahoo.com/quote/VUZI/
2025-05-27 22:13:31.859759
BBAI
https://cn.tradingview.com/chart/zbv9c92p/?symbol=NASDAQ%3ABBAI
https://finance.yahoo.com/quote/BBAI/
2025-05-27 22:14:31.022496
2025-05-27 22:15:31.562863
2025-05-27 22:16:31.261189
2025-05-27 22:17:31.187792
2025-05-27 22:18:31.295138
2025-05-27 22:19:31.068003
RDW
https://cn.tradingview.com/chart/zbv9c92p/?symbol=NASDAQ%3ARDW
https://finance.yahoo.com/quote/RDW/
2025-05-27 22:20:31.383399
2025-05-27 22:21:31.807063
2025-05-27 22:22:31.137006
2025-05-27 22:23:31.113687
FTRK
https://cn.tradingview.com/chart/zbv9c92p/?symbol=NASDAQ%3AFTRK
https://finance.yahoo.com/quote/FTRK/
NOTV
https://cn.tradingview.com/chart/zbv9c92p/?symbol=NASDAQ%3ANOTV
https://finance.yahoo.com/quote/NOTV/
PULM
https://cn.tradingview.com/chart/zbv9c92p/?symbol=NASDAQ%3APULM
https://finance.yahoo.com/quote/PULM/
PAYS
https://cn.tradingview.com/chart/zbv9c92p/?symbol=NASDAQ%3APAYS
https://finance.yahoo.com/quote/PAYS/
2025-05-27 22:24:31.365306
2025-05-27 22:25:30.941753
BROG
https://cn.tradingview.com/chart/zbv9c92p/?symbol=NASDAQ%3ABROG
https://finance.yahoo.com/quote/BROG/
2025-05-27 22:26:31.094436
2025-05-27 22:27:31.233310
2025-05-27 22:28:31.145634
XAGE
https://cn.tradingview.com/chart/zbv9c92p/?symbol=NASDAQ%3AXAGE
https://finance.yahoo.com/quote/XAGE/
2025-05-27 22:29:30.984637
2025-05-27 22:30:31.353207
2025-05-27 22:31:31.056012
2025-05-27 22:32:31.491517
SOUN
https://cn.tradingview.com/chart/zbv9c92p/?symbol=NASDAQ%3ASOUN
https://finance.yahoo.com/quote/SOUN/
2025-05-27 22:33:31.022626
2025-05-27 22:34:30.991045
2025-05-27 22:35:31.460744
2025-05-27 22:36:31.092403
2025-05-27 22:37:31.146432
PSQH
https://cn.tradingview.com/chart/zbv9c92p/?symbol=NASDAQ%3APSQH
https://finance.yahoo.com/quote/PSQH/
2025-05-27 22:38:31.221137
2025-05-27 22:39:31.024492
2025-05-27 22:40:31.091025
2025-05-27 22:41:31.008957
MSGM
https://cn.tradingview.com/chart/zbv9c92p/?symbol=NASDAQ%3AMSGM
https://finance.yahoo.com/quote/MSGM/
IRBT
https://cn.tradingview.com/chart/zbv9c92p/?symbol=NASDAQ%3AIRBT
https://finance.yahoo.com/quote/IRBT/
2025-05-27 22:42:31.201028
2025-05-27 22:43:31.141586
2025-05-27 22:44:31.194364
2025-05-27 22:45:31.035508
GLE
https://cn.tradingview.com/chart/zbv9c92p/?symbol=NASDAQ%3AGLE
https://finance.yahoo.com/quote/GLE/
2025-05-27 22:46:31.224020
2025-05-27 22:47:31.149077
VATE
https://cn.tradingview.com/chart/zbv9c92p/?symbol=NASDAQ%3AVATE
https://finance.yahoo.com/quote/VATE/
2025-05-27 22:48:31.028967
2025-05-27 22:49:30.979566
2025-05-27 22:50:30.969378
2025-05-27 22:51:31.219712
ABTS
https://cn.tradingview.com/chart/zbv9c92p/?symbol=NASDAQ%3AABTS
https://finance.yahoo.com/quote/ABTS/
2025-05-27 22:52:30.970861
2025-05-27 22:53:30.960289
PLAG
https://cn.tradingview.com/chart/zbv9c92p/?symbol=NASDAQ%3APLAG
https://finance.yahoo.com/quote/PLAG/
2025-05-27 22:54:31.236793
2025-05-27 22:55:31.083534
2025-05-27 22:56:31.405768
2025-05-27 22:57:30.996392
2025-05-27 22:58:31.354504
2025-05-27 22:59:31.188060
2025-05-27 23:00:30.924001
AMC
https://cn.tradingview.com/chart/zbv9c92p/?symbol=NASDAQ%3AAMC
https://finance.yahoo.com/quote/AMC/
2025-05-27 23:01:31.393024
2025-05-27 23:02:31.334021
2025-05-27 23:03:31.014152
2025-05-27 23:04:31.058524
2025-05-27 23:05:31.074872
2025-05-27 23:06:31.034207
ROMA
https://cn.tradingview.com/chart/zbv9c92p/?symbol=NASDAQ%3AROMA
https://finance.yahoo.com/quote/ROMA/
2025-05-27 23:07:31.066630
2025-05-27 23:09:31.028551
2025-05-27 23:10:31.540881
2025-05-27 23:12:31.073111
2025-05-27 23:13:31.056048
2025-05-27 23:14:31.099533
2025-05-27 23:15:31.159119
BTCS
https://cn.tradingview.com/chart/zbv9c92p/?symbol=NASDAQ%3ABTCS
https://finance.yahoo.com/quote/BTCS/
2025-05-27 23:16:30.966133
AVR
https://cn.tradingview.com/chart/zbv9c92p/?symbol=NASDAQ%3AAVR
https://finance.yahoo.com/quote/AVR/
2025-05-27 23:17:31.351208
2025-05-27 23:18:30.935724
2025-05-27 23:19:31.499584
2025-05-27 23:20:31.317232
2025-05-27 23:21:31.137217
2025-05-27 23:22:31.538237
2025-05-27 23:23:31.365994
2025-05-27 23:24:30.911073
VMAR
https://cn.tradingview.com/chart/zbv9c92p/?symbol=NASDAQ%3AVMAR
https://finance.yahoo.com/quote/VMAR/
2025-05-27 23:25:31.016291
2025-05-27 23:26:30.963797
2025-05-27 23:27:31.239713
LVWR
https://cn.tradingview.com/chart/zbv9c92p/?symbol=NASDAQ%3ALVWR
https://finance.yahoo.com/quote/LVWR/
SHIM
https://cn.tradingview.com/chart/zbv9c92p/?symbol=NASDAQ%3ASHIM
https://finance.yahoo.com/quote/SHIM/
2025-05-27 23:28:31.239351
2025-05-27 23:29:30.969158
NWTN
https://cn.tradingview.com/chart/zbv9c92p/?symbol=NASDAQ%3ANWTN
https://finance.yahoo.com/quote/NWTN/
