调度器启动，按 Ctrl+C 退出...
删除key: []
2025-06-18 18:56:21.327096
---------PTLE 116.07%
https://cn.tradingview.com/chart/zbv9c92p/?symbol=NASDAQ%3APTLE
no recent news
---------LSE 82.52%
https://cn.tradingview.com/chart/zbv9c92p/?symbol=NASDAQ%3ALSE
no recent news
---------SAFX 50.59%
https://cn.tradingview.com/chart/zbv9c92p/?symbol=NASDAQ%3ASAFX
no recent news
---------GURE 30.75%
https://cn.tradingview.com/chart/zbv9c92p/?symbol=NASDAQ%3AGURE
no recent news
---------RELI 22.12%
https://cn.tradingview.com/chart/zbv9c92p/?symbol=NASDAQ%3ARELI
19 hours ago
Reliance Global Group Signs Letter of Intent to Sell Fortman Insurance for $5 Million in Cash
Reliance Global Group签署意向书，以500万美元现金出售Fortman Insurance
---------GOVX 20.0%
https://cn.tradingview.com/chart/zbv9c92p/?symbol=NASDAQ%3AGOVX
no recent news
---------RBNE 18.41%
https://cn.tradingview.com/chart/zbv9c92p/?symbol=NASDAQ%3ARBNE
删除key: ['FEIM', 'CGTL', 'EDIT']
no recent news
---------HCTI 16.74%
https://cn.tradingview.com/chart/zbv9c92p/?symbol=NASDAQ%3AHCTI
2025-06-18 18:57:20.086322
no recent news
---------LTRY 16.36%
https://cn.tradingview.com/chart/zbv9c92p/?symbol=NASDAQ%3ALTRY
15 hours ago
Lottery.com Appoints Acclaimed Actor and Director Tamer Hassan as President of Sports.com Studios
Lottery.com任命知名演员兼导演Tamer Hassan为Sports.com Studios总裁
---------JFBR 15.37%
https://cn.tradingview.com/chart/zbv9c92p/?symbol=NASDAQ%3AJFBR
no recent news
---------PTLE
https://cn.tradingview.com/chart/zbv9c92p/?symbol=NASDAQ%3APTLE
no recent news
---------GURE
https://cn.tradingview.com/chart/zbv9c92p/?symbol=NASDAQ%3AGURE
no recent news
---------HSDT
https://cn.tradingview.com/chart/zbv9c92p/?symbol=NASDAQ%3AHSDT
no recent news
---------LTRY
https://cn.tradingview.com/chart/zbv9c92p/?symbol=NASDAQ%3ALTRY
15 hours ago
Lottery.com Appoints Acclaimed Actor and Director Tamer Hassan as President of Sports.com Studios
Lottery.com任命知名演员兼导演Tamer Hassan为Sports.com Studios总裁
---------MRIN
https://cn.tradingview.com/chart/zbv9c92p/?symbol=NASDAQ%3AMRIN
no recent news
删除key: ['MCTR', 'KNW', 'NTLA']
删除key: []
2025-06-18 18:58:19.247059
2025-06-18 18:58:19.863966
---------MRIN 41.18%
https://cn.tradingview.com/chart/zbv9c92p/?symbol=NASDAQ%3AMRIN
no recent news
---------HSDT 15.12%
https://cn.tradingview.com/chart/zbv9c92p/?symbol=NASDAQ%3AHSDT
no recent news
删除key: []
2025-06-18 18:59:19.106203
删除key: []
2025-06-18 18:59:20.037441
---------GOVX
https://cn.tradingview.com/chart/zbv9c92p/?symbol=NASDAQ%3AGOVX
no recent news
删除key: []
删除key: []
2025-06-18 19:00:19.287889
2025-06-18 19:00:21.207149
删除key: []
删除key: []
2025-06-18 19:01:19.729101
2025-06-18 19:01:20.282347
删除key: ['EYEN', 'SMX', 'FLNC', 'LVWR']
2025-06-18 19:02:19.069781
删除key: []
2025-06-18 19:02:20.264034
删除key: ['TGE', 'WTF']
删除key: []
2025-06-18 19:03:19.518872
2025-06-18 19:03:20.004625
删除key: ['MSW', 'OCX']
删除key: []
2025-06-18 19:04:19.251392
2025-06-18 19:04:20.053270
删除key: []
删除key: []
2025-06-18 19:05:19.501742
2025-06-18 19:05:20.036670
删除key: ['GALT']
删除key: []
2025-06-18 19:06:19.955201
2025-06-18 19:06:19.962160
删除key: ['BRLS', 'LUD']
2025-06-18 19:07:19.003030
删除key: []
2025-06-18 19:07:19.806850
---------STSS 25.15%
https://cn.tradingview.com/chart/zbv9c92p/?symbol=NASDAQ%3ASTSS
8 minutes ago
Sharps Technology Advances Shipment Under $50 Million SoloGard Supply Agreement and Begins Manufacturing Facility Upgrades
Sharps Technology根据5000万美元的SoloGard供应协议推进出货，并开始制造工厂升级
删除key: ['PTLE', 'GURE', 'HSDT', 'MRIN']
2025-06-18 19:08:19.096792
删除key: ['PTLE', 'LSE', 'SAFX', 'GURE', 'GOVX', 'RBNE', 'HCTI', 'JFBR']
2025-06-18 19:08:20.440154
---------STSS
https://cn.tradingview.com/chart/zbv9c92p/?symbol=NASDAQ%3ASTSS
8 minutes ago
Sharps Technology Advances Shipment Under $50 Million SoloGard Supply Agreement and Begins Manufacturing Facility Upgrades
Sharps Technology根据5000万美元的SoloGard供应协议推进出货，并开始制造工厂升级
删除key: []
2025-06-18 19:09:19.109109
删除key: ['MRIN', 'HSDT']
2025-06-18 19:09:19.906516
删除key: ['GOVX']
删除key: []
2025-06-18 19:10:19.345064
2025-06-18 19:10:19.903563
删除key: []
2025-06-18 19:11:19.082217
删除key: []
2025-06-18 19:11:20.291319
删除key: []
删除key: []
2025-06-18 19:12:19.351482
2025-06-18 19:12:20.350265
删除key: []
2025-06-18 19:13:18.969227
删除key: []
2025-06-18 19:13:19.912804
---------RYDE 15.65%
https://cn.tradingview.com/chart/zbv9c92p/?symbol=NASDAQ%3ARYDE
---------RYDE
https://cn.tradingview.com/chart/zbv9c92p/?symbol=NASDAQ%3ARYDE
2 hours ago
Ryde Bets Big on EVs: Acquires 40% Stake in Atoll to Expand EV Footprint in Singapore
2 hours ago
Ryde Bets Big on EVs: Acquires 40% Stake in Atoll to Expand EV Footprint in Singapore
Ryde在电动汽车上下大赌注：收购Atoll 40 ％的股份，以扩大新加坡的电动汽车足迹
Ryde在电动汽车上下大赌注：收购Atoll 40 ％的股份，以扩大新加坡的电动汽车足迹
删除key: []
删除key: []
2025-06-18 19:14:20.127743
2025-06-18 19:14:20.148748
删除key: []
2025-06-18 19:15:19.016210
删除key: []
2025-06-18 19:15:19.951100
---------SRRK 23.37%
https://cn.tradingview.com/chart/zbv9c92p/?symbol=NASDAQ%3ASRRK
---------SRRK
https://cn.tradingview.com/chart/zbv9c92p/?symbol=NASDAQ%3ASRRK
15 minutes ago
Scholar Rock Reports Positive Phase 2 EMBRAZE Trial Results Demonstrating Statistically Significant Preservation of Lean Mass with Apitegromab During Tirzepatide-Induced Weight Loss
15 minutes ago
Scholar Rock Reports Positive Phase 2 EMBRAZE Trial Results Demonstrating Statistically Significant Preservation of Lean Mass with Apitegromab During Tirzepatide-Induced Weight Loss
Scholar Rock报告2期EMBRAZE试验结果呈阳性，证明在Tirzepatide诱导的体重减轻期间使用Apitegromab可显著保留瘦体重
Scholar Rock报告2期EMBRAZE试验结果呈阳性，证明在Tirzepatide诱导的体重减轻期间使用Apitegromab可显著保留瘦体重
删除key: []
删除key: []
2025-06-18 19:16:19.335576
2025-06-18 19:16:19.931778
删除key: []
2025-06-18 19:17:18.912351
删除key: []
2025-06-18 19:17:20.172044
删除key: []
2025-06-18 19:18:19.029432
删除key: []
2025-06-18 19:18:20.451162
删除key: []
2025-06-18 19:19:19.108500
删除key: []
2025-06-18 19:19:20.197552
删除key: []
删除key: []
2025-06-18 19:20:19.651069
2025-06-18 19:20:19.915048
删除key: []
2025-06-18 19:21:19.027588
删除key: []
2025-06-18 19:21:20.205420
---------SNTI 20.14%
https://cn.tradingview.com/chart/zbv9c92p/?symbol=NASDAQ%3ASNTI
21 minutes ago
Senti Bio Granted U.S. FDA Orphan Drug Designation for Use of First-in-Class Off-the-Shelf Logic Gated Selective CD33 OR FLT3 NOT EMCN CAR NK Cell Therapy, SENTI-202 to Treat Acute Myeloid Leukemia
---------SNTI
https://cn.tradingview.com/chart/zbv9c92p/?symbol=NASDAQ%3ASNTI
21 minutes ago
Senti Bio Granted U.S. FDA Orphan Drug Designation for Use of First-in-Class Off-the-Shelf Logic Gated Selective CD33 OR FLT3 NOT EMCN CAR NK Cell Therapy, SENTI-202 to Treat Acute Myeloid Leukemia
Senti Bio获得美国FDA孤儿药认证，用于一流的现成逻辑门控选择性CD33或FLT3非EMCN CAR NK细胞疗法， SENTI-202用于治疗急性骨髓性白血病
Senti Bio获得美国FDA孤儿药认证，用于一流的现成逻辑门控选择性CD33或FLT3非EMCN CAR NK细胞疗法， SENTI-202用于治疗急性骨髓性白血病
删除key: []
删除key: []
2025-06-18 19:22:19.853877
2025-06-18 19:22:19.889388
删除key: []
2025-06-18 19:23:19.059803
删除key: []
2025-06-18 19:23:20.249738
删除key: []
2025-06-18 19:24:19.156169
删除key: []
2025-06-18 19:24:19.974849
删除key: []
2025-06-18 19:25:19.174073
删除key: []
2025-06-18 19:25:19.940730
删除key: []
删除key: []
2025-06-18 19:26:19.355375
2025-06-18 19:26:20.364318
删除key: []
删除key: []
2025-06-18 19:27:19.652294
2025-06-18 19:27:20.069140
删除key: []
删除key: []
2025-06-18 19:28:19.182247
2025-06-18 19:28:20.079471
删除key: []
删除key: []
2025-06-18 19:29:19.735397
2025-06-18 19:29:20.414440
---------ONCO 15.61%
https://cn.tradingview.com/chart/zbv9c92p/?symbol=NASDAQ%3AONCO
no recent news
删除key: []
删除key: []
2025-06-18 19:30:19.199751
2025-06-18 19:30:20.154352
删除key: []
2025-06-18 19:31:18.960270
删除key: []
2025-06-18 19:31:19.987436
删除key: []
删除key: []
2025-06-18 19:32:19.871821
2025-06-18 19:32:19.959272
删除key: []
删除key: []
2025-06-18 19:33:19.186730
2025-06-18 19:33:20.059903
---------EKSO
https://cn.tradingview.com/chart/zbv9c92p/?symbol=NASDAQ%3AEKSO
3 minutes ago
Ekso Bionics’ Acceptance into NVIDIA Connect Program Bears Early Fruit
---------EKSO 21.54%
https://cn.tradingview.com/chart/zbv9c92p/?symbol=NASDAQ%3AEKSO
Ekso Bionics接受NVIDIA Connect计划并早日取得成果
3 minutes ago
Ekso Bionics’ Acceptance into NVIDIA Connect Program Bears Early Fruit
Ekso Bionics接受NVIDIA Connect计划并早日取得成果
删除key: []
删除key: []
2025-06-18 19:34:19.284957
2025-06-18 19:34:20.245414
---------KULR 16.44%
https://cn.tradingview.com/chart/zbv9c92p/?symbol=NASDAQ%3AKULR
no recent news
删除key: []
删除key: []
2025-06-18 19:35:20.259225
2025-06-18 19:35:20.569561
---------KULR
https://cn.tradingview.com/chart/zbv9c92p/?symbol=NASDAQ%3AKULR
no recent news
删除key: []
删除key: []
2025-06-18 19:36:19.543085
2025-06-18 19:36:20.029689
删除key: []
2025-06-18 19:37:19.008568
删除key: []
2025-06-18 19:37:20.853918
删除key: []
2025-06-18 19:38:19.153881
删除key: []
2025-06-18 19:38:19.966386
删除key: []
删除key: []
2025-06-18 19:39:19.388557
2025-06-18 19:39:20.061136
删除key: []
删除key: ['ONCO']
2025-06-18 19:40:19.892458
2025-06-18 19:40:20.345769
删除key: []
2025-06-18 19:41:19.136513
删除key: []
2025-06-18 19:41:20.403479
删除key: []
2025-06-18 19:42:19.130403
删除key: []
2025-06-18 19:42:20.280044
删除key: []
2025-06-18 19:43:19.056791
删除key: []
2025-06-18 19:43:20.099511
删除key: []
删除key: []
2025-06-18 19:44:19.507636
2025-06-18 19:44:20.501375
删除key: []
2025-06-18 19:45:19.177512
删除key: ['KULR']
2025-06-18 19:45:20.333520
删除key: ['KULR']
2025-06-18 19:46:19.095812
删除key: []
2025-06-18 19:46:19.883866
删除key: []
2025-06-18 19:47:19.083385
删除key: []
2025-06-18 19:47:20.026485
删除key: []
删除key: []
2025-06-18 19:48:19.233842
2025-06-18 19:48:20.135189
删除key: []
2025-06-18 19:49:18.967417
删除key: []
2025-06-18 19:49:20.066498
删除key: []
删除key: []
2025-06-18 19:50:20.280503
2025-06-18 19:50:21.523183
删除key: []
删除key: []
2025-06-18 19:51:19.782863
2025-06-18 19:51:20.059809
删除key: []
删除key: []
2025-06-18 19:52:19.991471
2025-06-18 19:52:20.268061
删除key: []
2025-06-18 19:53:19.119637
删除key: []
2025-06-18 19:53:20.232666
删除key: []
删除key: []
2025-06-18 19:54:19.393632
2025-06-18 19:54:20.458257
删除key: []
删除key: []
2025-06-18 19:55:19.197313
2025-06-18 19:55:20.126536
删除key: []
删除key: []
2025-06-18 19:56:19.620654
2025-06-18 19:56:20.726565
删除key: []
2025-06-18 19:57:19.111991
删除key: []
2025-06-18 19:57:20.368109
删除key: []
删除key: []
2025-06-18 19:58:19.420166
2025-06-18 19:58:20.081395
删除key: []
删除key: []
2025-06-18 19:59:19.323691
2025-06-18 19:59:19.930285
删除key: []
删除key: []
2025-06-18 20:00:19.279247
2025-06-18 20:00:20.257792
删除key: []
删除key: []
2025-06-18 20:01:19.695672
2025-06-18 20:01:20.356152
删除key: []
删除key: []
2025-06-18 20:02:19.206131
2025-06-18 20:02:20.049022
删除key: []
2025-06-18 20:03:19.156690
删除key: []
2025-06-18 20:03:20.637972
---------APVO 219.5%
https://cn.tradingview.com/chart/zbv9c92p/?symbol=NASDAQ%3AAPVO
2 minutes ago
Mipletamig Demonstrates Compelling Clinical Activity in Frontline AML
Mipletamig在一线AML中显示出令人信服的临床活动
删除key: []
删除key: []
2025-06-18 20:04:19.355839
2025-06-18 20:04:20.153040
---------APVO
https://cn.tradingview.com/chart/zbv9c92p/?symbol=NASDAQ%3AAPVO
3 minutes ago
Mipletamig Demonstrates Compelling Clinical Activity in Frontline AML
Mipletamig在一线AML中显示出令人信服的临床活动
删除key: []
2025-06-18 20:05:19.020324
删除key: []
2025-06-18 20:05:20.328715
删除key: []
2025-06-18 20:06:19.130115
删除key: []
2025-06-18 20:06:19.860994
删除key: []
2025-06-18 20:07:19.092639
删除key: []
2025-06-18 20:07:19.934577
删除key: []
2025-06-18 20:08:18.980567
删除key: []
2025-06-18 20:08:19.926157
删除key: []
2025-06-18 20:09:18.958822
删除key: []
2025-06-18 20:09:19.923157
删除key: []
删除key: []
2025-06-18 20:10:19.921264
2025-06-18 20:10:19.949845
删除key: []
2025-06-18 20:11:18.982769
删除key: []
2025-06-18 20:11:20.243097
删除key: []
2025-06-18 20:12:19.148002
删除key: []
2025-06-18 20:12:20.001059
删除key: []
删除key: []
2025-06-18 20:13:19.715775
2025-06-18 20:13:20.037408
删除key: []
2025-06-18 20:14:18.897705
删除key: []
2025-06-18 20:14:19.990672
删除key: []
2025-06-18 20:15:19.029570
删除key: []
2025-06-18 20:15:19.927643
删除key: []
2025-06-18 20:16:18.962348
删除key: []
2025-06-18 20:16:21.062004
删除key: []
删除key: []
2025-06-18 20:17:19.786486
2025-06-18 20:17:20.947527
删除key: []
2025-06-18 20:18:19.071156
删除key: []
2025-06-18 20:18:19.907826
删除key: []
删除key: []
2025-06-18 20:19:19.470560
2025-06-18 20:19:20.101848
删除key: []
删除key: []
2025-06-18 20:20:19.661408
2025-06-18 20:20:20.499737
删除key: []
删除key: []
2025-06-18 20:21:19.356387
2025-06-18 20:21:19.826976
删除key: []
删除key: []
2025-06-18 20:22:19.202997
2025-06-18 20:22:19.957317
删除key: []
2025-06-18 20:23:18.969418
删除key: []
2025-06-18 20:23:20.008761
删除key: []
2025-06-18 20:24:19.151654
删除key: []
2025-06-18 20:24:20.217982
删除key: []
2025-06-18 20:25:19.034099
删除key: []
2025-06-18 20:25:19.889184
删除key: []
2025-06-18 20:26:18.938280
删除key: []
2025-06-18 20:26:20.445858
删除key: []
2025-06-18 20:27:19.074966
删除key: []
2025-06-18 20:27:20.177816
删除key: []
2025-06-18 20:28:19.174880
删除key: []
2025-06-18 20:28:20.139881
删除key: []
删除key: []
2025-06-18 20:29:19.558891
2025-06-18 20:29:20.497732
删除key: []
2025-06-18 20:30:19.088009
删除key: []
2025-06-18 20:30:20.241647
删除key: []
删除key: []
2025-06-18 20:31:19.257257
2025-06-18 20:31:21.170944
删除key: []
2025-06-18 20:32:19.001606
删除key: []
2025-06-18 20:32:29.128403
删除key: []
2025-06-18 20:33:19.143930
删除key: []
2025-06-18 20:33:20.328172
---------TPET 15.23%
https://cn.tradingview.com/chart/zbv9c92p/?symbol=NASDAQ%3ATPET
---------TPET
https://cn.tradingview.com/chart/zbv9c92p/?symbol=NASDAQ%3ATPET
no recent news
no recent news
删除key: []
2025-06-18 20:34:19.100679
删除key: []
2025-06-18 20:34:19.817352
删除key: []
删除key: []
2025-06-18 20:35:19.256787
2025-06-18 20:35:20.275192
删除key: []
删除key: []
2025-06-18 20:36:19.320671
2025-06-18 20:36:20.421382
删除key: []
删除key: []
2025-06-18 20:37:19.229174
2025-06-18 20:37:20.739408
删除key: []
2025-06-18 20:38:19.055409
删除key: []
2025-06-18 20:38:20.928964
删除key: []
删除key: []
2025-06-18 20:39:19.209688
2025-06-18 20:39:20.335631
删除key: []
2025-06-18 20:40:19.163439
删除key: []
2025-06-18 20:40:20.182290
删除key: []
2025-06-18 20:41:19.002964
删除key: []
2025-06-18 20:41:20.641346
删除key: []
删除key: []
2025-06-18 20:42:19.660860
2025-06-18 20:42:20.033649
删除key: []
2025-06-18 20:43:19.060835
删除key: []
2025-06-18 20:43:19.836085
---------JFBR
https://cn.tradingview.com/chart/zbv9c92p/?symbol=NASDAQ%3AJFBR
no recent news
删除key: ['TPET']
删除key: ['TPET']
2025-06-18 20:44:19.296936
2025-06-18 20:44:20.357089
删除key: []
2025-06-18 20:45:19.097983
删除key: []
2025-06-18 20:45:20.478728
删除key: []
2025-06-18 20:46:19.088988
删除key: []
2025-06-18 20:46:19.901895
---------PRE 19.71%
https://cn.tradingview.com/chart/zbv9c92p/?symbol=NASDAQ%3APRE
1 minute ago
Prenetics Becomes First Healthcare Company to Execute Aggressive Bitcoin Treasury Strategy, Secures $20M in BTC, Appoints Former OKEx COO to Board
Prenetics成为第一家执行激进比特币国债策略的医疗保健公司，获得2000万美元的比特币，任命前OKEx首席运营官加入董事会
---------PRE
https://cn.tradingview.com/chart/zbv9c92p/?symbol=NASDAQ%3APRE
1 minute ago
Prenetics Becomes First Healthcare Company to Execute Aggressive Bitcoin Treasury Strategy, Secures $20M in BTC, Appoints Former OKEx COO to Board
Prenetics成为第一家执行激进比特币国债策略的医疗保健公司，获得2000万美元的比特币，任命前OKEx首席运营官加入董事会
删除key: []
删除key: []
2025-06-18 20:47:19.284276
2025-06-18 20:47:20.279294
删除key: []
删除key: []
2025-06-18 20:48:19.364393
2025-06-18 20:48:19.975068
删除key: []
2025-06-18 20:49:18.996123
删除key: []
2025-06-18 20:49:20.332946
删除key: []
2025-06-18 20:50:19.060038
删除key: []
2025-06-18 20:50:20.192237
删除key: []
删除key: []
2025-06-18 20:51:19.503102
2025-06-18 20:51:19.990853
删除key: []
删除key: []
2025-06-18 20:52:20.093992
2025-06-18 20:52:20.288695
删除key: []
删除key: []
2025-06-18 20:53:19.298166
2025-06-18 20:53:19.983754
删除key: ['JFBR']
删除key: []
2025-06-18 20:54:19.324058
2025-06-18 20:54:20.308868
删除key: []
删除key: []
2025-06-18 20:55:19.813362
2025-06-18 20:55:20.093043
删除key: []
2025-06-18 20:56:19.076707
删除key: []
2025-06-18 20:56:20.496693
删除key: []
删除key: []
2025-06-18 20:57:19.251339
2025-06-18 20:57:23.430274
删除key: []
删除key: []
2025-06-18 20:58:19.228763
2025-06-18 20:58:20.519902
删除key: []
删除key: []
2025-06-18 20:59:19.868722
删除key: []
删除key: []
2025-06-18 21:00:19.726747
2025-06-18 21:00:20.052851
删除key: []
删除key: []
2025-06-18 21:01:19.274455
2025-06-18 21:01:20.325511
删除key: []
删除key: []
2025-06-18 21:02:19.791315
2025-06-18 21:02:20.539846
删除key: []
删除key: []
2025-06-18 21:03:19.343490
2025-06-18 21:03:20.354950
---------CVM 16.38%
https://cn.tradingview.com/chart/zbv9c92p/?symbol=NASDAQ%3ACVM
---------CVM
https://cn.tradingview.com/chart/zbv9c92p/?symbol=NASDAQ%3ACVM
3 minutes ago
FDA’s Approval of Keytruda for PD-L1 Positive Head and Neck Cancer Patients Signals a Clear Pathway for CEL-SCI’s Multikine to Address a Major Unmet Need in PD-L1 Negative Cancer Patients
FDA批准Keytruda用于PD-L1阳性头颈部癌症患者，标志着CEL-SCI Multikine解决PD-L1阴性癌症患者主要未满足需求的明确途径
3 minutes ago
FDA’s Approval of Keytruda for PD-L1 Positive Head and Neck Cancer Patients Signals a Clear Pathway for CEL-SCI’s Multikine to Address a Major Unmet Need in PD-L1 Negative Cancer Patients
FDA批准Keytruda用于PD-L1阳性头颈部癌症患者，标志着CEL-SCI Multikine解决PD-L1阴性癌症患者主要未满足需求的明确途径
删除key: []
删除key: []
2025-06-18 21:04:19.441779
2025-06-18 21:04:21.478576
删除key: []
删除key: []
2025-06-18 21:05:19.258129
2025-06-18 21:05:20.337557
删除key: []
2025-06-18 21:06:19.168931
删除key: []
2025-06-18 21:06:19.916210
删除key: []
2025-06-18 21:07:18.981332
删除key: []
2025-06-18 21:07:20.158037
删除key: []
2025-06-18 21:08:19.073859
删除key: []
2025-06-18 21:08:20.553634
删除key: []
2025-06-18 21:09:19.064793
删除key: []
2025-06-18 21:09:19.974354
删除key: []
2025-06-18 21:10:19.042984
删除key: []
2025-06-18 21:10:22.848123
---------IMCC 20.4%
https://cn.tradingview.com/chart/zbv9c92p/?symbol=NASDAQ%3AIMCC
no recent news
删除key: []
删除key: []
2025-06-18 21:11:19.359514
2025-06-18 21:11:19.986743
---------IMCC
https://cn.tradingview.com/chart/zbv9c92p/?symbol=NASDAQ%3AIMCC
no recent news
删除key: []
2025-06-18 21:12:19.174262
删除key: []
2025-06-18 21:12:20.325481
删除key: []
删除key: []
2025-06-18 21:13:19.386765
2025-06-18 21:13:19.935271
删除key: []
删除key: []
2025-06-18 21:14:19.274441
2025-06-18 21:14:20.369434
---------IMRX 15.37%
https://cn.tradingview.com/chart/zbv9c92p/?symbol=NASDAQ%3AIMRX
no recent news
删除key: []
2025-06-18 21:15:19.073834
删除key: []
2025-06-18 21:15:19.917458
删除key: []
2025-06-18 21:16:19.056521
删除key: []
2025-06-18 21:16:20.252707
删除key: []
2025-06-18 21:17:19.109883
删除key: []
2025-06-18 21:17:20.119769
删除key: []
删除key: []
2025-06-18 21:18:19.419089
2025-06-18 21:18:20.173032
删除key: []
删除key: []
2025-06-18 21:19:19.185101
2025-06-18 21:19:20.394459
---------HUBC
https://cn.tradingview.com/chart/zbv9c92p/?symbol=NASDAQ%3AHUBC
2 minutes ago
HUB Cyber Security (Nasdaq: HUBC) Secures Estimated $25M Annual Recurring Revenue from Perpetual KYC Contract Supporting Strategic Crypto Merger
---------HUBC 15.53%
https://cn.tradingview.com/chart/zbv9c92p/?symbol=NASDAQ%3AHUBC
HUB Cyber Security （纳斯达克股票代码： HUBC ）从支持战略加密货币合并的永久KYC合同中获得估计2500万美元的年度经常性收入
2 minutes ago
HUB Cyber Security (Nasdaq: HUBC) Secures Estimated $25M Annual Recurring Revenue from Perpetual KYC Contract Supporting Strategic Crypto Merger
HUB Cyber Security （纳斯达克股票代码： HUBC ）从支持战略加密货币合并的永久KYC合同中获得估计2500万美元的年度经常性收入
删除key: []
删除key: []
2025-06-18 21:20:19.626416
2025-06-18 21:20:20.078331
删除key: []
删除key: ['IMCC']
2025-06-18 21:21:19.958879
2025-06-18 21:21:20.148002
删除key: ['IMCC']
删除key: []
2025-06-18 21:22:19.594623
2025-06-18 21:22:20.121247
删除key: []
删除key: []
2025-06-18 21:23:19.618303
2025-06-18 21:23:19.912051
删除key: []
删除key: []
2025-06-18 21:24:19.616003
2025-06-18 21:24:20.369670
删除key: []
删除key: ['IMRX']
2025-06-18 21:25:19.501520
2025-06-18 21:25:19.987748
---------HTCO 15.34%
https://cn.tradingview.com/chart/zbv9c92p/?symbol=NASDAQ%3AHTCO
no recent news
删除key: []
2025-06-18 21:26:19.107061
删除key: []
2025-06-18 21:26:20.082412
---------HTCO
https://cn.tradingview.com/chart/zbv9c92p/?symbol=NASDAQ%3AHTCO
no recent news
删除key: []
2025-06-18 21:27:19.052155
删除key: []
2025-06-18 21:27:19.881157
删除key: []
删除key: []
2025-06-18 21:28:19.185168
2025-06-18 21:28:20.097809
删除key: []
2025-06-18 21:29:19.148505
删除key: []
2025-06-18 21:29:20.269782
删除key: []
删除key: []
2025-06-18 21:30:19.208201
2025-06-18 21:30:20.549927
---------CERO 188.73%
https://cn.tradingview.com/chart/zbv9c92p/?symbol=NASDAQ%3ACERO
no recent news
---------EYEN 134.68%
https://cn.tradingview.com/chart/zbv9c92p/?symbol=NASDAQ%3AEYEN
---------JBIO
https://cn.tradingview.com/chart/zbv9c92p/?symbol=NASDAQ%3AJBIO
no recent news
---------AZ
https://cn.tradingview.com/chart/zbv9c92p/?symbol=NASDAQ%3AAZ
no recent news
---------VS
https://cn.tradingview.com/chart/zbv9c92p/?symbol=NASDAQ%3AVS
no recent news
58 minutes ago
Eyenovia Announces Appointment of a Strategic Advisor for Digital Asset Treasury Strategy and Amendment of Debt Agreement with Avenue Capital Group
Eyenovia宣布与Avenue Capital Group任命数字资产国债战略和债务协议修订战略顾问
---------HUSA 88.68%
https://cn.tradingview.com/chart/zbv9c92p/?symbol=NASDAQ%3AHUSA
1 hour ago
Houston American Energy Corp. Announces $2.37 Million Registered Direct Offering
休斯顿美国能源公司宣布237万美元的注册直接发行
---------VERV 81.5%
https://cn.tradingview.com/chart/zbv9c92p/?symbol=NASDAQ%3AVERV
no recent news
---------GALT 60.4%
https://cn.tradingview.com/chart/zbv9c92p/?symbol=NASDAQ%3AGALT
no recent news
---------APPS 56.76%
https://cn.tradingview.com/chart/zbv9c92p/?symbol=NASDAQ%3AAPPS
1 hour ago
Alcatel and Digital Turbine Join Forces to Provide the Best User Experience on Mobile Devices in India
阿尔卡特与Digital Turbine携手合作，为印度移动设备提供最佳用户体验
---------TGE 49.26%
https://cn.tradingview.com/chart/zbv9c92p/?symbol=NASDAQ%3ATGE
21 hours ago
TGE Successfully Advances Multiple Movie Releases This Year, Including "She's Got No Name" and "My First of May," Coming Out in June and August Respectively
TGE今年成功推进多部电影上映，包括“She's Got No Name”和“My First of May” ，分别于6月和8月上映
---------XTIA 48.01%
https://cn.tradingview.com/chart/zbv9c92p/?symbol=NASDAQ%3AXTIA
no recent news
---------GEOS 36.43%
https://cn.tradingview.com/chart/zbv9c92p/?symbol=NASDAQ%3AGEOS
删除key: []
2025-06-18 21:31:19.350547
no recent news
---------WTF 33.73%
https://cn.tradingview.com/chart/zbv9c92p/?symbol=NASDAQ%3AWTF
no recent news
---------BGSF 33.58%
https://cn.tradingview.com/chart/zbv9c92p/?symbol=NASDAQ%3ABGSF
no recent news
---------INDO 31.58%
https://cn.tradingview.com/chart/zbv9c92p/?symbol=NASDAQ%3AINDO
no recent news
---------MXC 30.13%
https://cn.tradingview.com/chart/zbv9c92p/?symbol=NASDAQ%3AMXC
no recent news
---------SMX 28.89%
https://cn.tradingview.com/chart/zbv9c92p/?symbol=NASDAQ%3ASMX
no recent news
---------BDMD 26.51%
https://cn.tradingview.com/chart/zbv9c92p/?symbol=NASDAQ%3ABDMD
no recent news
---------OP 25.0%
https://cn.tradingview.com/chart/zbv9c92p/?symbol=NASDAQ%3AOP
no recent news
---------USEG 23.32%
https://cn.tradingview.com/chart/zbv9c92p/?symbol=NASDAQ%3AUSEG
no recent news
---------PACS 21.79%
https://cn.tradingview.com/chart/zbv9c92p/?symbol=NASDAQ%3APACS
no recent news
---------CGTL 20.23%
https://cn.tradingview.com/chart/zbv9c92p/?symbol=NASDAQ%3ACGTL
no recent news
---------PCT 18.96%
https://cn.tradingview.com/chart/zbv9c92p/?symbol=NASDAQ%3APCT
删除key: []
2025-06-18 21:32:19.593090
no recent news
---------RCON 18.66%
https://cn.tradingview.com/chart/zbv9c92p/?symbol=NASDAQ%3ARCON
no recent news
---------JBIO 18.6%
https://cn.tradingview.com/chart/zbv9c92p/?symbol=NASDAQ%3AJBIO
no recent news
---------MARPS 18.0%
https://cn.tradingview.com/chart/zbv9c92p/?symbol=NASDAQ%3AMARPS
no recent news
---------MINM 17.8%
https://cn.tradingview.com/chart/zbv9c92p/?symbol=NASDAQ%3AMINM
no recent news
---------AZ 17.53%
https://cn.tradingview.com/chart/zbv9c92p/?symbol=NASDAQ%3AAZ
no recent news
---------PBM 16.61%
https://cn.tradingview.com/chart/zbv9c92p/?symbol=NASDAQ%3APBM
1 hour ago
Psyence BioMed Chief of Global Impact to Speak at Psychedelic Science 2025
Psyence BioMed全球影响力主管将在《迷幻科学2025》上发表演讲
---------VS 16.29%
https://cn.tradingview.com/chart/zbv9c92p/?symbol=NASDAQ%3AVS
no recent news
删除key: []
删除key: []
2025-06-18 21:33:19.950795
2025-06-18 21:33:19.977822
---------GHLD
https://cn.tradingview.com/chart/zbv9c92p/?symbol=NASDAQ%3AGHLD
1 hour ago
Guild Holdings Co. and Bayview Asset Management Sign Definitive Agreement
Guild Holdings Co.与Bayview Asset Management签署最终协议
删除key: []
2025-06-18 21:34:19.199621
---------GHLD 25.83%
https://cn.tradingview.com/chart/zbv9c92p/?symbol=NASDAQ%3AGHLD
删除key: []
2025-06-18 21:35:19.399115
1 hour ago
Guild Holdings Co. and Bayview Asset Management Sign Definitive Agreement
Guild Holdings Co.与Bayview Asset Management签署最终协议
删除key: []
删除key: []
2025-06-18 21:36:19.432933
2025-06-18 21:36:20.748730
删除key: ['HTCO']
2025-06-18 21:37:19.199855
删除key: []
2025-06-18 21:38:19.164700
删除key: []
2025-06-18 21:38:19.970210
删除key: []
2025-06-18 21:39:19.358560
---------TMC 20.91%
https://cn.tradingview.com/chart/zbv9c92p/?symbol=NASDAQ%3ATMC
删除key: []
2025-06-18 21:40:19.585775
no recent news
---------ARQQ 16.7%
https://cn.tradingview.com/chart/zbv9c92p/?symbol=NASDAQ%3AARQQ
23 hours ago
Arqit Joins Oracle Defense Ecosystem
Arqit加入甲骨文防御生态系统
删除key: ['JBIO', 'AZ', 'VS']
2025-06-18 21:41:19.091437
删除key: []
2025-06-18 21:41:19.960951
发生错误: ('Connection aborted.', RemoteDisconnected('Remote end closed connection without response'))
发生错误: HTTPConnectionPool(host='localhost', port=53669): Max retries exceeded with url: /session/5de8b48c8c891b800b2db6e48a3a4deb/url (Caused by NewConnectionError('<urllib3.connection.HTTPConnection object at 0x10c8701a0>: Failed to establish a new connection: [Errno 61] Connection refused'))
删除key: []
2025-06-18 21:42:18.905501
删除key: []
2025-06-18 21:43:19.129629
删除key: []
2025-06-18 21:44:19.251487
删除key: []
2025-06-18 21:45:19.065568
删除key: []
2025-06-18 21:46:18.992400
删除key: []
2025-06-18 21:47:19.036222
删除key: []
2025-06-18 21:48:19.081354
删除key: []
2025-06-18 21:49:19.857039
删除key: []
2025-06-18 21:50:19.510183
删除key: []
2025-06-18 21:51:19.075856
---------LZMH
https://cn.tradingview.com/chart/zbv9c92p/?symbol=NASDAQ%3ALZMH
no recent news
删除key: []
2025-06-18 21:52:19.120248
删除key: []
2025-06-18 21:53:18.922490
删除key: []
2025-06-18 21:54:19.063956
删除key: []
2025-06-18 21:55:19.352381
删除key: []
2025-06-18 21:56:19.304521
删除key: []
2025-06-18 21:57:19.537099
删除key: []
2025-06-18 21:58:19.064926
删除key: []
2025-06-18 21:59:20.384053
删除key: []
2025-06-18 22:00:19.260744
删除key: []
2025-06-18 22:01:19.533762
删除key: ['LZMH']
2025-06-18 22:02:19.344332
删除key: []
2025-06-18 22:03:19.516124
删除key: []
2025-06-18 22:04:19.928985
删除key: []
2025-06-18 22:05:21.021786
删除key: []
2025-06-18 22:06:20.830817
---------FLL
https://cn.tradingview.com/chart/zbv9c92p/?symbol=NASDAQ%3AFLL
no recent news
删除key: []
2025-06-18 22:07:19.321212
删除key: []
2025-06-18 22:08:19.173114
删除key: []
2025-06-18 22:09:18.981426
删除key: []
2025-06-18 22:10:19.331100
删除key: []
2025-06-18 22:11:19.187409
删除key: []
2025-06-18 22:12:19.800482
删除key: []
2025-06-18 22:13:19.021131
删除key: []
2025-06-18 22:14:19.385431
删除key: []
2025-06-18 22:15:19.164152
StockTitan 获取 FLL 新闻时出错: Page.goto: Timeout 15000ms exceeded.
Call log:
  - navigating to "https://www.stocktitan.net/news/FLL/", waiting until "load"

Yahoo 获取 FLL 新闻时出错: Page.goto: Timeout 60000ms exceeded.
Call log:
  - navigating to "https://finance.yahoo.com/quote/FLL/news/", waiting until "load"

StockTitan 获取 GOGO 新闻时出错: Page.goto: Timeout 15000ms exceeded.
Call log:
  - navigating to "https://www.stocktitan.net/news/GOGO/", waiting until "load"

Yahoo 获取 GOGO 新闻时出错: Page.goto: Timeout 60000ms exceeded.
Call log:
  - navigating to "https://finance.yahoo.com/quote/GOGO/news/", waiting until "load"

---------GOGO
https://cn.tradingview.com/chart/zbv9c92p/?symbol=NASDAQ%3AGOGO
no recent news
