调度器启动，按 Ctrl+C 退出...
2025-06-12 18:36:38.476738
---------HCTI 178.26%
https://cn.tradingview.com/chart/zbv9c92p/?symbol=NASDAQ%3AHCTI
no recent news
---------GNLN 67.53%
https://cn.tradingview.com/chart/zbv9c92p/?symbol=NASDAQ%3AGNLN
no recent news
---------KLTO 32.41%
https://cn.tradingview.com/chart/zbv9c92p/?symbol=NASDAQ%3AKLTO
no recent news
---------GTI 30.48%
https://cn.tradingview.com/chart/zbv9c92p/?symbol=NASDAQ%3AGTI
no recent news
---------CGTL 30.02%
https://cn.tradingview.com/chart/zbv9c92p/?symbol=NASDAQ%3ACGTL
no recent news
---------ZCMD 29.81%
https://cn.tradingview.com/chart/zbv9c92p/?symbol=NASDAQ%3AZCMD
no recent news
---------EQ 27.23%
https://cn.tradingview.com/chart/zbv9c92p/?symbol=NASDAQ%3AEQ
no recent news
---------XTIA 17.62%
https://cn.tradingview.com/chart/zbv9c92p/?symbol=NASDAQ%3AXTIA
21 hours ago
XTI Aerospace Deepens Defense Sector Expertise with Addition of Steve Griessel to Corporate Advisory Board

---------HUSA 17.03%
https://cn.tradingview.com/chart/zbv9c92p/?symbol=NASDAQ%3AHUSA
no recent news
---------INDO 15.79%
https://cn.tradingview.com/chart/zbv9c92p/?symbol=NASDAQ%3AINDO
no recent news
2025-06-12 18:38:38.231801
---------TWG 37.5%
https://cn.tradingview.com/chart/zbv9c92p/?symbol=NASDAQ%3ATWG
20 hours ago
TWG Granted Second Grace Period by Nasdaq for Minimum Bid Price Compliance

2025-06-12 18:40:38.118178
2025-06-12 18:41:37.888932
---------PALI 15.67%
https://cn.tradingview.com/chart/zbv9c92p/?symbol=NASDAQ%3APALI
no recent news
---------YHC 15.67%
https://cn.tradingview.com/chart/zbv9c92p/?symbol=NASDAQ%3AYHC
no recent news
2025-06-12 18:43:37.921397
2025-06-12 18:44:38.381707
2025-06-12 18:45:38.488173
2025-06-12 18:46:38.165246
2025-06-12 18:47:38.007424
2025-06-12 18:48:38.258465
---------CVAC 26.04%
https://cn.tradingview.com/chart/zbv9c92p/?symbol=NASDAQ%3ACVAC
no recent news
2025-06-12 18:49:37.877385
删除key
HCTI
删除key
GNLN
删除key
KLTO
删除key
GTI
删除key
CGTL
删除key
ZCMD
删除key
EQ
删除key
HUSA
删除key
INDO
2025-06-12 18:50:37.800483
2025-06-12 18:51:37.855909
2025-06-12 18:52:38.514158
删除key
PALI
删除key
YHC
2025-06-12 18:53:37.670753
2025-06-12 18:54:37.895690
---------WBX 16.67%
https://cn.tradingview.com/chart/zbv9c92p/?symbol=NASDAQ%3AWBX
4 minutes ago
Wallbox and Ensol Expand Partnership to Deliver Fast Charging Infrastructure in Texas, Florida, and Georgia

2025-06-12 18:55:37.865423
2025-06-12 18:56:38.487170
2025-06-12 18:57:37.991470
2025-06-12 18:58:38.276292
删除key
CVAC
2025-06-12 18:59:39.161786
2025-06-12 19:00:38.644603
2025-06-12 19:01:37.968897
2025-06-12 19:02:37.881828
2025-06-12 19:03:38.141038
2025-06-12 19:04:38.498486
---------NEHC 42.48%
https://cn.tradingview.com/chart/zbv9c92p/?symbol=NASDAQ%3ANEHC
4 minutes ago
New Era Helium Advances Hyperscaler Discussions and Prepares for Board Expansion to Accelerate AI Infrastructure Strategy in the Permian Basin

2025-06-12 19:05:37.891621
2025-06-12 19:06:37.718463
2025-06-12 19:07:37.924663
2025-06-12 19:08:37.919687
2025-06-12 19:09:38.206244
2025-06-12 19:10:37.709224
2025-06-12 19:11:38.090639
2025-06-12 19:12:37.752634
2025-06-12 19:13:38.467092
2025-06-12 19:14:38.561872
2025-06-12 19:15:38.041419
2025-06-12 19:16:37.883715
2025-06-12 19:17:37.872190
2025-06-12 19:18:39.049772
2025-06-12 19:19:37.762478
2025-06-12 19:20:37.725897
2025-06-12 19:21:37.909981
2025-06-12 19:22:38.470509
2025-06-12 19:23:38.170897
2025-06-12 19:24:37.717741
2025-06-12 19:25:37.879747
2025-06-12 19:26:37.995876
2025-06-12 19:27:38.857113
2025-06-12 19:28:37.663591
2025-06-12 19:29:37.945686
2025-06-12 19:30:38.550116
2025-06-12 19:31:38.585456
2025-06-12 19:33:37.672065
---------NIVF 50.0%
https://cn.tradingview.com/chart/zbv9c92p/?symbol=NASDAQ%3ANIVF
3 minutes ago
NewGen Announces Planned US$45 Million Strategic Investment in UAE Real Estate Market

---------AIHS 19.13%
https://cn.tradingview.com/chart/zbv9c92p/?symbol=NASDAQ%3AAIHS
3 minutes ago
Senmiao Technology and Qinhong International Group Sign a Strategic Cooperation Agreement to Jointly Promote Their Services to SMEs in China

2025-06-12 19:34:39.799605
---------PLRZ 25.0%
https://cn.tradingview.com/chart/zbv9c92p/?symbol=NASDAQ%3APLRZ
2 minutes ago
Polyrizon Reports Promising Results Demonstrating Successful Internasal Delivery of its Innovative Hydrogel Formulation for CNS Therapeutics

---------LIMN 24.12%
https://cn.tradingview.com/chart/zbv9c92p/?symbol=NASDAQ%3ALIMN
发生错误: Message: 
Stacktrace:
0   chromedriver                        0x000000010284a668 cxxbridge1$str$ptr + 2723108
1   chromedriver                        0x00000001028428dc cxxbridge1$str$ptr + 2690968
2   chromedriver                        0x0000000102396714 cxxbridge1$string$len + 90428
3   chromedriver                        0x00000001023dd7c0 cxxbridge1$string$len + 381416
4   chromedriver                        0x000000010241ede8 cxxbridge1$string$len + 649232
5   chromedriver                        0x00000001023d19c8 cxxbridge1$string$len + 332784
6   chromedriver                        0x000000010280e28c cxxbridge1$str$ptr + 2476360
7   chromedriver                        0x0000000102811520 cxxbridge1$str$ptr + 2489308
8   chromedriver                        0x00000001027efa78 cxxbridge1$str$ptr + 2351412
9   chromedriver                        0x0000000102811da8 cxxbridge1$str$ptr + 2491492
10  chromedriver                        0x00000001027e0d6c cxxbridge1$str$ptr + 2290728
11  chromedriver                        0x0000000102831d74 cxxbridge1$str$ptr + 2622512
12  chromedriver                        0x0000000102831f00 cxxbridge1$str$ptr + 2622908
13  chromedriver                        0x0000000102842528 cxxbridge1$str$ptr + 2690020
14  libsystem_pthread.dylib             0x000000018a2d2f94 _pthread_start + 136
15  libsystem_pthread.dylib             0x000000018a2cdd34 thread_start + 8

4 minutes ago
Stock market today: Dow, S&P 500, Nasdaq futures slide ahead of fresh inflation data, as Trump renews tariff threat

2025-06-12 19:35:37.766773
2025-06-12 19:36:37.810551
2025-06-12 19:37:37.843644
---------IXHL 17.51%
https://cn.tradingview.com/chart/zbv9c92p/?symbol=NASDAQ%3AIXHL
7 minutes ago
Incannex Healthcare Cancels All Outstanding Series A Warrants Following Strategic ATM Execution

2025-06-12 19:38:44.529794
2025-06-12 19:39:38.419432
2025-06-12 19:40:37.911169
2025-06-12 19:41:37.736563
2025-06-12 19:42:37.674885
2025-06-12 19:43:37.942626
2025-06-12 19:44:38.105588
2025-06-12 19:45:37.923133
2025-06-12 19:46:38.132782
2025-06-12 19:47:38.033380
2025-06-12 19:48:38.342764
2025-06-12 19:49:37.747653
2025-06-12 19:50:37.945086
2025-06-12 19:51:38.297884
2025-06-12 19:52:37.854375
2025-06-12 19:53:37.828767
2025-06-12 19:54:37.675691
2025-06-12 19:55:37.998693
2025-06-12 19:56:37.736634
2025-06-12 19:58:37.837633
2025-06-12 19:59:37.721403
2025-06-12 20:00:37.714692
调度器已关闭
