调度器启动，按 Ctrl+C 退出...
2025-05-29 18:43:48.349415
NAOV
https://cn.tradingview.com/chart/zbv9c92p/?symbol=NASDAQ%3ANAOV
https://finance.yahoo.com/quote/NAOV/
HTCR
https://cn.tradingview.com/chart/zbv9c92p/?symbol=NASDAQ%3AHTCR
https://finance.yahoo.com/quote/HTCR/
HCTI
https://cn.tradingview.com/chart/zbv9c92p/?symbol=NASDAQ%3AHCTI
https://finance.yahoo.com/quote/HCTI/
GTI
https://cn.tradingview.com/chart/zbv9c92p/?symbol=NASDAQ%3AGTI
https://finance.yahoo.com/quote/GTI/
PLRZ
https://cn.tradingview.com/chart/zbv9c92p/?symbol=NASDAQ%3APLRZ
https://finance.yahoo.com/quote/PLRZ/
ORIC
https://cn.tradingview.com/chart/zbv9c92p/?symbol=NASDAQ%3AORIC
https://finance.yahoo.com/quote/ORIC/
IMNN
https://cn.tradingview.com/chart/zbv9c92p/?symbol=NASDAQ%3AIMNN
https://finance.yahoo.com/quote/IMNN/
AI
https://cn.tradingview.com/chart/zbv9c92p/?symbol=NASDAQ%3AAI
https://finance.yahoo.com/quote/AI/
2025-05-29 18:44:48.084831
ZEO
https://cn.tradingview.com/chart/zbv9c92p/?symbol=NASDAQ%3AZEO
https://finance.yahoo.com/quote/ZEO/
TSHA
https://cn.tradingview.com/chart/zbv9c92p/?symbol=NASDAQ%3ATSHA
https://finance.yahoo.com/quote/TSHA/
2025-05-29 18:45:47.981317
2025-05-29 18:46:47.950972
2025-05-29 18:47:47.880604
2025-05-29 18:48:47.932583
2025-05-29 18:49:48.222523
CLGN
https://cn.tradingview.com/chart/zbv9c92p/?symbol=NASDAQ%3ACLGN
https://finance.yahoo.com/quote/CLGN/
2025-05-29 18:50:48.000659
2025-05-29 18:51:47.957681
2025-05-29 18:52:47.904295
2025-05-29 18:53:48.473493
2025-05-29 18:54:48.180871
2025-05-29 18:55:47.903322
2025-05-29 18:56:47.941411
2025-05-29 18:57:47.870548
2025-05-29 18:58:47.915403
2025-05-29 18:59:47.937040
2025-05-29 19:00:48.483586
2025-05-29 19:01:47.981473
2025-05-29 19:02:48.056279
2025-05-29 19:03:48.080939
2025-05-29 19:04:48.036982
2025-05-29 19:05:47.860877
2025-05-29 19:06:48.056922
2025-05-29 19:07:48.257140
2025-05-29 19:08:48.128691
2025-05-29 19:09:48.000243
2025-05-29 19:10:47.869453
2025-05-29 19:11:48.022205
2025-05-29 19:12:47.918738
2025-05-29 19:13:48.089888
2025-05-29 19:14:47.839475
2025-05-29 19:15:48.069602
2025-05-29 19:16:47.970373
2025-05-29 19:17:48.051820
GNLN
https://cn.tradingview.com/chart/zbv9c92p/?symbol=NASDAQ%3AGNLN
https://finance.yahoo.com/quote/GNLN/
2025-05-29 19:18:48.065549
2025-05-29 19:19:48.052149
2025-05-29 19:20:48.552932
2025-05-29 19:21:48.402458
2025-05-29 19:22:48.007509
2025-05-29 19:23:48.154903
2025-05-29 19:24:48.405506
2025-05-29 19:25:49.582628
2025-05-29 19:26:48.855434
2025-05-29 19:27:48.029398
2025-05-29 19:28:48.119370
调度器已关闭
调度器启动，按 Ctrl+C 退出...
2025-05-29 19:33:03.606845
ZEO
https://cn.tradingview.com/chart/zbv9c92p/?symbol=NASDAQ%3AZEO
https://finance.yahoo.com/quote/ZEO/
HCTI
https://cn.tradingview.com/chart/zbv9c92p/?symbol=NASDAQ%3AHCTI
https://finance.yahoo.com/quote/HCTI/
NAOV
https://cn.tradingview.com/chart/zbv9c92p/?symbol=NASDAQ%3ANAOV
https://finance.yahoo.com/quote/NAOV/
HTCR
https://cn.tradingview.com/chart/zbv9c92p/?symbol=NASDAQ%3AHTCR
https://finance.yahoo.com/quote/HTCR/
GNLN
https://cn.tradingview.com/chart/zbv9c92p/?symbol=NASDAQ%3AGNLN
https://finance.yahoo.com/quote/GNLN/
PLRZ
https://cn.tradingview.com/chart/zbv9c92p/?symbol=NASDAQ%3APLRZ
https://finance.yahoo.com/quote/PLRZ/
ORIC
https://cn.tradingview.com/chart/zbv9c92p/?symbol=NASDAQ%3AORIC
https://finance.yahoo.com/quote/ORIC/
GTI
https://cn.tradingview.com/chart/zbv9c92p/?symbol=NASDAQ%3AGTI
https://finance.yahoo.com/quote/GTI/
TSHA
https://cn.tradingview.com/chart/zbv9c92p/?symbol=NASDAQ%3ATSHA
https://finance.yahoo.com/quote/TSHA/
IMNN
https://cn.tradingview.com/chart/zbv9c92p/?symbol=NASDAQ%3AIMNN
https://finance.yahoo.com/quote/IMNN/
2025-05-29 19:34:03.426009
2025-05-29 19:35:03.734649
2025-05-29 19:36:03.570359
VCIG
https://cn.tradingview.com/chart/zbv9c92p/?symbol=NASDAQ%3AVCIG
https://finance.yahoo.com/quote/VCIG/
CAPT
https://cn.tradingview.com/chart/zbv9c92p/?symbol=NASDAQ%3ACAPT
https://finance.yahoo.com/quote/CAPT/
2025-05-29 19:37:03.436148
2025-05-29 19:38:03.629867
2025-05-29 19:39:03.338078
2025-05-29 19:40:03.711143
2025-05-29 19:41:03.416840
2025-05-29 19:42:03.358553
2025-05-29 19:43:03.414978
2025-05-29 19:44:03.795154
2025-05-29 19:45:03.593613
2025-05-29 19:46:03.852503
2025-05-29 19:47:03.452549
2025-05-29 19:48:03.421628
2025-05-29 19:49:04.001714
2025-05-29 19:50:03.356434
2025-05-29 19:51:03.307371
2025-05-29 19:52:03.393418
2025-05-29 19:53:03.697386
2025-05-29 19:54:03.637081
2025-05-29 19:55:03.725498
2025-05-29 19:56:03.507525
2025-05-29 19:57:03.290495
PASG
https://cn.tradingview.com/chart/zbv9c92p/?symbol=NASDAQ%3APASG
https://finance.yahoo.com/quote/PASG/
2025-05-29 19:58:03.630735
2025-05-29 19:59:03.584738
2025-05-29 20:00:03.778459
2025-05-29 20:01:03.312483
BOSC
https://cn.tradingview.com/chart/zbv9c92p/?symbol=NASDAQ%3ABOSC
https://finance.yahoo.com/quote/BOSC/
2025-05-29 20:02:03.268029
2025-05-29 20:03:04.398414
ALZN
https://cn.tradingview.com/chart/zbv9c92p/?symbol=NASDAQ%3AALZN
https://finance.yahoo.com/quote/ALZN/
VIVK
https://cn.tradingview.com/chart/zbv9c92p/?symbol=NASDAQ%3AVIVK
https://finance.yahoo.com/quote/VIVK/
2025-05-29 20:04:03.540312
2025-05-29 20:05:04.629926
2025-05-29 20:06:03.955526
2025-05-29 20:07:03.417895
HBIO
https://cn.tradingview.com/chart/zbv9c92p/?symbol=NASDAQ%3AHBIO
https://finance.yahoo.com/quote/HBIO/
2025-05-29 20:08:03.710645
2025-05-29 20:09:03.330785
2025-05-29 20:10:04.331208
2025-05-29 20:11:03.626560
LGMK
https://cn.tradingview.com/chart/zbv9c92p/?symbol=NASDAQ%3ALGMK
https://finance.yahoo.com/quote/LGMK/
2025-05-29 20:12:04.089804
2025-05-29 20:13:03.628164
2025-05-29 20:14:04.483626
2025-05-29 20:15:03.447484
2025-05-29 20:16:03.501595
2025-05-29 20:17:04.089060
2025-05-29 20:18:03.717352
2025-05-29 20:19:03.517561
2025-05-29 20:20:03.725624
2025-05-29 20:21:03.548536
SAGT
https://cn.tradingview.com/chart/zbv9c92p/?symbol=NASDAQ%3ASAGT
https://finance.yahoo.com/quote/SAGT/
2025-05-29 20:22:03.508072
2025-05-29 20:23:03.510164
2025-05-29 20:24:03.381091
2025-05-29 20:25:03.491553
2025-05-29 20:26:03.935218
2025-05-29 20:27:03.346336
2025-05-29 20:28:03.283232
2025-05-29 20:29:03.284345
2025-05-29 20:30:03.925307
2025-05-29 20:31:03.735122
2025-05-29 20:32:03.706262
2025-05-29 20:33:03.415838
STRM
https://cn.tradingview.com/chart/zbv9c92p/?symbol=NASDAQ%3ASTRM
https://finance.yahoo.com/quote/STRM/
2025-05-29 20:34:03.762742
2025-05-29 20:35:03.491833
MWG
https://cn.tradingview.com/chart/zbv9c92p/?symbol=NASDAQ%3AMWG
https://finance.yahoo.com/quote/MWG/
2025-05-29 20:36:03.491167
AI
https://cn.tradingview.com/chart/zbv9c92p/?symbol=NASDAQ%3AAI
https://finance.yahoo.com/quote/AI/
2025-05-29 20:37:03.586805
2025-05-29 20:38:03.441473
2025-05-29 20:39:03.890238
2025-05-29 20:40:03.543415
2025-05-29 20:41:04.138954
2025-05-29 20:42:03.318703
2025-05-29 20:43:03.236987
2025-05-29 20:44:03.793901
2025-05-29 20:45:03.588612
2025-05-29 20:46:03.696336
2025-05-29 20:47:03.703157
2025-05-29 20:48:03.287428
2025-05-29 20:49:03.481282
2025-05-29 20:50:03.615727
2025-05-29 20:51:03.421264
2025-05-29 20:52:04.200953
2025-05-29 20:53:03.947226
2025-05-29 20:54:03.724404
2025-05-29 20:55:03.356527
2025-05-29 20:56:03.539159
2025-05-29 20:57:04.367993
2025-05-29 20:58:03.745519
2025-05-29 20:59:03.521095
2025-05-29 21:00:04.053458
2025-05-29 21:01:03.401810
2025-05-29 21:02:03.625121
2025-05-29 21:03:03.606663
2025-05-29 21:04:04.004170
2025-05-29 21:05:03.879366
2025-05-29 21:06:03.780936
2025-05-29 21:07:04.003846
2025-05-29 21:08:03.682476
SLXN
https://cn.tradingview.com/chart/zbv9c92p/?symbol=NASDAQ%3ASLXN
https://finance.yahoo.com/quote/SLXN/
LZMH
https://cn.tradingview.com/chart/zbv9c92p/?symbol=NASDAQ%3ALZMH
https://finance.yahoo.com/quote/LZMH/
2025-05-29 21:09:03.813818
2025-05-29 21:10:03.676128
2025-05-29 21:11:03.415135
2025-05-29 21:12:04.182801
2025-05-29 21:13:04.255186
2025-05-29 21:14:03.705541
2025-05-29 21:15:03.674276
2025-05-29 21:16:03.574337
2025-05-29 21:17:03.415082
XELB
https://cn.tradingview.com/chart/zbv9c92p/?symbol=NASDAQ%3AXELB
https://finance.yahoo.com/quote/XELB/
IINN
https://cn.tradingview.com/chart/zbv9c92p/?symbol=NASDAQ%3AIINN
https://finance.yahoo.com/quote/IINN/
2025-05-29 21:18:03.397978
2025-05-29 21:19:03.650820
2025-05-29 21:20:03.415677
2025-05-29 21:21:03.483508
2025-05-29 21:22:03.474476
WETO
https://cn.tradingview.com/chart/zbv9c92p/?symbol=NASDAQ%3AWETO
https://finance.yahoo.com/quote/WETO/
2025-05-29 21:23:03.499606
2025-05-29 21:24:03.644445
2025-05-29 21:25:03.580922
2025-05-29 21:26:03.707681
2025-05-29 21:27:03.561545
2025-05-29 21:28:03.868542
2025-05-29 21:29:03.636454
2025-05-29 21:30:04.134664
SPRO
https://cn.tradingview.com/chart/zbv9c92p/?symbol=NASDAQ%3ASPRO
https://finance.yahoo.com/quote/SPRO/
SGN
https://cn.tradingview.com/chart/zbv9c92p/?symbol=NASDAQ%3ASGN
https://finance.yahoo.com/quote/SGN/
CLGN
https://cn.tradingview.com/chart/zbv9c92p/?symbol=NASDAQ%3ACLGN
https://finance.yahoo.com/quote/CLGN/
HOLO
https://cn.tradingview.com/chart/zbv9c92p/?symbol=NASDAQ%3AHOLO
https://finance.yahoo.com/quote/HOLO/
LVWR
https://cn.tradingview.com/chart/zbv9c92p/?symbol=NASDAQ%3ALVWR
https://finance.yahoo.com/quote/LVWR/
AGAE
https://cn.tradingview.com/chart/zbv9c92p/?symbol=NASDAQ%3AAGAE
https://finance.yahoo.com/quote/AGAE/
BROG
https://cn.tradingview.com/chart/zbv9c92p/?symbol=NASDAQ%3ABROG
https://finance.yahoo.com/quote/BROG/
MNRO
https://cn.tradingview.com/chart/zbv9c92p/?symbol=NASDAQ%3AMNRO
https://finance.yahoo.com/quote/MNRO/
JOBY
https://cn.tradingview.com/chart/zbv9c92p/?symbol=NASDAQ%3AJOBY
https://finance.yahoo.com/quote/JOBY/
LZM
https://cn.tradingview.com/chart/zbv9c92p/?symbol=NASDAQ%3ALZM
https://finance.yahoo.com/quote/LZM/
JZXN
https://cn.tradingview.com/chart/zbv9c92p/?symbol=NASDAQ%3AJZXN
https://finance.yahoo.com/quote/JZXN/
DDC
https://cn.tradingview.com/chart/zbv9c92p/?symbol=NASDAQ%3ADDC
https://finance.yahoo.com/quote/DDC/
ELTX
https://cn.tradingview.com/chart/zbv9c92p/?symbol=NASDAQ%3AELTX
https://finance.yahoo.com/quote/ELTX/
OPAL
https://cn.tradingview.com/chart/zbv9c92p/?symbol=NASDAQ%3AOPAL
https://finance.yahoo.com/quote/OPAL/
UHG
https://cn.tradingview.com/chart/zbv9c92p/?symbol=NASDAQ%3AUHG
https://finance.yahoo.com/quote/UHG/
CWD
https://cn.tradingview.com/chart/zbv9c92p/?symbol=NASDAQ%3ACWD
https://finance.yahoo.com/quote/CWD/
JFB
https://cn.tradingview.com/chart/zbv9c92p/?symbol=NASDAQ%3AJFB
https://finance.yahoo.com/quote/JFB/
ANVS
https://cn.tradingview.com/chart/zbv9c92p/?symbol=NASDAQ%3AANVS
https://finance.yahoo.com/quote/ANVS/
LITM
https://cn.tradingview.com/chart/zbv9c92p/?symbol=NASDAQ%3ALITM
https://finance.yahoo.com/quote/LITM/
EYPT
https://cn.tradingview.com/chart/zbv9c92p/?symbol=NASDAQ%3AEYPT
https://finance.yahoo.com/quote/EYPT/
ITOS
https://cn.tradingview.com/chart/zbv9c92p/?symbol=NASDAQ%3AITOS
https://finance.yahoo.com/quote/ITOS/
AGFY
https://cn.tradingview.com/chart/zbv9c92p/?symbol=NASDAQ%3AAGFY
https://finance.yahoo.com/quote/AGFY/
PULM
https://cn.tradingview.com/chart/zbv9c92p/?symbol=NASDAQ%3APULM
https://finance.yahoo.com/quote/PULM/
BOXL
https://cn.tradingview.com/chart/zbv9c92p/?symbol=NASDAQ%3ABOXL
https://finance.yahoo.com/quote/BOXL/
BOX
https://cn.tradingview.com/chart/zbv9c92p/?symbol=NASDAQ%3ABOX
https://finance.yahoo.com/quote/BOX/
PHIO
https://cn.tradingview.com/chart/zbv9c92p/?symbol=NASDAQ%3APHIO
https://finance.yahoo.com/quote/PHIO/
IKT
https://cn.tradingview.com/chart/zbv9c92p/?symbol=NASDAQ%3AIKT
https://finance.yahoo.com/quote/IKT/
RAY
https://cn.tradingview.com/chart/zbv9c92p/?symbol=NASDAQ%3ARAY
https://finance.yahoo.com/quote/RAY/
2025-05-29 21:31:03.785085
2025-05-29 21:32:03.458431
2025-05-29 21:33:03.954465
TIL
https://cn.tradingview.com/chart/zbv9c92p/?symbol=NASDAQ%3ATIL
https://finance.yahoo.com/quote/TIL/
2025-05-29 21:34:03.612282
CTEV
https://cn.tradingview.com/chart/zbv9c92p/?symbol=NASDAQ%3ACTEV
https://finance.yahoo.com/quote/CTEV/
MDCX
https://cn.tradingview.com/chart/zbv9c92p/?symbol=NASDAQ%3AMDCX
https://finance.yahoo.com/quote/MDCX/
KSS
https://cn.tradingview.com/chart/zbv9c92p/?symbol=NASDAQ%3AKSS
https://finance.yahoo.com/quote/KSS/
2025-05-29 21:35:03.629799
2025-05-29 21:36:03.455470
SSII
https://cn.tradingview.com/chart/zbv9c92p/?symbol=NASDAQ%3ASSII
https://finance.yahoo.com/quote/SSII/
2025-05-29 21:37:03.576088
2025-05-29 21:38:03.517335
2025-05-29 21:39:03.458111
EXPI
https://cn.tradingview.com/chart/zbv9c92p/?symbol=NASDAQ%3AEXPI
https://finance.yahoo.com/quote/EXPI/
2025-05-29 21:40:03.828922
2025-05-29 21:41:03.380811
2025-05-29 21:42:04.082850
调度器已关闭
